---------------------------------------------------------------
[ 2019-03-15T14:27:19+08:00 ] 127.0.0.1 GET www.moduleshop.top/admin.php/mainAdmin/passport/login
[运行时间：0.316018s] [吞吐率：3.16req/s] [内存消耗：1,451.61kb] [文件加载：65]
[ info ] [ LANG ] D:\phpStudy\WWW\mainshop\thinkphp\lang\zh-cn.php
[ info ] [ ROUTE ] array (
)
[ info ] [ HEADER ] array (
  'accept-language' => 'zh-CN,zh;q=0.9,en;q=0.8,und;q=0.7',
  'accept-encoding' => 'gzip, deflate',
  'accept' => 'text/html,application/xhtml+xml,application/xml;q=0.9,image/webp,image/apng,*/*;q=0.8',
  'user-agent' => 'Mozilla/5.0 (Windows NT 6.1; Win64; x64) AppleWebKit/537.36 (KHTML, like Gecko) Chrome/67.0.3396.99 Safari/537.36',
  'upgrade-insecure-requests' => '1',
  'connection' => 'close',
  'host' => 'www.moduleshop.top',
)
[ info ] [ PARAM ] array (
)
[ info ] [ VIEW ] D:\phpStudy\WWW\mainshop\application\mainadmin\view\passport\login.html [ array (
) ]
---------------------------------------------------------------
[ 2019-03-15T14:27:24+08:00 ] 127.0.0.1 POST www.moduleshop.top/admin.php/mainAdmin/passport/login
[运行时间：0.581033s] [吞吐率：1.72req/s] [内存消耗：2,562.70kb] [文件加载：86]
[ info ] [ LANG ] D:\phpStudy\WWW\mainshop\thinkphp\lang\zh-cn.php
[ info ] [ ROUTE ] array (
)
[ info ] [ HEADER ] array (
  'accept-language' => 'zh-CN,zh;q=0.9,en;q=0.8,und;q=0.7',
  'accept-encoding' => 'gzip, deflate',
  'referer' => 'http://www.moduleshop.top/admin.php/mainAdmin/passport/login',
  'content-type' => 'application/x-www-form-urlencoded; charset=UTF-8',
  'user-agent' => 'Mozilla/5.0 (Windows NT 6.1; Win64; x64) AppleWebKit/537.36 (KHTML, like Gecko) Chrome/67.0.3396.99 Safari/537.36',
  'x-requested-with' => 'XMLHttpRequest',
  'origin' => 'http://www.moduleshop.top',
  'accept' => 'application/json, text/javascript, */*; q=0.01',
  'content-length' => '50',
  'connection' => 'close',
  'host' => 'www.moduleshop.top',
)
[ info ] [ PARAM ] array (
  'User' => 
  array (
    'user_name' => 'test',
    'password' => 'abc123',
  ),
)
[ info ] [ DB ] INIT mysql
[ sql ] [ DB ] CONNECT:[ UseTime:0.000000s ] mysql:host=127.0.0.1;dbname=main_obj_db;charset=utf8
[ sql ] [ SQL ] SHOW COLUMNS FROM `main_admin_user` [ RunTime:0.011001s ]
[ sql ] [ SQL ] SELECT * FROM `main_admin_user` WHERE  `user_name` = 'test'  AND `password` = '42bc491a8917d524b86f3c4dae21308a' LIMIT 1 [ RunTime:0.044003s ]
[ sql ] [ SQL ] UPDATE `main_admin_user`  SET `login_time` = 1552631243 , `login_ip` = '127.0.0.1' , `last_login_time` = 1552545343 , `last_login_ip` = '127.0.0.1'  WHERE  `user_id` = 10002 [ RunTime:0.001000s ]
[ sql ] [ SQL ] SHOW COLUMNS FROM `main_log_login` [ RunTime:0.064003s ]
[ sql ] [ SQL ] INSERT INTO `main_log_login` (`log_ip` , `log_time` , `user_id`) VALUES ('127.0.0.1' , 1552631243 , 10002) [ RunTime:0.013001s ]
[ sql ] [ SQL ] SHOW COLUMNS FROM `main_admin_role` [ RunTime:0.053003s ]
[ sql ] [ SQL ] SELECT * FROM `main_admin_role` WHERE  `role_id` = 1 LIMIT 1 [ RunTime:0.001000s ]
---------------------------------------------------------------
[ 2019-03-15T14:27:26+08:00 ] 127.0.0.1 GET www.moduleshop.top/admin.php/mainadmin/index/index.html
[运行时间：0.218012s] [吞吐率：4.59req/s] [内存消耗：2,688.03kb] [文件加载：92]
[ info ] [ LANG ] D:\phpStudy\WWW\mainshop\thinkphp\lang\zh-cn.php
[ info ] [ ROUTE ] array (
)
[ info ] [ HEADER ] array (
  'cookie' => 'PHPSESSID=qie9g1balqarmrg2haeijs0pk3',
  'accept-language' => 'zh-CN,zh;q=0.9,en;q=0.8,und;q=0.7',
  'accept-encoding' => 'gzip, deflate',
  'referer' => 'http://www.moduleshop.top/admin.php/mainAdmin/passport/login',
  'accept' => 'text/html,application/xhtml+xml,application/xml;q=0.9,image/webp,image/apng,*/*;q=0.8',
  'user-agent' => 'Mozilla/5.0 (Windows NT 6.1; Win64; x64) AppleWebKit/537.36 (KHTML, like Gecko) Chrome/67.0.3396.99 Safari/537.36',
  'upgrade-insecure-requests' => '1',
  'connection' => 'close',
  'host' => 'www.moduleshop.top',
)
[ info ] [ PARAM ] array (
)
[ info ] [ DB ] INIT mysql
[ sql ] [ DB ] CONNECT:[ UseTime:0.001000s ] mysql:host=127.0.0.1;dbname=main_obj_db;charset=utf8
[ sql ] [ SQL ] SHOW COLUMNS FROM `main_menu_list` [ RunTime:0.018001s ]
[ sql ] [ SQL ] SELECT * FROM `main_menu_list` WHERE  `parent` = '0'  AND `status` = 1 ORDER BY `sort_order` ASC [ RunTime:0.000000s ]
[ sql ] [ SQL ] SELECT * FROM `main_menu_list` WHERE  `parent` = 'mainadmin'  AND `group` = 'mainadmin'  AND `status` = 1 ORDER BY `sort_order` ASC [ RunTime:0.001000s ]
[ sql ] [ SQL ] SELECT * FROM `main_menu_list` WHERE  `parent` = 'adminUser'  AND `group` = 'mainadmin'  AND `status` = 1 ORDER BY `sort_order` ASC [ RunTime:0.001000s ]
[ sql ] [ SQL ] SELECT * FROM `main_menu_list` WHERE  `parent` = 'setting'  AND `group` = 'mainadmin'  AND `status` = 1 ORDER BY `sort_order` ASC [ RunTime:0.000000s ]
[ sql ] [ SQL ] SELECT * FROM `main_menu_list` WHERE  `parent` = 'smsManage'  AND `group` = 'mainadmin'  AND `status` = 1 ORDER BY `sort_order` ASC [ RunTime:0.000000s ]
[ sql ] [ SQL ] SELECT * FROM `main_menu_list` WHERE  `parent` = 'payment'  AND `group` = 'mainadmin'  AND `status` = 1 ORDER BY `sort_order` ASC [ RunTime:0.001000s ]
[ sql ] [ SQL ] SELECT * FROM `main_menu_list` WHERE  `parent` = 'sysLog'  AND `group` = 'mainadmin'  AND `status` = 1 ORDER BY `sort_order` ASC [ RunTime:0.000000s ]
[ sql ] [ SQL ] SELECT * FROM `main_menu_list` WHERE  `parent` = 'article'  AND `group` = 'mainadmin'  AND `status` = 1 ORDER BY `sort_order` ASC [ RunTime:0.000000s ]
[ sql ] [ SQL ] SELECT * FROM `main_menu_list` WHERE  `parent` = 'backupDb'  AND `group` = 'mainadmin'  AND `status` = 1 ORDER BY `sort_order` ASC [ RunTime:0.001000s ]
[ sql ] [ SQL ] SELECT * FROM `main_menu_list` WHERE  `parent` = 'weixin'  AND `group` = 'weixin'  AND `status` = 1 ORDER BY `sort_order` ASC [ RunTime:0.000000s ]
[ sql ] [ SQL ] SELECT * FROM `main_menu_list` WHERE  `parent` = 'weixinMaterial'  AND `group` = 'weixin'  AND `status` = 1 ORDER BY `sort_order` ASC [ RunTime:0.001000s ]
[ sql ] [ SQL ] SELECT * FROM `main_menu_list` WHERE  `parent` = 'shop'  AND `group` = 'shop'  AND `status` = 1 ORDER BY `sort_order` ASC [ RunTime:0.001000s ]
[ sql ] [ SQL ] SELECT * FROM `main_menu_list` WHERE  `parent` = 'shopOrder'  AND `group` = 'shop'  AND `status` = 1 ORDER BY `sort_order` ASC [ RunTime:0.000000s ]
[ sql ] [ SQL ] SELECT * FROM `main_menu_list` WHERE  `parent` = 'shopGoods'  AND `group` = 'shop'  AND `status` = 1 ORDER BY `sort_order` ASC [ RunTime:0.000000s ]
[ sql ] [ SQL ] SELECT * FROM `main_menu_list` WHERE  `parent` = 'shopPromotion'  AND `group` = 'shop'  AND `status` = 1 ORDER BY `sort_order` ASC [ RunTime:0.000000s ]
[ sql ] [ SQL ] SELECT * FROM `main_menu_list` WHERE  `parent` = 'groupBuy'  AND `group` = 'shop'  AND `status` = 1 ORDER BY `sort_order` ASC [ RunTime:0.001000s ]
[ sql ] [ SQL ] SELECT * FROM `main_menu_list` WHERE  `parent` = 'spike'  AND `group` = 'shop'  AND `status` = 1 ORDER BY `sort_order` ASC [ RunTime:0.000000s ]
[ sql ] [ SQL ] SELECT * FROM `main_menu_list` WHERE  `parent` = 'integral'  AND `group` = 'shop'  AND `status` = 1 ORDER BY `sort_order` ASC [ RunTime:0.001001s ]
[ sql ] [ SQL ] SELECT * FROM `main_menu_list` WHERE  `parent` = 'defIndex'  AND `group` = 'shop'  AND `status` = 1 ORDER BY `sort_order` ASC [ RunTime:0.001000s ]
[ sql ] [ SQL ] SELECT * FROM `main_menu_list` WHERE  `parent` = 'shopComment'  AND `group` = 'shop'  AND `status` = 1 ORDER BY `sort_order` ASC [ RunTime:0.000000s ]
[ sql ] [ SQL ] SELECT * FROM `main_menu_list` WHERE  `parent` = 'distribution'  AND `group` = 'distribution'  AND `status` = 1 ORDER BY `sort_order` ASC [ RunTime:0.000000s ]
[ sql ] [ SQL ] SELECT * FROM `main_menu_list` WHERE  `parent` = 'member'  AND `group` = 'member'  AND `status` = 1 ORDER BY `sort_order` ASC [ RunTime:0.001000s ]
[ sql ] [ SQL ] SELECT * FROM `main_menu_list` WHERE  `parent` = 'memberLog'  AND `group` = 'member'  AND `status` = 1 ORDER BY `sort_order` ASC [ RunTime:0.001000s ]
[ sql ] [ SQL ] SHOW COLUMNS FROM `main_settings` [ RunTime:0.020001s ]
[ sql ] [ SQL ] SELECT * FROM `main_settings` [ RunTime:0.012001s ]
[ sql ] [ SQL ] SHOW COLUMNS FROM `shop_order_info` [ RunTime:0.010000s ]
[ sql ] [ SQL ] SELECT `order_id` FROM `shop_order_info` WHERE  `shipping_status` = 1  AND `shipping_time` < 1552026445 [ RunTime:0.015001s ]
[ error ] [10501]SQLSTATE[42S02]: Base table or view not found: 1146 Table 'main_obj_db.distribution_eval_arrival_log' doesn't exist[D:\phpStudy\WWW\mainshop\thinkphp\library\think\db\Connection.php:699]
---------------------------------------------------------------
[ 2019-03-15T14:27:29+08:00 ] 127.0.0.1 GET www.moduleshop.top/admin.php/mainadmin/index/index.html
[运行时间：0.084004s] [吞吐率：11.90req/s] [内存消耗：2,620.16kb] [文件加载：89]
[ info ] [ LANG ] D:\phpStudy\WWW\mainshop\thinkphp\lang\zh-cn.php
[ info ] [ ROUTE ] array (
)
[ info ] [ HEADER ] array (
  'cookie' => 'PHPSESSID=qie9g1balqarmrg2haeijs0pk3',
  'accept-language' => 'zh-CN,zh;q=0.9,en;q=0.8,und;q=0.7',
  'accept-encoding' => 'gzip, deflate',
  'referer' => 'http://www.moduleshop.top/admin.php/mainAdmin/passport/login',
  'accept' => 'text/html,application/xhtml+xml,application/xml;q=0.9,image/webp,image/apng,*/*;q=0.8',
  'user-agent' => 'Mozilla/5.0 (Windows NT 6.1; Win64; x64) AppleWebKit/537.36 (KHTML, like Gecko) Chrome/67.0.3396.99 Safari/537.36',
  'upgrade-insecure-requests' => '1',
  'cache-control' => 'max-age=0',
  'connection' => 'close',
  'host' => 'www.moduleshop.top',
)
[ info ] [ PARAM ] array (
)
[ info ] [ DB ] INIT mysql
[ sql ] [ DB ] CONNECT:[ UseTime:0.001000s ] mysql:host=127.0.0.1;dbname=main_obj_db;charset=utf8
[ sql ] [ SQL ] SHOW COLUMNS FROM `shop_order_info` [ RunTime:0.012000s ]
[ sql ] [ SQL ] SELECT `order_id` FROM `shop_order_info` WHERE  `shipping_status` = 1  AND `shipping_time` < 1552026449 [ RunTime:0.001000s ]
[ error ] [10501]SQLSTATE[42S02]: Base table or view not found: 1146 Table 'main_obj_db.distribution_eval_arrival_log' doesn't exist[D:\phpStudy\WWW\mainshop\thinkphp\library\think\db\Connection.php:699]
---------------------------------------------------------------
[ 2019-03-15T14:27:30+08:00 ] 127.0.0.1 GET www.moduleshop.top/admin.php/mainadmin/index/index.html
[运行时间：0.091005s] [吞吐率：10.99req/s] [内存消耗：2,620.16kb] [文件加载：89]
[ info ] [ LANG ] D:\phpStudy\WWW\mainshop\thinkphp\lang\zh-cn.php
[ info ] [ ROUTE ] array (
)
[ info ] [ HEADER ] array (
  'cookie' => 'PHPSESSID=qie9g1balqarmrg2haeijs0pk3',
  'accept-language' => 'zh-CN,zh;q=0.9,en;q=0.8,und;q=0.7',
  'accept-encoding' => 'gzip, deflate',
  'referer' => 'http://www.moduleshop.top/admin.php/mainAdmin/passport/login',
  'accept' => 'text/html,application/xhtml+xml,application/xml;q=0.9,image/webp,image/apng,*/*;q=0.8',
  'user-agent' => 'Mozilla/5.0 (Windows NT 6.1; Win64; x64) AppleWebKit/537.36 (KHTML, like Gecko) Chrome/67.0.3396.99 Safari/537.36',
  'upgrade-insecure-requests' => '1',
  'cache-control' => 'max-age=0',
  'connection' => 'close',
  'host' => 'www.moduleshop.top',
)
[ info ] [ PARAM ] array (
)
[ info ] [ DB ] INIT mysql
[ sql ] [ DB ] CONNECT:[ UseTime:0.010001s ] mysql:host=127.0.0.1;dbname=main_obj_db;charset=utf8
[ sql ] [ SQL ] SHOW COLUMNS FROM `shop_order_info` [ RunTime:0.010000s ]
[ sql ] [ SQL ] SELECT `order_id` FROM `shop_order_info` WHERE  `shipping_status` = 1  AND `shipping_time` < 1552026450 [ RunTime:0.001000s ]
[ error ] [10501]SQLSTATE[42S02]: Base table or view not found: 1146 Table 'main_obj_db.distribution_eval_arrival_log' doesn't exist[D:\phpStudy\WWW\mainshop\thinkphp\library\think\db\Connection.php:699]
---------------------------------------------------------------
[ 2019-03-15T14:28:40+08:00 ] 127.0.0.1 GET www.moduleshop.top/admin.php/mainadmin/index/index.html
[运行时间：0.125007s] [吞吐率：8.00req/s] [内存消耗：2,686.40kb] [文件加载：92]
[ info ] [ LANG ] D:\phpStudy\WWW\mainshop\thinkphp\lang\zh-cn.php
[ info ] [ ROUTE ] array (
)
[ info ] [ HEADER ] array (
  'cookie' => 'PHPSESSID=qie9g1balqarmrg2haeijs0pk3',
  'accept-language' => 'zh-CN,zh;q=0.9,en;q=0.8,und;q=0.7',
  'accept-encoding' => 'gzip, deflate',
  'referer' => 'http://www.moduleshop.top/admin.php/mainAdmin/passport/login',
  'accept' => 'text/html,application/xhtml+xml,application/xml;q=0.9,image/webp,image/apng,*/*;q=0.8',
  'user-agent' => 'Mozilla/5.0 (Windows NT 6.1; Win64; x64) AppleWebKit/537.36 (KHTML, like Gecko) Chrome/67.0.3396.99 Safari/537.36',
  'upgrade-insecure-requests' => '1',
  'cache-control' => 'max-age=0',
  'connection' => 'close',
  'host' => 'www.moduleshop.top',
)
[ info ] [ PARAM ] array (
)
[ info ] [ DB ] INIT mysql
[ sql ] [ DB ] CONNECT:[ UseTime:0.001000s ] mysql:host=127.0.0.1;dbname=main_obj_db;charset=utf8
[ sql ] [ SQL ] SHOW COLUMNS FROM `main_menu_list` [ RunTime:0.011001s ]
[ sql ] [ SQL ] SELECT * FROM `main_menu_list` WHERE  `parent` = '0'  AND `status` = 1 ORDER BY `sort_order` ASC [ RunTime:0.001000s ]
[ sql ] [ SQL ] SELECT * FROM `main_menu_list` WHERE  `parent` = 'mainadmin'  AND `group` = 'mainadmin'  AND `status` = 1 ORDER BY `sort_order` ASC [ RunTime:0.001000s ]
[ sql ] [ SQL ] SELECT * FROM `main_menu_list` WHERE  `parent` = 'adminUser'  AND `group` = 'mainadmin'  AND `status` = 1 ORDER BY `sort_order` ASC [ RunTime:0.001000s ]
[ sql ] [ SQL ] SELECT * FROM `main_menu_list` WHERE  `parent` = 'setting'  AND `group` = 'mainadmin'  AND `status` = 1 ORDER BY `sort_order` ASC [ RunTime:0.000000s ]
[ sql ] [ SQL ] SELECT * FROM `main_menu_list` WHERE  `parent` = 'smsManage'  AND `group` = 'mainadmin'  AND `status` = 1 ORDER BY `sort_order` ASC [ RunTime:0.001000s ]
[ sql ] [ SQL ] SELECT * FROM `main_menu_list` WHERE  `parent` = 'payment'  AND `group` = 'mainadmin'  AND `status` = 1 ORDER BY `sort_order` ASC [ RunTime:0.001000s ]
[ sql ] [ SQL ] SELECT * FROM `main_menu_list` WHERE  `parent` = 'sysLog'  AND `group` = 'mainadmin'  AND `status` = 1 ORDER BY `sort_order` ASC [ RunTime:0.000000s ]
[ sql ] [ SQL ] SELECT * FROM `main_menu_list` WHERE  `parent` = 'article'  AND `group` = 'mainadmin'  AND `status` = 1 ORDER BY `sort_order` ASC [ RunTime:0.001000s ]
[ sql ] [ SQL ] SELECT * FROM `main_menu_list` WHERE  `parent` = 'backupDb'  AND `group` = 'mainadmin'  AND `status` = 1 ORDER BY `sort_order` ASC [ RunTime:0.001000s ]
[ sql ] [ SQL ] SELECT * FROM `main_menu_list` WHERE  `parent` = 'weixin'  AND `group` = 'weixin'  AND `status` = 1 ORDER BY `sort_order` ASC [ RunTime:0.000000s ]
[ sql ] [ SQL ] SELECT * FROM `main_menu_list` WHERE  `parent` = 'weixinMaterial'  AND `group` = 'weixin'  AND `status` = 1 ORDER BY `sort_order` ASC [ RunTime:0.000000s ]
[ sql ] [ SQL ] SELECT * FROM `main_menu_list` WHERE  `parent` = 'shop'  AND `group` = 'shop'  AND `status` = 1 ORDER BY `sort_order` ASC [ RunTime:0.001000s ]
[ sql ] [ SQL ] SELECT * FROM `main_menu_list` WHERE  `parent` = 'shopOrder'  AND `group` = 'shop'  AND `status` = 1 ORDER BY `sort_order` ASC [ RunTime:0.001000s ]
[ sql ] [ SQL ] SELECT * FROM `main_menu_list` WHERE  `parent` = 'shopGoods'  AND `group` = 'shop'  AND `status` = 1 ORDER BY `sort_order` ASC [ RunTime:0.001000s ]
[ sql ] [ SQL ] SELECT * FROM `main_menu_list` WHERE  `parent` = 'shopPromotion'  AND `group` = 'shop'  AND `status` = 1 ORDER BY `sort_order` ASC [ RunTime:0.001000s ]
[ sql ] [ SQL ] SELECT * FROM `main_menu_list` WHERE  `parent` = 'groupBuy'  AND `group` = 'shop'  AND `status` = 1 ORDER BY `sort_order` ASC [ RunTime:0.001000s ]
[ sql ] [ SQL ] SELECT * FROM `main_menu_list` WHERE  `parent` = 'spike'  AND `group` = 'shop'  AND `status` = 1 ORDER BY `sort_order` ASC [ RunTime:0.001000s ]
[ sql ] [ SQL ] SELECT * FROM `main_menu_list` WHERE  `parent` = 'integral'  AND `group` = 'shop'  AND `status` = 1 ORDER BY `sort_order` ASC [ RunTime:0.000000s ]
[ sql ] [ SQL ] SELECT * FROM `main_menu_list` WHERE  `parent` = 'defIndex'  AND `group` = 'shop'  AND `status` = 1 ORDER BY `sort_order` ASC [ RunTime:0.000000s ]
[ sql ] [ SQL ] SELECT * FROM `main_menu_list` WHERE  `parent` = 'shopComment'  AND `group` = 'shop'  AND `status` = 1 ORDER BY `sort_order` ASC [ RunTime:0.001000s ]
[ sql ] [ SQL ] SELECT * FROM `main_menu_list` WHERE  `parent` = 'distribution'  AND `group` = 'distribution'  AND `status` = 1 ORDER BY `sort_order` ASC [ RunTime:0.001000s ]
[ sql ] [ SQL ] SELECT * FROM `main_menu_list` WHERE  `parent` = 'member'  AND `group` = 'member'  AND `status` = 1 ORDER BY `sort_order` ASC [ RunTime:0.000000s ]
[ sql ] [ SQL ] SELECT * FROM `main_menu_list` WHERE  `parent` = 'memberLog'  AND `group` = 'member'  AND `status` = 1 ORDER BY `sort_order` ASC [ RunTime:0.000000s ]
[ sql ] [ SQL ] SHOW COLUMNS FROM `shop_order_info` [ RunTime:0.010001s ]
[ sql ] [ SQL ] SELECT `order_id` FROM `shop_order_info` WHERE  `shipping_status` = 1  AND `shipping_time` < 1552026520 [ RunTime:0.000000s ]
[ error ] [10501]SQLSTATE[42S02]: Base table or view not found: 1146 Table 'main_obj_db.distribution_eval_arrival_log' doesn't exist[D:\phpStudy\WWW\mainshop\thinkphp\library\think\db\Connection.php:699]
---------------------------------------------------------------
[ 2019-03-15T14:28:41+08:00 ] 127.0.0.1 GET www.moduleshop.top/admin.php/mainadmin/index/index.html
[运行时间：0.088005s] [吞吐率：11.36req/s] [内存消耗：2,620.16kb] [文件加载：89]
[ info ] [ LANG ] D:\phpStudy\WWW\mainshop\thinkphp\lang\zh-cn.php
[ info ] [ ROUTE ] array (
)
[ info ] [ HEADER ] array (
  'cookie' => 'PHPSESSID=qie9g1balqarmrg2haeijs0pk3',
  'accept-language' => 'zh-CN,zh;q=0.9,en;q=0.8,und;q=0.7',
  'accept-encoding' => 'gzip, deflate',
  'referer' => 'http://www.moduleshop.top/admin.php/mainAdmin/passport/login',
  'accept' => 'text/html,application/xhtml+xml,application/xml;q=0.9,image/webp,image/apng,*/*;q=0.8',
  'user-agent' => 'Mozilla/5.0 (Windows NT 6.1; Win64; x64) AppleWebKit/537.36 (KHTML, like Gecko) Chrome/67.0.3396.99 Safari/537.36',
  'upgrade-insecure-requests' => '1',
  'cache-control' => 'max-age=0',
  'connection' => 'close',
  'host' => 'www.moduleshop.top',
)
[ info ] [ PARAM ] array (
)
[ info ] [ DB ] INIT mysql
[ sql ] [ DB ] CONNECT:[ UseTime:0.001000s ] mysql:host=127.0.0.1;dbname=main_obj_db;charset=utf8
[ sql ] [ SQL ] SHOW COLUMNS FROM `shop_order_info` [ RunTime:0.014001s ]
[ sql ] [ SQL ] SELECT `order_id` FROM `shop_order_info` WHERE  `shipping_status` = 1  AND `shipping_time` < 1552026521 [ RunTime:0.000000s ]
[ error ] [10501]SQLSTATE[42S02]: Base table or view not found: 1146 Table 'main_obj_db.distribution_eval_arrival_log' doesn't exist[D:\phpStudy\WWW\mainshop\thinkphp\library\think\db\Connection.php:699]
---------------------------------------------------------------
[ 2019-03-15T14:30:41+08:00 ] 127.0.0.1 GET www.moduleshop.top/admin.php/mainAdmin/passport/login
[运行时间：0.061003s] [吞吐率：16.39req/s] [内存消耗：1,452.07kb] [文件加载：65]
[ info ] [ LANG ] D:\phpStudy\WWW\mainshop\thinkphp\lang\zh-cn.php
[ info ] [ ROUTE ] array (
)
[ info ] [ HEADER ] array (
  'cookie' => 'PHPSESSID=qie9g1balqarmrg2haeijs0pk3',
  'accept-language' => 'zh-CN,zh;q=0.9,en;q=0.8,und;q=0.7',
  'accept-encoding' => 'gzip, deflate',
  'accept' => 'text/html,application/xhtml+xml,application/xml;q=0.9,image/webp,image/apng,*/*;q=0.8',
  'user-agent' => 'Mozilla/5.0 (Windows NT 6.1; Win64; x64) AppleWebKit/537.36 (KHTML, like Gecko) Chrome/67.0.3396.99 Safari/537.36',
  'upgrade-insecure-requests' => '1',
  'connection' => 'close',
  'host' => 'www.moduleshop.top',
)
[ info ] [ PARAM ] array (
)
[ info ] [ VIEW ] D:\phpStudy\WWW\mainshop\application\mainadmin\view\passport\login.html [ array (
) ]
---------------------------------------------------------------
[ 2019-03-15T14:30:42+08:00 ] 127.0.0.1 GET www.moduleshop.top/admin.php/mainAdmin/passport/login
[运行时间：0.034002s] [吞吐率：29.41req/s] [内存消耗：1,452.35kb] [文件加载：65]
[ info ] [ LANG ] D:\phpStudy\WWW\mainshop\thinkphp\lang\zh-cn.php
[ info ] [ ROUTE ] array (
)
[ info ] [ HEADER ] array (
  'cookie' => 'PHPSESSID=qie9g1balqarmrg2haeijs0pk3',
  'accept-language' => 'zh-CN,zh;q=0.9,en;q=0.8,und;q=0.7',
  'accept-encoding' => 'gzip, deflate',
  'accept' => 'text/html,application/xhtml+xml,application/xml;q=0.9,image/webp,image/apng,*/*;q=0.8',
  'user-agent' => 'Mozilla/5.0 (Windows NT 6.1; Win64; x64) AppleWebKit/537.36 (KHTML, like Gecko) Chrome/67.0.3396.99 Safari/537.36',
  'upgrade-insecure-requests' => '1',
  'cache-control' => 'max-age=0',
  'connection' => 'close',
  'host' => 'www.moduleshop.top',
)
[ info ] [ PARAM ] array (
)
[ info ] [ VIEW ] D:\phpStudy\WWW\mainshop\application\mainadmin\view\passport\login.html [ array (
) ]
---------------------------------------------------------------
[ 2019-03-15T14:30:43+08:00 ] 127.0.0.1 GET www.moduleshop.top/admin.php/mainAdmin/passport/login
[运行时间：0.042003s] [吞吐率：23.81req/s] [内存消耗：1,452.35kb] [文件加载：65]
[ info ] [ LANG ] D:\phpStudy\WWW\mainshop\thinkphp\lang\zh-cn.php
[ info ] [ ROUTE ] array (
)
[ info ] [ HEADER ] array (
  'cookie' => 'PHPSESSID=qie9g1balqarmrg2haeijs0pk3',
  'accept-language' => 'zh-CN,zh;q=0.9,en;q=0.8,und;q=0.7',
  'accept-encoding' => 'gzip, deflate',
  'accept' => 'text/html,application/xhtml+xml,application/xml;q=0.9,image/webp,image/apng,*/*;q=0.8',
  'user-agent' => 'Mozilla/5.0 (Windows NT 6.1; Win64; x64) AppleWebKit/537.36 (KHTML, like Gecko) Chrome/67.0.3396.99 Safari/537.36',
  'upgrade-insecure-requests' => '1',
  'cache-control' => 'max-age=0',
  'connection' => 'close',
  'host' => 'www.moduleshop.top',
)
[ info ] [ PARAM ] array (
)
[ info ] [ VIEW ] D:\phpStudy\WWW\mainshop\application\mainadmin\view\passport\login.html [ array (
) ]
---------------------------------------------------------------
[ 2019-03-15T14:30:45+08:00 ] 127.0.0.1 GET www.moduleshop.top/admin.php/mainadmin/index/index.html
[运行时间：0.132008s] [吞吐率：7.58req/s] [内存消耗：2,686.09kb] [文件加载：92]
[ info ] [ LANG ] D:\phpStudy\WWW\mainshop\thinkphp\lang\zh-cn.php
[ info ] [ ROUTE ] array (
)
[ info ] [ HEADER ] array (
  'cookie' => 'PHPSESSID=qie9g1balqarmrg2haeijs0pk3',
  'accept-language' => 'zh-CN,zh;q=0.9,en;q=0.8,und;q=0.7',
  'accept-encoding' => 'gzip, deflate',
  'referer' => 'http://www.moduleshop.top/admin.php/mainAdmin/passport/login',
  'accept' => 'text/html,application/xhtml+xml,application/xml;q=0.9,image/webp,image/apng,*/*;q=0.8',
  'user-agent' => 'Mozilla/5.0 (Windows NT 6.1; Win64; x64) AppleWebKit/537.36 (KHTML, like Gecko) Chrome/67.0.3396.99 Safari/537.36',
  'upgrade-insecure-requests' => '1',
  'connection' => 'close',
  'host' => 'www.moduleshop.top',
)
[ info ] [ PARAM ] array (
)
[ info ] [ DB ] INIT mysql
[ sql ] [ DB ] CONNECT:[ UseTime:0.010001s ] mysql:host=127.0.0.1;dbname=main_obj_db;charset=utf8
[ sql ] [ SQL ] SHOW COLUMNS FROM `main_menu_list` [ RunTime:0.014000s ]
[ sql ] [ SQL ] SELECT * FROM `main_menu_list` WHERE  `parent` = '0'  AND `status` = 1 ORDER BY `sort_order` ASC [ RunTime:0.001001s ]
[ sql ] [ SQL ] SELECT * FROM `main_menu_list` WHERE  `parent` = 'mainadmin'  AND `group` = 'mainadmin'  AND `status` = 1 ORDER BY `sort_order` ASC [ RunTime:0.001000s ]
[ sql ] [ SQL ] SELECT * FROM `main_menu_list` WHERE  `parent` = 'adminUser'  AND `group` = 'mainadmin'  AND `status` = 1 ORDER BY `sort_order` ASC [ RunTime:0.001000s ]
[ sql ] [ SQL ] SELECT * FROM `main_menu_list` WHERE  `parent` = 'setting'  AND `group` = 'mainadmin'  AND `status` = 1 ORDER BY `sort_order` ASC [ RunTime:0.000000s ]
[ sql ] [ SQL ] SELECT * FROM `main_menu_list` WHERE  `parent` = 'smsManage'  AND `group` = 'mainadmin'  AND `status` = 1 ORDER BY `sort_order` ASC [ RunTime:0.000000s ]
[ sql ] [ SQL ] SELECT * FROM `main_menu_list` WHERE  `parent` = 'payment'  AND `group` = 'mainadmin'  AND `status` = 1 ORDER BY `sort_order` ASC [ RunTime:0.001000s ]
[ sql ] [ SQL ] SELECT * FROM `main_menu_list` WHERE  `parent` = 'sysLog'  AND `group` = 'mainadmin'  AND `status` = 1 ORDER BY `sort_order` ASC [ RunTime:0.000000s ]
[ sql ] [ SQL ] SELECT * FROM `main_menu_list` WHERE  `parent` = 'article'  AND `group` = 'mainadmin'  AND `status` = 1 ORDER BY `sort_order` ASC [ RunTime:0.000000s ]
[ sql ] [ SQL ] SELECT * FROM `main_menu_list` WHERE  `parent` = 'backupDb'  AND `group` = 'mainadmin'  AND `status` = 1 ORDER BY `sort_order` ASC [ RunTime:0.001000s ]
[ sql ] [ SQL ] SELECT * FROM `main_menu_list` WHERE  `parent` = 'weixin'  AND `group` = 'weixin'  AND `status` = 1 ORDER BY `sort_order` ASC [ RunTime:0.000000s ]
[ sql ] [ SQL ] SELECT * FROM `main_menu_list` WHERE  `parent` = 'weixinMaterial'  AND `group` = 'weixin'  AND `status` = 1 ORDER BY `sort_order` ASC [ RunTime:0.002000s ]
[ sql ] [ SQL ] SELECT * FROM `main_menu_list` WHERE  `parent` = 'shop'  AND `group` = 'shop'  AND `status` = 1 ORDER BY `sort_order` ASC [ RunTime:0.004000s ]
[ sql ] [ SQL ] SELECT * FROM `main_menu_list` WHERE  `parent` = 'shopOrder'  AND `group` = 'shop'  AND `status` = 1 ORDER BY `sort_order` ASC [ RunTime:0.001001s ]
[ sql ] [ SQL ] SELECT * FROM `main_menu_list` WHERE  `parent` = 'shopGoods'  AND `group` = 'shop'  AND `status` = 1 ORDER BY `sort_order` ASC [ RunTime:0.001000s ]
[ sql ] [ SQL ] SELECT * FROM `main_menu_list` WHERE  `parent` = 'shopPromotion'  AND `group` = 'shop'  AND `status` = 1 ORDER BY `sort_order` ASC [ RunTime:0.000000s ]
[ sql ] [ SQL ] SELECT * FROM `main_menu_list` WHERE  `parent` = 'groupBuy'  AND `group` = 'shop'  AND `status` = 1 ORDER BY `sort_order` ASC [ RunTime:0.001000s ]
[ sql ] [ SQL ] SELECT * FROM `main_menu_list` WHERE  `parent` = 'spike'  AND `group` = 'shop'  AND `status` = 1 ORDER BY `sort_order` ASC [ RunTime:0.000000s ]
[ sql ] [ SQL ] SELECT * FROM `main_menu_list` WHERE  `parent` = 'integral'  AND `group` = 'shop'  AND `status` = 1 ORDER BY `sort_order` ASC [ RunTime:0.000000s ]
[ sql ] [ SQL ] SELECT * FROM `main_menu_list` WHERE  `parent` = 'defIndex'  AND `group` = 'shop'  AND `status` = 1 ORDER BY `sort_order` ASC [ RunTime:0.001000s ]
[ sql ] [ SQL ] SELECT * FROM `main_menu_list` WHERE  `parent` = 'shopComment'  AND `group` = 'shop'  AND `status` = 1 ORDER BY `sort_order` ASC [ RunTime:0.000000s ]
[ sql ] [ SQL ] SELECT * FROM `main_menu_list` WHERE  `parent` = 'distribution'  AND `group` = 'distribution'  AND `status` = 1 ORDER BY `sort_order` ASC [ RunTime:0.001000s ]
[ sql ] [ SQL ] SELECT * FROM `main_menu_list` WHERE  `parent` = 'member'  AND `group` = 'member'  AND `status` = 1 ORDER BY `sort_order` ASC [ RunTime:0.001000s ]
[ sql ] [ SQL ] SELECT * FROM `main_menu_list` WHERE  `parent` = 'memberLog'  AND `group` = 'member'  AND `status` = 1 ORDER BY `sort_order` ASC [ RunTime:0.000000s ]
[ sql ] [ SQL ] SHOW COLUMNS FROM `shop_order_info` [ RunTime:0.010001s ]
[ sql ] [ SQL ] SELECT `order_id` FROM `shop_order_info` WHERE  `shipping_status` = 1  AND `shipping_time` < 1552026645 [ RunTime:0.000000s ]
[ error ] [10501]SQLSTATE[42S02]: Base table or view not found: 1146 Table 'main_obj_db.distribution_eval_arrival_log' doesn't exist[D:\phpStudy\WWW\mainshop\thinkphp\library\think\db\Connection.php:699]
---------------------------------------------------------------
[ 2019-03-15T14:30:46+08:00 ] 127.0.0.1 GET www.moduleshop.top/admin.php/mainadmin/index/index.html
[运行时间：0.082005s] [吞吐率：12.19req/s] [内存消耗：2,620.16kb] [文件加载：89]
[ info ] [ LANG ] D:\phpStudy\WWW\mainshop\thinkphp\lang\zh-cn.php
[ info ] [ ROUTE ] array (
)
[ info ] [ HEADER ] array (
  'cookie' => 'PHPSESSID=qie9g1balqarmrg2haeijs0pk3',
  'accept-language' => 'zh-CN,zh;q=0.9,en;q=0.8,und;q=0.7',
  'accept-encoding' => 'gzip, deflate',
  'referer' => 'http://www.moduleshop.top/admin.php/mainAdmin/passport/login',
  'accept' => 'text/html,application/xhtml+xml,application/xml;q=0.9,image/webp,image/apng,*/*;q=0.8',
  'user-agent' => 'Mozilla/5.0 (Windows NT 6.1; Win64; x64) AppleWebKit/537.36 (KHTML, like Gecko) Chrome/67.0.3396.99 Safari/537.36',
  'upgrade-insecure-requests' => '1',
  'cache-control' => 'max-age=0',
  'connection' => 'close',
  'host' => 'www.moduleshop.top',
)
[ info ] [ PARAM ] array (
)
[ info ] [ DB ] INIT mysql
[ sql ] [ DB ] CONNECT:[ UseTime:0.001000s ] mysql:host=127.0.0.1;dbname=main_obj_db;charset=utf8
[ sql ] [ SQL ] SHOW COLUMNS FROM `shop_order_info` [ RunTime:0.011001s ]
[ sql ] [ SQL ] SELECT `order_id` FROM `shop_order_info` WHERE  `shipping_status` = 1  AND `shipping_time` < 1552026646 [ RunTime:0.001000s ]
[ error ] [10501]SQLSTATE[42S02]: Base table or view not found: 1146 Table 'main_obj_db.distribution_eval_arrival_log' doesn't exist[D:\phpStudy\WWW\mainshop\thinkphp\library\think\db\Connection.php:699]
---------------------------------------------------------------
[ 2019-03-15T14:30:49+08:00 ] 127.0.0.1 GET www.moduleshop.top/admin.php/mainadmin/index/index.html
[运行时间：0.089006s] [吞吐率：11.24req/s] [内存消耗：2,620.16kb] [文件加载：89]
[ info ] [ LANG ] D:\phpStudy\WWW\mainshop\thinkphp\lang\zh-cn.php
[ info ] [ ROUTE ] array (
)
[ info ] [ HEADER ] array (
  'cookie' => 'PHPSESSID=qie9g1balqarmrg2haeijs0pk3',
  'accept-language' => 'zh-CN,zh;q=0.9,en;q=0.8,und;q=0.7',
  'accept-encoding' => 'gzip, deflate',
  'referer' => 'http://www.moduleshop.top/admin.php/mainAdmin/passport/login',
  'accept' => 'text/html,application/xhtml+xml,application/xml;q=0.9,image/webp,image/apng,*/*;q=0.8',
  'user-agent' => 'Mozilla/5.0 (Windows NT 6.1; Win64; x64) AppleWebKit/537.36 (KHTML, like Gecko) Chrome/67.0.3396.99 Safari/537.36',
  'upgrade-insecure-requests' => '1',
  'cache-control' => 'max-age=0',
  'connection' => 'close',
  'host' => 'www.moduleshop.top',
)
[ info ] [ PARAM ] array (
)
[ info ] [ DB ] INIT mysql
[ sql ] [ DB ] CONNECT:[ UseTime:0.010001s ] mysql:host=127.0.0.1;dbname=main_obj_db;charset=utf8
[ sql ] [ SQL ] SHOW COLUMNS FROM `shop_order_info` [ RunTime:0.010001s ]
[ sql ] [ SQL ] SELECT `order_id` FROM `shop_order_info` WHERE  `shipping_status` = 1  AND `shipping_time` < 1552026648 [ RunTime:0.001000s ]
[ error ] [10501]SQLSTATE[42S02]: Base table or view not found: 1146 Table 'main_obj_db.distribution_eval_arrival_log' doesn't exist[D:\phpStudy\WWW\mainshop\thinkphp\library\think\db\Connection.php:699]
---------------------------------------------------------------
[ 2019-03-15T15:31:18+08:00 ] 127.0.0.1 GET www.moduleshop.top/admin.php/mainadmin/index/index.html
[运行时间：0.740043s] [吞吐率：1.35req/s] [内存消耗：1,467.55kb] [文件加载：68]
[ info ] [ LANG ] D:\phpStudy\WWW\mainshop\thinkphp\lang\zh-cn.php
[ info ] [ ROUTE ] array (
)
[ info ] [ HEADER ] array (
  'cookie' => 'PHPSESSID=qie9g1balqarmrg2haeijs0pk3',
  'accept-language' => 'zh-CN,zh;q=0.9,en;q=0.8,und;q=0.7',
  'accept-encoding' => 'gzip, deflate',
  'referer' => 'http://www.moduleshop.top/admin.php/mainAdmin/passport/login',
  'accept' => 'text/html,application/xhtml+xml,application/xml;q=0.9,image/webp,image/apng,*/*;q=0.8',
  'user-agent' => 'Mozilla/5.0 (Windows NT 6.1; Win64; x64) AppleWebKit/537.36 (KHTML, like Gecko) Chrome/67.0.3396.99 Safari/537.36',
  'upgrade-insecure-requests' => '1',
  'cache-control' => 'max-age=0',
  'connection' => 'close',
  'host' => 'www.moduleshop.top',
)
[ info ] [ PARAM ] array (
)
---------------------------------------------------------------
[ 2019-03-15T15:31:18+08:00 ] 127.0.0.1 GET www.moduleshop.top/admin.php/mainAdmin/passport/login
[运行时间：0.430025s] [吞吐率：2.33req/s] [内存消耗：1,452.70kb] [文件加载：65]
[ info ] [ LANG ] D:\phpStudy\WWW\mainshop\thinkphp\lang\zh-cn.php
[ info ] [ ROUTE ] array (
)
[ info ] [ HEADER ] array (
  'cookie' => 'PHPSESSID=qie9g1balqarmrg2haeijs0pk3',
  'accept-language' => 'zh-CN,zh;q=0.9,en;q=0.8,und;q=0.7',
  'accept-encoding' => 'gzip, deflate',
  'referer' => 'http://www.moduleshop.top/admin.php/mainAdmin/passport/login',
  'accept' => 'text/html,application/xhtml+xml,application/xml;q=0.9,image/webp,image/apng,*/*;q=0.8',
  'user-agent' => 'Mozilla/5.0 (Windows NT 6.1; Win64; x64) AppleWebKit/537.36 (KHTML, like Gecko) Chrome/67.0.3396.99 Safari/537.36',
  'upgrade-insecure-requests' => '1',
  'cache-control' => 'max-age=0',
  'connection' => 'close',
  'host' => 'www.moduleshop.top',
)
[ info ] [ PARAM ] array (
)
[ info ] [ VIEW ] D:\phpStudy\WWW\mainshop\application\mainadmin\view\passport\login.html [ array (
) ]
---------------------------------------------------------------
[ 2019-03-15T15:31:21+08:00 ] 127.0.0.1 GET www.moduleshop.top/admin.php/mainAdmin/passport/login
[运行时间：0.111007s] [吞吐率：9.01req/s] [内存消耗：1,452.70kb] [文件加载：65]
[ info ] [ LANG ] D:\phpStudy\WWW\mainshop\thinkphp\lang\zh-cn.php
[ info ] [ ROUTE ] array (
)
[ info ] [ HEADER ] array (
  'cookie' => 'PHPSESSID=qie9g1balqarmrg2haeijs0pk3',
  'accept-language' => 'zh-CN,zh;q=0.9,en;q=0.8,und;q=0.7',
  'accept-encoding' => 'gzip, deflate',
  'referer' => 'http://www.moduleshop.top/admin.php/mainAdmin/passport/login',
  'accept' => 'text/html,application/xhtml+xml,application/xml;q=0.9,image/webp,image/apng,*/*;q=0.8',
  'user-agent' => 'Mozilla/5.0 (Windows NT 6.1; Win64; x64) AppleWebKit/537.36 (KHTML, like Gecko) Chrome/67.0.3396.99 Safari/537.36',
  'upgrade-insecure-requests' => '1',
  'cache-control' => 'max-age=0',
  'connection' => 'close',
  'host' => 'www.moduleshop.top',
)
[ info ] [ PARAM ] array (
)
[ info ] [ VIEW ] D:\phpStudy\WWW\mainshop\application\mainadmin\view\passport\login.html [ array (
) ]
---------------------------------------------------------------
[ 2019-03-15T15:39:23+08:00 ] 127.0.0.1 POST www.moduleshop.top/admin.php/mainAdmin/passport/login
[运行时间：0.385022s] [吞吐率：2.60req/s] [内存消耗：2,562.69kb] [文件加载：86]
[ info ] [ LANG ] D:\phpStudy\WWW\mainshop\thinkphp\lang\zh-cn.php
[ info ] [ ROUTE ] array (
)
[ info ] [ HEADER ] array (
  'cookie' => 'PHPSESSID=qie9g1balqarmrg2haeijs0pk3',
  'accept-language' => 'zh-CN,zh;q=0.9,en;q=0.8,und;q=0.7',
  'accept-encoding' => 'gzip, deflate',
  'referer' => 'http://www.moduleshop.top/admin.php/mainAdmin/passport/login',
  'content-type' => 'application/x-www-form-urlencoded; charset=UTF-8',
  'user-agent' => 'Mozilla/5.0 (Windows NT 6.1; Win64; x64) AppleWebKit/537.36 (KHTML, like Gecko) Chrome/67.0.3396.99 Safari/537.36',
  'x-requested-with' => 'XMLHttpRequest',
  'origin' => 'http://www.moduleshop.top',
  'accept' => 'application/json, text/javascript, */*; q=0.01',
  'content-length' => '50',
  'connection' => 'close',
  'host' => 'www.moduleshop.top',
)
[ info ] [ PARAM ] array (
  'User' => 
  array (
    'user_name' => 'test',
    'password' => 'abc123',
  ),
)
[ info ] [ DB ] INIT mysql
[ sql ] [ DB ] CONNECT:[ UseTime:0.010000s ] mysql:host=127.0.0.1;dbname=main_obj_db;charset=utf8
[ sql ] [ SQL ] SHOW COLUMNS FROM `main_admin_user` [ RunTime:0.012001s ]
[ sql ] [ SQL ] SELECT * FROM `main_admin_user` WHERE  `user_name` = 'test'  AND `password` = '42bc491a8917d524b86f3c4dae21308a' LIMIT 1 [ RunTime:0.001000s ]
[ sql ] [ SQL ] UPDATE `main_admin_user`  SET `login_time` = 1552635562 , `login_ip` = '127.0.0.1' , `last_login_time` = 1552631243 , `last_login_ip` = '127.0.0.1'  WHERE  `user_id` = 10002 [ RunTime:0.001000s ]
[ sql ] [ SQL ] SHOW COLUMNS FROM `main_log_login` [ RunTime:0.012001s ]
[ sql ] [ SQL ] INSERT INTO `main_log_login` (`log_ip` , `log_time` , `user_id`) VALUES ('127.0.0.1' , 1552635562 , 10002) [ RunTime:0.019001s ]
[ sql ] [ SQL ] SHOW COLUMNS FROM `main_admin_role` [ RunTime:0.010000s ]
[ sql ] [ SQL ] SELECT * FROM `main_admin_role` WHERE  `role_id` = 1 LIMIT 1 [ RunTime:0.001000s ]
---------------------------------------------------------------
[ 2019-03-15T15:39:25+08:00 ] 127.0.0.1 GET www.moduleshop.top/admin.php/mainadmin/index/index.html
[运行时间：0.437025s] [吞吐率：2.29req/s] [内存消耗：2,688.03kb] [文件加载：92]
[ info ] [ LANG ] D:\phpStudy\WWW\mainshop\thinkphp\lang\zh-cn.php
[ info ] [ ROUTE ] array (
)
[ info ] [ HEADER ] array (
  'cookie' => 'PHPSESSID=qie9g1balqarmrg2haeijs0pk3',
  'accept-language' => 'zh-CN,zh;q=0.9,en;q=0.8,und;q=0.7',
  'accept-encoding' => 'gzip, deflate',
  'referer' => 'http://www.moduleshop.top/admin.php/mainAdmin/passport/login',
  'accept' => 'text/html,application/xhtml+xml,application/xml;q=0.9,image/webp,image/apng,*/*;q=0.8',
  'user-agent' => 'Mozilla/5.0 (Windows NT 6.1; Win64; x64) AppleWebKit/537.36 (KHTML, like Gecko) Chrome/67.0.3396.99 Safari/537.36',
  'upgrade-insecure-requests' => '1',
  'connection' => 'close',
  'host' => 'www.moduleshop.top',
)
[ info ] [ PARAM ] array (
)
[ info ] [ DB ] INIT mysql
[ sql ] [ DB ] CONNECT:[ UseTime:0.002000s ] mysql:host=127.0.0.1;dbname=main_obj_db;charset=utf8
[ sql ] [ SQL ] SHOW COLUMNS FROM `main_menu_list` [ RunTime:0.012001s ]
[ sql ] [ SQL ] SELECT * FROM `main_menu_list` WHERE  `parent` = '0'  AND `status` = 1 ORDER BY `sort_order` ASC [ RunTime:0.001000s ]
[ sql ] [ SQL ] SELECT * FROM `main_menu_list` WHERE  `parent` = 'mainadmin'  AND `group` = 'mainadmin'  AND `status` = 1 ORDER BY `sort_order` ASC [ RunTime:0.001000s ]
[ sql ] [ SQL ] SELECT * FROM `main_menu_list` WHERE  `parent` = 'adminUser'  AND `group` = 'mainadmin'  AND `status` = 1 ORDER BY `sort_order` ASC [ RunTime:0.001000s ]
[ sql ] [ SQL ] SELECT * FROM `main_menu_list` WHERE  `parent` = 'setting'  AND `group` = 'mainadmin'  AND `status` = 1 ORDER BY `sort_order` ASC [ RunTime:0.000000s ]
[ sql ] [ SQL ] SELECT * FROM `main_menu_list` WHERE  `parent` = 'smsManage'  AND `group` = 'mainadmin'  AND `status` = 1 ORDER BY `sort_order` ASC [ RunTime:0.001000s ]
[ sql ] [ SQL ] SELECT * FROM `main_menu_list` WHERE  `parent` = 'payment'  AND `group` = 'mainadmin'  AND `status` = 1 ORDER BY `sort_order` ASC [ RunTime:0.000000s ]
[ sql ] [ SQL ] SELECT * FROM `main_menu_list` WHERE  `parent` = 'sysLog'  AND `group` = 'mainadmin'  AND `status` = 1 ORDER BY `sort_order` ASC [ RunTime:0.000000s ]
[ sql ] [ SQL ] SELECT * FROM `main_menu_list` WHERE  `parent` = 'article'  AND `group` = 'mainadmin'  AND `status` = 1 ORDER BY `sort_order` ASC [ RunTime:0.001000s ]
[ sql ] [ SQL ] SELECT * FROM `main_menu_list` WHERE  `parent` = 'backupDb'  AND `group` = 'mainadmin'  AND `status` = 1 ORDER BY `sort_order` ASC [ RunTime:0.000000s ]
[ sql ] [ SQL ] SELECT * FROM `main_menu_list` WHERE  `parent` = 'weixin'  AND `group` = 'weixin'  AND `status` = 1 ORDER BY `sort_order` ASC [ RunTime:0.000000s ]
[ sql ] [ SQL ] SELECT * FROM `main_menu_list` WHERE  `parent` = 'weixinMaterial'  AND `group` = 'weixin'  AND `status` = 1 ORDER BY `sort_order` ASC [ RunTime:0.001000s ]
[ sql ] [ SQL ] SELECT * FROM `main_menu_list` WHERE  `parent` = 'shop'  AND `group` = 'shop'  AND `status` = 1 ORDER BY `sort_order` ASC [ RunTime:0.001000s ]
[ sql ] [ SQL ] SELECT * FROM `main_menu_list` WHERE  `parent` = 'shopOrder'  AND `group` = 'shop'  AND `status` = 1 ORDER BY `sort_order` ASC [ RunTime:0.000000s ]
[ sql ] [ SQL ] SELECT * FROM `main_menu_list` WHERE  `parent` = 'shopGoods'  AND `group` = 'shop'  AND `status` = 1 ORDER BY `sort_order` ASC [ RunTime:0.000000s ]
[ sql ] [ SQL ] SELECT * FROM `main_menu_list` WHERE  `parent` = 'shopPromotion'  AND `group` = 'shop'  AND `status` = 1 ORDER BY `sort_order` ASC [ RunTime:0.001000s ]
[ sql ] [ SQL ] SELECT * FROM `main_menu_list` WHERE  `parent` = 'groupBuy'  AND `group` = 'shop'  AND `status` = 1 ORDER BY `sort_order` ASC [ RunTime:0.000000s ]
[ sql ] [ SQL ] SELECT * FROM `main_menu_list` WHERE  `parent` = 'spike'  AND `group` = 'shop'  AND `status` = 1 ORDER BY `sort_order` ASC [ RunTime:0.000000s ]
[ sql ] [ SQL ] SELECT * FROM `main_menu_list` WHERE  `parent` = 'integral'  AND `group` = 'shop'  AND `status` = 1 ORDER BY `sort_order` ASC [ RunTime:0.001000s ]
[ sql ] [ SQL ] SELECT * FROM `main_menu_list` WHERE  `parent` = 'defIndex'  AND `group` = 'shop'  AND `status` = 1 ORDER BY `sort_order` ASC [ RunTime:0.000000s ]
[ sql ] [ SQL ] SELECT * FROM `main_menu_list` WHERE  `parent` = 'shopComment'  AND `group` = 'shop'  AND `status` = 1 ORDER BY `sort_order` ASC [ RunTime:0.001001s ]
[ sql ] [ SQL ] SELECT * FROM `main_menu_list` WHERE  `parent` = 'distribution'  AND `group` = 'distribution'  AND `status` = 1 ORDER BY `sort_order` ASC [ RunTime:0.000000s ]
[ sql ] [ SQL ] SELECT * FROM `main_menu_list` WHERE  `parent` = 'member'  AND `group` = 'member'  AND `status` = 1 ORDER BY `sort_order` ASC [ RunTime:0.000000s ]
[ sql ] [ SQL ] SELECT * FROM `main_menu_list` WHERE  `parent` = 'memberLog'  AND `group` = 'member'  AND `status` = 1 ORDER BY `sort_order` ASC [ RunTime:0.001000s ]
[ sql ] [ SQL ] SHOW COLUMNS FROM `main_settings` [ RunTime:0.029001s ]
[ sql ] [ SQL ] SELECT * FROM `main_settings` [ RunTime:0.002001s ]
[ sql ] [ SQL ] SHOW COLUMNS FROM `shop_order_info` [ RunTime:0.017001s ]
[ sql ] [ SQL ] SELECT `order_id` FROM `shop_order_info` WHERE  `shipping_status` = 1  AND `shipping_time` < 1552030765 [ RunTime:0.002000s ]
[ error ] [10501]SQLSTATE[42S02]: Base table or view not found: 1146 Table 'main_obj_db.distribution_eval_arrival_log' doesn't exist[D:\phpStudy\WWW\mainshop\thinkphp\library\think\db\Connection.php:699]
