---------------------------------------------------------------
[ 2019-03-22T18:29:04+08:00 ] 127.0.0.1 GET l.my.com/admin.php/shop/sys_admin.order/info/order_id/36.html
[运行时间：0.291489s] [吞吐率：3.43req/s] [内存消耗：3,484.83kb] [文件加载：103]
[ info ] [ LANG ] D:\PHP\zp\my\mainObj\thinkphp\lang\zh-cn.php
[ info ] [ LANG ] D:\PHP\zp\my\mainObj\application\lang\zh-cn.php
[ info ] [ ROUTE ] array (
)
[ info ] [ HEADER ] array (
  'cache-control' => 'no-cache',
  'pragma' => 'no-cache',
  'upgrade-insecure-requests' => '1',
  'cookie' => 'PHPSESSID=cgne8ausbrelksf9lubpp7odm3',
  'connection' => 'close',
  'referer' => 'http://l.my.com/admin.php/shop/sys_admin.order/index.html',
  'accept-encoding' => 'gzip, deflate',
  'accept-language' => 'zh-CN,zh;q=0.8,zh-TW;q=0.7,zh-HK;q=0.5,en-US;q=0.3,en;q=0.2',
  'accept' => 'text/html,application/xhtml+xml,application/xml;q=0.9,image/webp,*/*;q=0.8',
  'user-agent' => 'Mozilla/5.0 (Windows NT 10.0; Win64; x64; rv:65.0) Gecko/20100101 Firefox/65.0',
  'host' => 'l.my.com',
)
[ info ] [ PARAM ] array (
  'order_id' => '36',
)
[ info ] [ DB ] INIT mysql
[ info ] [ VIEW ] D:\PHP\zp\my\mainObj\application\shop\view\sys_admin\order\info.html [ array (
  0 => 'menus',
  1 => 'top_menus',
  2 => '_module',
  3 => 'admin',
  4 => 'menus_group',
  5 => 'orderLog',
  6 => 'orderLang',
  7 => 'operating',
  8 => 'orderInfo',
  9 => 'dividend_log',
) ]
[ sql ] [ DB ] CONNECT:[ UseTime:0.010710s ] mysql:host=127.0.0.1;dbname=main_obj_db;charset=utf8
[ sql ] [ SQL ] SHOW COLUMNS FROM `main_menu_list` [ RunTime:0.015943s ]
[ sql ] [ SQL ] SELECT * FROM `main_menu_list` WHERE  `parent` = '0'  AND `status` = 1 ORDER BY `sort_order` ASC [ RunTime:0.001586s ]
[ sql ] [ SQL ] SELECT * FROM `main_menu_list` WHERE  `parent` = 'mainadmin'  AND `group` = 'mainadmin'  AND `status` = 1 ORDER BY `sort_order` ASC [ RunTime:0.000696s ]
[ sql ] [ SQL ] SELECT * FROM `main_menu_list` WHERE  `parent` = 'adminUser'  AND `group` = 'mainadmin'  AND `status` = 1 ORDER BY `sort_order` ASC [ RunTime:0.000542s ]
[ sql ] [ SQL ] SELECT * FROM `main_menu_list` WHERE  `parent` = 'setting'  AND `group` = 'mainadmin'  AND `status` = 1 ORDER BY `sort_order` ASC [ RunTime:0.000564s ]
[ sql ] [ SQL ] SELECT * FROM `main_menu_list` WHERE  `parent` = 'smsManage'  AND `group` = 'mainadmin'  AND `status` = 1 ORDER BY `sort_order` ASC [ RunTime:0.000592s ]
[ sql ] [ SQL ] SELECT * FROM `main_menu_list` WHERE  `parent` = 'payment'  AND `group` = 'mainadmin'  AND `status` = 1 ORDER BY `sort_order` ASC [ RunTime:0.000570s ]
[ sql ] [ SQL ] SELECT * FROM `main_menu_list` WHERE  `parent` = 'sysLog'  AND `group` = 'mainadmin'  AND `status` = 1 ORDER BY `sort_order` ASC [ RunTime:0.000542s ]
[ sql ] [ SQL ] SELECT * FROM `main_menu_list` WHERE  `parent` = 'article'  AND `group` = 'mainadmin'  AND `status` = 1 ORDER BY `sort_order` ASC [ RunTime:0.000564s ]
[ sql ] [ SQL ] SELECT * FROM `main_menu_list` WHERE  `parent` = 'backupDb'  AND `group` = 'mainadmin'  AND `status` = 1 ORDER BY `sort_order` ASC [ RunTime:0.000557s ]
[ sql ] [ SQL ] SELECT * FROM `main_menu_list` WHERE  `parent` = 'weixin'  AND `group` = 'weixin'  AND `status` = 1 ORDER BY `sort_order` ASC [ RunTime:0.000604s ]
[ sql ] [ SQL ] SELECT * FROM `main_menu_list` WHERE  `parent` = 'weixinMaterial'  AND `group` = 'weixin'  AND `status` = 1 ORDER BY `sort_order` ASC [ RunTime:0.000525s ]
[ sql ] [ SQL ] SELECT * FROM `main_menu_list` WHERE  `parent` = 'shop'  AND `group` = 'shop'  AND `status` = 1 ORDER BY `sort_order` ASC [ RunTime:0.000627s ]
[ sql ] [ SQL ] SELECT * FROM `main_menu_list` WHERE  `parent` = 'shopOrder'  AND `group` = 'shop'  AND `status` = 1 ORDER BY `sort_order` ASC [ RunTime:0.000561s ]
[ sql ] [ SQL ] SELECT * FROM `main_menu_list` WHERE  `parent` = 'shopGoods'  AND `group` = 'shop'  AND `status` = 1 ORDER BY `sort_order` ASC [ RunTime:0.000595s ]
[ sql ] [ SQL ] SELECT * FROM `main_menu_list` WHERE  `parent` = 'shopPromotion'  AND `group` = 'shop'  AND `status` = 1 ORDER BY `sort_order` ASC [ RunTime:0.000532s ]
[ sql ] [ SQL ] SELECT * FROM `main_menu_list` WHERE  `parent` = 'groupBuy'  AND `group` = 'shop'  AND `status` = 1 ORDER BY `sort_order` ASC [ RunTime:0.000661s ]
[ sql ] [ SQL ] SELECT * FROM `main_menu_list` WHERE  `parent` = 'spike'  AND `group` = 'shop'  AND `status` = 1 ORDER BY `sort_order` ASC [ RunTime:0.001254s ]
[ sql ] [ SQL ] SELECT * FROM `main_menu_list` WHERE  `parent` = 'integral'  AND `group` = 'shop'  AND `status` = 1 ORDER BY `sort_order` ASC [ RunTime:0.000864s ]
[ sql ] [ SQL ] SELECT * FROM `main_menu_list` WHERE  `parent` = 'defIndex'  AND `group` = 'shop'  AND `status` = 1 ORDER BY `sort_order` ASC [ RunTime:0.000506s ]
[ sql ] [ SQL ] SELECT * FROM `main_menu_list` WHERE  `parent` = 'shopComment'  AND `group` = 'shop'  AND `status` = 1 ORDER BY `sort_order` ASC [ RunTime:0.000579s ]
[ sql ] [ SQL ] SELECT * FROM `main_menu_list` WHERE  `parent` = 'distribution'  AND `group` = 'distribution'  AND `status` = 1 ORDER BY `sort_order` ASC [ RunTime:0.000590s ]
[ sql ] [ SQL ] SELECT * FROM `main_menu_list` WHERE  `parent` = 'member'  AND `group` = 'member'  AND `status` = 1 ORDER BY `sort_order` ASC [ RunTime:0.000604s ]
[ sql ] [ SQL ] SELECT * FROM `main_menu_list` WHERE  `parent` = 'memberLog'  AND `group` = 'member'  AND `status` = 1 ORDER BY `sort_order` ASC [ RunTime:0.000538s ]
[ sql ] [ SQL ] SHOW COLUMNS FROM `shop_order_info` [ RunTime:0.017022s ]
[ sql ] [ SQL ] SELECT * FROM `shop_order_info` WHERE  `order_id` = 36 LIMIT 1 [ RunTime:0.000772s ]
[ sql ] [ SQL ] SHOW COLUMNS FROM `shop_order_goods` [ RunTime:0.016292s ]
[ sql ] [ SQL ] SELECT * FROM `shop_order_goods` WHERE  `order_id` = 36 ORDER BY `rec_id` ASC [ RunTime:0.000584s ]
[ sql ] [ SQL ] SHOW COLUMNS FROM `shop_order_log` [ RunTime:0.017395s ]
[ sql ] [ SQL ] SELECT * FROM `shop_order_log` WHERE  `order_id` = 36 ORDER BY `log_id` DESC [ RunTime:0.000646s ]
[ sql ] [ SQL ] SHOW COLUMNS FROM `distribution_dividend_log` [ RunTime:0.014243s ]
[ sql ] [ SQL ] SELECT * FROM `distribution_dividend_log` WHERE  `order_id` = 36 ORDER BY `level` ASC [ RunTime:0.001050s ]
[ sql ] [ SQL ] SHOW COLUMNS FROM `users` [ RunTime:0.016339s ]
[ sql ] [ SQL ] SELECT * FROM `users` WHERE  `user_id` = 29896 LIMIT 1 [ RunTime:0.000484s ]
[ sql ] [ SQL ] SHOW COLUMNS FROM `users_account` [ RunTime:0.023454s ]
[ sql ] [ SQL ] SELECT * FROM `users_account` WHERE  `user_id` = 29896 LIMIT 1 [ RunTime:0.000587s ]
[ sql ] [ SQL ] SHOW COLUMNS FROM `users_level` [ RunTime:0.019617s ]
[ sql ] [ SQL ] SELECT *,level_id as id,level_name as name FROM `users_level` ORDER BY `min` ASC [ RunTime:0.000442s ]
[ sql ] [ SQL ] SELECT * FROM `users` WHERE  `user_id` = 29892 LIMIT 1 [ RunTime:0.000468s ]
[ sql ] [ SQL ] SELECT * FROM `users_account` WHERE  `user_id` = 29892 LIMIT 1 [ RunTime:0.000396s ]
[ sql ] [ SQL ] SELECT * FROM `users` WHERE  `user_id` = 29889 LIMIT 1 [ RunTime:0.001931s ]
[ sql ] [ SQL ] SELECT * FROM `users_account` WHERE  `user_id` = 29889 LIMIT 1 [ RunTime:0.002109s ]
[ error ] [8]未定义数组索引: total_integral[D:\PHP\zp\my\mainObj\application\member\model\UsersModel.php:327]
[ error ] [8]未定义变量: row[D:\PHP\zp\my\mainObj\runtime\temp\efa7592817ce7bce3116074d8f0f1d9d.php:413]
[ error ] [8]未定义变量: row[D:\PHP\zp\my\mainObj\runtime\temp\efa7592817ce7bce3116074d8f0f1d9d.php:483]
[ error ] [8]未定义数组索引: total_integral[D:\PHP\zp\my\mainObj\application\member\model\UsersModel.php:327]
[ error ] [8]未定义数组索引: total_integral[D:\PHP\zp\my\mainObj\application\member\model\UsersModel.php:327]
---------------------------------------------------------------
[ 2019-03-22T18:29:13+08:00 ] 127.0.0.1 GET l.my.com/admin.php/shop/sys_admin.order/index.html
[运行时间：0.163760s] [吞吐率：6.11req/s] [内存消耗：3,156.96kb] [文件加载：93]
[ info ] [ LANG ] D:\PHP\zp\my\mainObj\thinkphp\lang\zh-cn.php
[ info ] [ LANG ] D:\PHP\zp\my\mainObj\application\lang\zh-cn.php
[ info ] [ ROUTE ] array (
)
[ info ] [ HEADER ] array (
  'upgrade-insecure-requests' => '1',
  'cookie' => 'PHPSESSID=cgne8ausbrelksf9lubpp7odm3',
  'connection' => 'close',
  'referer' => 'http://l.my.com/admin.php/weixin/sys_admin.msg_tpl/index.html',
  'accept-encoding' => 'gzip, deflate',
  'accept-language' => 'zh-CN,zh;q=0.8,zh-TW;q=0.7,zh-HK;q=0.5,en-US;q=0.3,en;q=0.2',
  'accept' => 'text/html,application/xhtml+xml,application/xml;q=0.9,image/webp,*/*;q=0.8',
  'user-agent' => 'Mozilla/5.0 (Windows NT 10.0; Win64; x64; rv:65.0) Gecko/20100101 Firefox/65.0',
  'host' => 'l.my.com',
)
[ info ] [ PARAM ] array (
)
[ info ] [ DB ] INIT mysql
[ info ] [ VIEW ] D:\PHP\zp\my\mainObj\application\shop\view\sys_admin\order\index.html [ array (
  0 => 'menus',
  1 => 'top_menus',
  2 => '_module',
  3 => 'admin',
  4 => 'menus_group',
  5 => 'start_date',
  6 => 'end_date',
  7 => 'is_cancel',
  8 => 'orderLang',
  9 => 'data',
  10 => 'search',
) ]
[ sql ] [ DB ] CONNECT:[ UseTime:0.010746s ] mysql:host=127.0.0.1;dbname=main_obj_db;charset=utf8
[ sql ] [ SQL ] SHOW COLUMNS FROM `shop_order_info` [ RunTime:0.017686s ]
[ sql ] [ SQL ] SELECT COUNT(*) AS tp_count FROM `shop_order_info` WHERE  `store_id` = 0  AND `add_time` BETWEEN 1550831353 AND 1553250553 ORDER BY `order_id` DESC LIMIT 1 [ RunTime:0.000741s ]
[ sql ] [ SQL ] SELECT `order_id` FROM `shop_order_info` WHERE  `store_id` = 0  AND `add_time` BETWEEN 1550831353 AND 1553250553 ORDER BY `order_id` DESC LIMIT 0,10 [ RunTime:0.000487s ]
[ sql ] [ SQL ] SELECT * FROM `shop_order_info` WHERE  `order_id` = 35 LIMIT 1 [ RunTime:0.001055s ]
[ sql ] [ SQL ] SHOW COLUMNS FROM `shop_order_goods` [ RunTime:0.013480s ]
[ sql ] [ SQL ] SELECT * FROM `shop_order_goods` WHERE  `order_id` = 35 ORDER BY `rec_id` ASC [ RunTime:0.000827s ]
[ sql ] [ SQL ] SELECT * FROM `shop_order_info` WHERE  `order_id` = 34 LIMIT 1 [ RunTime:0.001092s ]
[ sql ] [ SQL ] SELECT * FROM `shop_order_goods` WHERE  `order_id` = 34 ORDER BY `rec_id` ASC [ RunTime:0.002016s ]
[ sql ] [ SQL ] SELECT * FROM `shop_order_info` WHERE  `order_id` = 33 LIMIT 1 [ RunTime:0.001603s ]
[ sql ] [ SQL ] SELECT * FROM `shop_order_goods` WHERE  `order_id` = 33 ORDER BY `rec_id` ASC [ RunTime:0.001222s ]
[ sql ] [ SQL ] SELECT * FROM `shop_order_info` WHERE  `order_id` = 32 LIMIT 1 [ RunTime:0.001505s ]
[ sql ] [ SQL ] SELECT * FROM `shop_order_goods` WHERE  `order_id` = 32 ORDER BY `rec_id` ASC [ RunTime:0.000991s ]
[ sql ] [ SQL ] SELECT * FROM `shop_order_info` WHERE  `order_id` = 31 LIMIT 1 [ RunTime:0.001006s ]
[ sql ] [ SQL ] SELECT * FROM `shop_order_goods` WHERE  `order_id` = 31 ORDER BY `rec_id` ASC [ RunTime:0.000821s ]
[ sql ] [ SQL ] SELECT * FROM `shop_order_info` WHERE  `order_id` = 30 LIMIT 1 [ RunTime:0.000816s ]
[ sql ] [ SQL ] SELECT * FROM `shop_order_goods` WHERE  `order_id` = 30 ORDER BY `rec_id` ASC [ RunTime:0.000676s ]
[ sql ] [ SQL ] SELECT * FROM `shop_order_info` WHERE  `order_id` = 29 LIMIT 1 [ RunTime:0.000823s ]
[ sql ] [ SQL ] SELECT * FROM `shop_order_goods` WHERE  `order_id` = 29 ORDER BY `rec_id` ASC [ RunTime:0.000633s ]
[ sql ] [ SQL ] SELECT * FROM `shop_order_info` WHERE  `order_id` = 28 LIMIT 1 [ RunTime:0.000754s ]
[ sql ] [ SQL ] SELECT * FROM `shop_order_goods` WHERE  `order_id` = 28 ORDER BY `rec_id` ASC [ RunTime:0.000610s ]
[ sql ] [ SQL ] SELECT * FROM `shop_order_info` WHERE  `order_id` = 27 LIMIT 1 [ RunTime:0.001561s ]
[ sql ] [ SQL ] SELECT * FROM `shop_order_goods` WHERE  `order_id` = 27 ORDER BY `rec_id` ASC [ RunTime:0.001295s ]
---------------------------------------------------------------
[ 2019-03-22T18:29:33+08:00 ] 127.0.0.1 GET l.my.com/admin.php/member/sys_admin.users/index.html
[运行时间：0.150159s] [吞吐率：6.66req/s] [内存消耗：2,980.48kb] [文件加载：93]
[ info ] [ LANG ] D:\PHP\zp\my\mainObj\thinkphp\lang\zh-cn.php
[ info ] [ LANG ] D:\PHP\zp\my\mainObj\application\lang\zh-cn.php
[ info ] [ ROUTE ] array (
)
[ info ] [ HEADER ] array (
  'upgrade-insecure-requests' => '1',
  'cookie' => 'PHPSESSID=cgne8ausbrelksf9lubpp7odm3',
  'connection' => 'close',
  'referer' => 'http://l.my.com/admin.php/shop/sys_admin.order/index.html',
  'accept-encoding' => 'gzip, deflate',
  'accept-language' => 'zh-CN,zh;q=0.8,zh-TW;q=0.7,zh-HK;q=0.5,en-US;q=0.3,en;q=0.2',
  'accept' => 'text/html,application/xhtml+xml,application/xml;q=0.9,image/webp,*/*;q=0.8',
  'user-agent' => 'Mozilla/5.0 (Windows NT 10.0; Win64; x64; rv:65.0) Gecko/20100101 Firefox/65.0',
  'host' => 'l.my.com',
)
[ info ] [ PARAM ] array (
)
[ info ] [ DB ] INIT mysql
[ info ] [ VIEW ] D:\PHP\zp\my\mainObj\application\member\view\sys_admin\users\index.html [ array (
  0 => 'menus',
  1 => 'top_menus',
  2 => '_module',
  3 => 'admin',
  4 => 'menus_group',
  5 => 'start_date',
  6 => 'end_date',
  7 => 'is_ban',
  8 => 'search',
  9 => 'roleList',
  10 => 'levelList',
  11 => 'data',
  12 => 'roleOpt',
  13 => 'levelOpt',
) ]
[ sql ] [ DB ] CONNECT:[ UseTime:0.013155s ] mysql:host=127.0.0.1;dbname=main_obj_db;charset=utf8
[ sql ] [ SQL ] SHOW COLUMNS FROM `users` [ RunTime:0.016645s ]
[ sql ] [ SQL ] SELECT COUNT(*) AS tp_count FROM `users` `u` LEFT JOIN `users_account` `uc` ON `u`.`user_id`=`uc`.`user_id` WHERE  (  is_ban = 0 ) ORDER BY `u`.`user_id` DESC LIMIT 1 [ RunTime:0.000509s ]
[ sql ] [ SQL ] SELECT `u`.*,`uc`.`balance_money`,`uc`.`use_integral` FROM `users` `u` LEFT JOIN `users_account` `uc` ON `u`.`user_id`=`uc`.`user_id` WHERE  (  is_ban = 0 ) ORDER BY `u`.`user_id` DESC LIMIT 0,10 [ RunTime:0.000634s ]
[ sql ] [ SQL ] SELECT * FROM `users` WHERE  `user_id` = 29893 LIMIT 1 [ RunTime:0.000535s ]
[ sql ] [ SQL ] SHOW COLUMNS FROM `users_account` [ RunTime:0.013964s ]
[ sql ] [ SQL ] SELECT * FROM `users_account` WHERE  `user_id` = 29893 LIMIT 1 [ RunTime:0.000449s ]
[ sql ] [ SQL ] SELECT * FROM `users` WHERE  `user_id` = 29891 LIMIT 1 [ RunTime:0.000557s ]
[ sql ] [ SQL ] SELECT * FROM `users_account` WHERE  `user_id` = 29891 LIMIT 1 [ RunTime:0.001405s ]
[ sql ] [ SQL ] SELECT * FROM `users` WHERE  `user_id` = 29890 LIMIT 1 [ RunTime:0.000505s ]
[ sql ] [ SQL ] SELECT * FROM `users_account` WHERE  `user_id` = 29890 LIMIT 1 [ RunTime:0.000361s ]
[ error ] [8]未定义变量: search[D:\PHP\zp\my\mainObj\application\member\controller\sys_admin\Users.php:41]
[ error ] [8]未定义变量: search[D:\PHP\zp\my\mainObj\application\member\controller\sys_admin\Users.php:42]
[ error ] [8]未定义数组索引: total_integral[D:\PHP\zp\my\mainObj\application\member\model\UsersModel.php:327]
[ error ] [8]未定义数组索引: total_integral[D:\PHP\zp\my\mainObj\runtime\temp\6b608fb14a4d83533e04caf472b701aa.php:233]
[ error ] [8]未定义数组索引: last_login[D:\PHP\zp\my\mainObj\runtime\temp\6b608fb14a4d83533e04caf472b701aa.php:241]
[ error ] [8]未定义数组索引: total_integral[D:\PHP\zp\my\mainObj\runtime\temp\6b608fb14a4d83533e04caf472b701aa.php:233]
[ error ] [8]未定义数组索引: last_login[D:\PHP\zp\my\mainObj\runtime\temp\6b608fb14a4d83533e04caf472b701aa.php:241]
[ error ] [8]未定义数组索引: total_integral[D:\PHP\zp\my\mainObj\runtime\temp\6b608fb14a4d83533e04caf472b701aa.php:233]
[ error ] [8]未定义数组索引: last_login[D:\PHP\zp\my\mainObj\runtime\temp\6b608fb14a4d83533e04caf472b701aa.php:241]
[ error ] [8]未定义数组索引: total_integral[D:\PHP\zp\my\mainObj\runtime\temp\6b608fb14a4d83533e04caf472b701aa.php:233]
[ error ] [8]未定义数组索引: last_login[D:\PHP\zp\my\mainObj\runtime\temp\6b608fb14a4d83533e04caf472b701aa.php:241]
[ error ] [8]未定义数组索引: total_integral[D:\PHP\zp\my\mainObj\application\member\model\UsersModel.php:327]
[ error ] [8]未定义数组索引: total_integral[D:\PHP\zp\my\mainObj\runtime\temp\6b608fb14a4d83533e04caf472b701aa.php:233]
[ error ] [8]未定义数组索引: last_login[D:\PHP\zp\my\mainObj\runtime\temp\6b608fb14a4d83533e04caf472b701aa.php:241]
[ error ] [8]未定义数组索引: total_integral[D:\PHP\zp\my\mainObj\application\member\model\UsersModel.php:327]
[ error ] [8]未定义数组索引: total_integral[D:\PHP\zp\my\mainObj\runtime\temp\6b608fb14a4d83533e04caf472b701aa.php:233]
[ error ] [8]未定义数组索引: last_login[D:\PHP\zp\my\mainObj\runtime\temp\6b608fb14a4d83533e04caf472b701aa.php:241]
[ error ] [8]未定义数组索引: total_integral[D:\PHP\zp\my\mainObj\runtime\temp\6b608fb14a4d83533e04caf472b701aa.php:233]
[ error ] [8]未定义数组索引: last_login[D:\PHP\zp\my\mainObj\runtime\temp\6b608fb14a4d83533e04caf472b701aa.php:241]
[ error ] [8]未定义数组索引: total_integral[D:\PHP\zp\my\mainObj\runtime\temp\6b608fb14a4d83533e04caf472b701aa.php:233]
[ error ] [8]未定义数组索引: last_login[D:\PHP\zp\my\mainObj\runtime\temp\6b608fb14a4d83533e04caf472b701aa.php:241]
---------------------------------------------------------------
[ 2019-03-22T19:31:04+08:00 ] 127.0.0.1 GET l.my.com/admin.php/shop/sys_admin.order/info/order_id/36.html
[运行时间：0.057123s] [吞吐率：17.51req/s] [内存消耗：1,589.63kb] [文件加载：70]
[ info ] [ LANG ] D:\PHP\zp\my\mainObj\thinkphp\lang\zh-cn.php
[ info ] [ LANG ] D:\PHP\zp\my\mainObj\application\lang\zh-cn.php
[ info ] [ ROUTE ] array (
)
[ info ] [ HEADER ] array (
  'cache-control' => 'max-age=0',
  'upgrade-insecure-requests' => '1',
  'cookie' => 'PHPSESSID=cgne8ausbrelksf9lubpp7odm3',
  'connection' => 'close',
  'referer' => 'http://l.my.com/admin.php/shop/sys_admin.order/index.html',
  'accept-encoding' => 'gzip, deflate',
  'accept-language' => 'zh-CN,zh;q=0.8,zh-TW;q=0.7,zh-HK;q=0.5,en-US;q=0.3,en;q=0.2',
  'accept' => 'text/html,application/xhtml+xml,application/xml;q=0.9,image/webp,*/*;q=0.8',
  'user-agent' => 'Mozilla/5.0 (Windows NT 10.0; Win64; x64; rv:65.0) Gecko/20100101 Firefox/65.0',
  'host' => 'l.my.com',
)
[ info ] [ PARAM ] array (
  'order_id' => '36',
)
---------------------------------------------------------------
[ 2019-03-22T19:31:04+08:00 ] 127.0.0.1 GET l.my.com/admin.php/mainAdmin/passport/login
[运行时间：0.046904s] [吞吐率：21.32req/s] [内存消耗：1,589.62kb] [文件加载：69]
[ info ] [ LANG ] D:\PHP\zp\my\mainObj\thinkphp\lang\zh-cn.php
[ info ] [ LANG ] D:\PHP\zp\my\mainObj\application\lang\zh-cn.php
[ info ] [ ROUTE ] array (
)
[ info ] [ HEADER ] array (
  'upgrade-insecure-requests' => '1',
  'cookie' => 'PHPSESSID=cgne8ausbrelksf9lubpp7odm3',
  'connection' => 'close',
  'referer' => 'http://l.my.com/admin.php/shop/sys_admin.order/index.html',
  'accept-encoding' => 'gzip, deflate',
  'accept-language' => 'zh-CN,zh;q=0.8,zh-TW;q=0.7,zh-HK;q=0.5,en-US;q=0.3,en;q=0.2',
  'accept' => 'text/html,application/xhtml+xml,application/xml;q=0.9,image/webp,*/*;q=0.8',
  'user-agent' => 'Mozilla/5.0 (Windows NT 10.0; Win64; x64; rv:65.0) Gecko/20100101 Firefox/65.0',
  'host' => 'l.my.com',
)
[ info ] [ PARAM ] array (
)
[ info ] [ VIEW ] D:\PHP\zp\my\mainObj\application\mainadmin\view\passport\login.html [ array (
) ]
---------------------------------------------------------------
[ 2019-03-22T19:31:08+08:00 ] 127.0.0.1 POST l.my.com/admin.php/mainAdmin/passport/login
[运行时间：0.115050s] [吞吐率：8.69req/s] [内存消耗：2,565.96kb] [文件加载：88]
[ info ] [ LANG ] D:\PHP\zp\my\mainObj\thinkphp\lang\zh-cn.php
[ info ] [ LANG ] D:\PHP\zp\my\mainObj\application\lang\zh-cn.php
[ info ] [ ROUTE ] array (
)
[ info ] [ HEADER ] array (
  'cookie' => 'PHPSESSID=cgne8ausbrelksf9lubpp7odm3',
  'connection' => 'close',
  'content-length' => '50',
  'x-requested-with' => 'XMLHttpRequest',
  'content-type' => 'application/x-www-form-urlencoded; charset=UTF-8',
  'referer' => 'http://l.my.com/admin.php/mainAdmin/passport/login',
  'accept-encoding' => 'gzip, deflate',
  'accept-language' => 'zh-CN,zh;q=0.8,zh-TW;q=0.7,zh-HK;q=0.5,en-US;q=0.3,en;q=0.2',
  'accept' => 'application/json, text/javascript, */*; q=0.01',
  'user-agent' => 'Mozilla/5.0 (Windows NT 10.0; Win64; x64; rv:65.0) Gecko/20100101 Firefox/65.0',
  'host' => 'l.my.com',
)
[ info ] [ PARAM ] array (
  'User' => 
  array (
    'user_name' => 'test',
    'password' => 'abc123',
  ),
)
[ info ] [ DB ] INIT mysql
[ sql ] [ DB ] CONNECT:[ UseTime:0.011251s ] mysql:host=127.0.0.1;dbname=main_obj_db;charset=utf8
[ sql ] [ SQL ] SHOW COLUMNS FROM `main_admin_user` [ RunTime:0.017606s ]
[ sql ] [ SQL ] SELECT * FROM `main_admin_user` WHERE  `user_name` = 'test'  AND `password` = '42bc491a8917d524b86f3c4dae21308a' LIMIT 1 [ RunTime:0.000846s ]
[ sql ] [ SQL ] UPDATE `main_admin_user`  SET `login_time` = 1553254268 , `login_ip` = '127.0.0.1' , `last_login_time` = 1553233768 , `last_login_ip` = '127.0.0.1'  WHERE  `user_id` = 10002 [ RunTime:0.000596s ]
[ sql ] [ SQL ] SHOW COLUMNS FROM `main_log_login` [ RunTime:0.015056s ]
[ sql ] [ SQL ] INSERT INTO `main_log_login` (`log_ip` , `log_time` , `user_id`) VALUES ('127.0.0.1' , 1553254268 , 10002) [ RunTime:0.000539s ]
[ sql ] [ SQL ] SHOW COLUMNS FROM `main_admin_role` [ RunTime:0.014071s ]
[ sql ] [ SQL ] SELECT * FROM `main_admin_role` WHERE  `role_id` = 1 LIMIT 1 [ RunTime:0.000462s ]
---------------------------------------------------------------
[ 2019-03-22T19:31:10+08:00 ] 127.0.0.1 GET l.my.com/admin.php/mainadmin/index/index.html
[运行时间：0.285319s] [吞吐率：3.50req/s] [内存消耗：3,299.82kb] [文件加载：100]
[ info ] [ LANG ] D:\PHP\zp\my\mainObj\thinkphp\lang\zh-cn.php
[ info ] [ LANG ] D:\PHP\zp\my\mainObj\application\lang\zh-cn.php
[ info ] [ ROUTE ] array (
)
[ info ] [ HEADER ] array (
  'upgrade-insecure-requests' => '1',
  'cookie' => 'PHPSESSID=cgne8ausbrelksf9lubpp7odm3',
  'connection' => 'close',
  'referer' => 'http://l.my.com/admin.php/mainAdmin/passport/login',
  'accept-encoding' => 'gzip, deflate',
  'accept-language' => 'zh-CN,zh;q=0.8,zh-TW;q=0.7,zh-HK;q=0.5,en-US;q=0.3,en;q=0.2',
  'accept' => 'text/html,application/xhtml+xml,application/xml;q=0.9,image/webp,*/*;q=0.8',
  'user-agent' => 'Mozilla/5.0 (Windows NT 10.0; Win64; x64; rv:65.0) Gecko/20100101 Firefox/65.0',
  'host' => 'l.my.com',
)
[ info ] [ PARAM ] array (
)
[ info ] [ DB ] INIT mysql
[ info ] [ VIEW ] D:\PHP\zp\my\mainObj\application\mainadmin\view\index\index.html [ array (
  0 => 'menus',
  1 => 'top_menus',
  2 => '_module',
  3 => 'admin',
  4 => 'menus_group',
  5 => 'start_day',
  6 => 'end_day',
  7 => 'today',
  8 => 'yesterday',
  9 => 'account',
  10 => 'rchargeLogNum',
  11 => 'withdrawLogNum',
  12 => 'userStats',
  13 => 'stats',
  14 => 'riqi',
) ]
[ sql ] [ DB ] CONNECT:[ UseTime:0.010411s ] mysql:host=127.0.0.1;dbname=main_obj_db;charset=utf8
[ sql ] [ SQL ] SHOW COLUMNS FROM `main_menu_list` [ RunTime:0.020383s ]
[ sql ] [ SQL ] SELECT * FROM `main_menu_list` WHERE  `parent` = '0'  AND `status` = 1 ORDER BY `sort_order` ASC [ RunTime:0.000773s ]
[ sql ] [ SQL ] SELECT * FROM `main_menu_list` WHERE  `parent` = 'mainadmin'  AND `group` = 'mainadmin'  AND `status` = 1 ORDER BY `sort_order` ASC [ RunTime:0.000680s ]
[ sql ] [ SQL ] SELECT * FROM `main_menu_list` WHERE  `parent` = 'adminUser'  AND `group` = 'mainadmin'  AND `status` = 1 ORDER BY `sort_order` ASC [ RunTime:0.000561s ]
[ sql ] [ SQL ] SELECT * FROM `main_menu_list` WHERE  `parent` = 'setting'  AND `group` = 'mainadmin'  AND `status` = 1 ORDER BY `sort_order` ASC [ RunTime:0.000602s ]
[ sql ] [ SQL ] SELECT * FROM `main_menu_list` WHERE  `parent` = 'smsManage'  AND `group` = 'mainadmin'  AND `status` = 1 ORDER BY `sort_order` ASC [ RunTime:0.000570s ]
[ sql ] [ SQL ] SELECT * FROM `main_menu_list` WHERE  `parent` = 'payment'  AND `group` = 'mainadmin'  AND `status` = 1 ORDER BY `sort_order` ASC [ RunTime:0.000700s ]
[ sql ] [ SQL ] SELECT * FROM `main_menu_list` WHERE  `parent` = 'sysLog'  AND `group` = 'mainadmin'  AND `status` = 1 ORDER BY `sort_order` ASC [ RunTime:0.001227s ]
[ sql ] [ SQL ] SELECT * FROM `main_menu_list` WHERE  `parent` = 'article'  AND `group` = 'mainadmin'  AND `status` = 1 ORDER BY `sort_order` ASC [ RunTime:0.001582s ]
[ sql ] [ SQL ] SELECT * FROM `main_menu_list` WHERE  `parent` = 'backupDb'  AND `group` = 'mainadmin'  AND `status` = 1 ORDER BY `sort_order` ASC [ RunTime:0.000683s ]
[ sql ] [ SQL ] SELECT * FROM `main_menu_list` WHERE  `parent` = 'weixin'  AND `group` = 'weixin'  AND `status` = 1 ORDER BY `sort_order` ASC [ RunTime:0.000640s ]
[ sql ] [ SQL ] SELECT * FROM `main_menu_list` WHERE  `parent` = 'weixinMaterial'  AND `group` = 'weixin'  AND `status` = 1 ORDER BY `sort_order` ASC [ RunTime:0.000603s ]
[ sql ] [ SQL ] SELECT * FROM `main_menu_list` WHERE  `parent` = 'shop'  AND `group` = 'shop'  AND `status` = 1 ORDER BY `sort_order` ASC [ RunTime:0.000637s ]
[ sql ] [ SQL ] SELECT * FROM `main_menu_list` WHERE  `parent` = 'shopOrder'  AND `group` = 'shop'  AND `status` = 1 ORDER BY `sort_order` ASC [ RunTime:0.000596s ]
[ sql ] [ SQL ] SELECT * FROM `main_menu_list` WHERE  `parent` = 'shopGoods'  AND `group` = 'shop'  AND `status` = 1 ORDER BY `sort_order` ASC [ RunTime:0.000589s ]
[ sql ] [ SQL ] SELECT * FROM `main_menu_list` WHERE  `parent` = 'shopPromotion'  AND `group` = 'shop'  AND `status` = 1 ORDER BY `sort_order` ASC [ RunTime:0.000622s ]
[ sql ] [ SQL ] SELECT * FROM `main_menu_list` WHERE  `parent` = 'groupBuy'  AND `group` = 'shop'  AND `status` = 1 ORDER BY `sort_order` ASC [ RunTime:0.000569s ]
[ sql ] [ SQL ] SELECT * FROM `main_menu_list` WHERE  `parent` = 'spike'  AND `group` = 'shop'  AND `status` = 1 ORDER BY `sort_order` ASC [ RunTime:0.000564s ]
[ sql ] [ SQL ] SELECT * FROM `main_menu_list` WHERE  `parent` = 'integral'  AND `group` = 'shop'  AND `status` = 1 ORDER BY `sort_order` ASC [ RunTime:0.000594s ]
[ sql ] [ SQL ] SELECT * FROM `main_menu_list` WHERE  `parent` = 'defIndex'  AND `group` = 'shop'  AND `status` = 1 ORDER BY `sort_order` ASC [ RunTime:0.000602s ]
[ sql ] [ SQL ] SELECT * FROM `main_menu_list` WHERE  `parent` = 'shopComment'  AND `group` = 'shop'  AND `status` = 1 ORDER BY `sort_order` ASC [ RunTime:0.000577s ]
[ sql ] [ SQL ] SELECT * FROM `main_menu_list` WHERE  `parent` = 'distribution'  AND `group` = 'distribution'  AND `status` = 1 ORDER BY `sort_order` ASC [ RunTime:0.000592s ]
[ sql ] [ SQL ] SELECT * FROM `main_menu_list` WHERE  `parent` = 'member'  AND `group` = 'member'  AND `status` = 1 ORDER BY `sort_order` ASC [ RunTime:0.000623s ]
[ sql ] [ SQL ] SELECT * FROM `main_menu_list` WHERE  `parent` = 'memberLog'  AND `group` = 'member'  AND `status` = 1 ORDER BY `sort_order` ASC [ RunTime:0.000571s ]
[ sql ] [ SQL ] SHOW COLUMNS FROM `main_settings` [ RunTime:0.017697s ]
[ sql ] [ SQL ] SELECT * FROM `main_settings` [ RunTime:0.000668s ]
[ sql ] [ SQL ] SHOW COLUMNS FROM `shop_order_info` [ RunTime:0.015243s ]
[ sql ] [ SQL ] SELECT `order_id` FROM `shop_order_info` WHERE  `shipping_status` = 1  AND `shipping_time` < 1552649469 [ RunTime:0.000739s ]
[ sql ] [ SQL ] SHOW COLUMNS FROM `distribution_eval_arrival_log` [ RunTime:0.015364s ]
[ sql ] [ SQL ] SELECT `log_time` FROM `distribution_eval_arrival_log` ORDER BY `log_id` DESC LIMIT 1 [ RunTime:0.000542s ]
[ sql ] [ SQL ] SHOW COLUMNS FROM `users_account` [ RunTime:0.016628s ]
[ sql ] [ SQL ] SELECT SUM(`balance_money`) AS tp_sum FROM `users_account` LIMIT 1 [ RunTime:0.000411s ]
[ sql ] [ SQL ] SELECT SUM(`bean_value`) AS tp_sum FROM `users_account` LIMIT 1 [ RunTime:0.000281s ]
[ sql ] [ SQL ] SHOW COLUMNS FROM `users_recharge_log` [ RunTime:0.016811s ]
[ sql ] [ SQL ] SELECT COUNT(`order_id`) AS tp_count FROM `users_recharge_log` WHERE  `status` = 0 LIMIT 1 [ RunTime:0.000462s ]
[ sql ] [ SQL ] SHOW COLUMNS FROM `users_withdraw_log` [ RunTime:0.015161s ]
[ sql ] [ SQL ] SELECT COUNT(`log_id`) AS tp_count FROM `users_withdraw_log` WHERE  `status` = 0 LIMIT 1 [ RunTime:0.000544s ]
[ sql ] [ SQL ] SELECT SUM(`balance_money`) AS tp_sum FROM `users_account` LIMIT 1 [ RunTime:0.000323s ]
[ sql ] [ SQL ] SELECT SUM(`bean_value`) AS tp_sum FROM `users_account` LIMIT 1 [ RunTime:0.000300s ]
[ sql ] [ SQL ] SHOW COLUMNS FROM `users` [ RunTime:0.016290s ]
[ sql ] [ SQL ] SELECT COUNT(`user_id`) AS tp_count FROM `users` LIMIT 1 [ RunTime:0.000473s ]
[ sql ] [ SQL ] SELECT COUNT(`user_id`) AS tp_count FROM `users` WHERE  `role_id` = 0 LIMIT 1 [ RunTime:0.000330s ]
[ sql ] [ SQL ] SELECT COUNT(`user_id`) AS tp_count FROM `users` WHERE  `reg_time` > 1553184000 LIMIT 1 [ RunTime:0.000280s ]
[ sql ] [ SQL ] SELECT COUNT(`user_id`) AS tp_count FROM `users` WHERE  `reg_time` BETWEEN 1553097599 AND 0 LIMIT 1 [ RunTime:0.000308s ]
[ sql ] [ SQL ] SELECT COUNT(`order_id`) AS tp_count FROM `shop_order_info` WHERE  `order_status` = 1  AND `shipping_status` = 0 LIMIT 1 [ RunTime:0.000685s ]
[ sql ] [ SQL ] SELECT `order_id`,`order_status`,`pay_status`,`shipping_status`,`is_pay`,`order_amount`,`dividend_amount` FROM `shop_order_info` WHERE  `add_time` BETWEEN 1552579200 AND 1552665599 [ RunTime:0.000610s ]
[ sql ] [ SQL ] SELECT COUNT(`order_id`) AS tp_count FROM `shop_order_info` WHERE  `shipping_time` BETWEEN 1552579200 AND 1552665599  AND `shipping_status` = 1 LIMIT 1 [ RunTime:0.000587s ]
[ sql ] [ SQL ] SELECT COUNT(`order_id`) AS tp_count FROM `shop_order_info` WHERE  `sign_time` BETWEEN 1552579200 AND 1552665599  AND `shipping_status` = 2 LIMIT 1 [ RunTime:0.000494s ]
[ sql ] [ SQL ] SELECT `order_id`,`order_status`,`pay_status`,`shipping_status`,`is_pay`,`order_amount`,`dividend_amount` FROM `shop_order_info` WHERE  `add_time` BETWEEN 1552665600 AND 1552751999 [ RunTime:0.000421s ]
[ sql ] [ SQL ] SELECT COUNT(`order_id`) AS tp_count FROM `shop_order_info` WHERE  `shipping_time` BETWEEN 1552665600 AND 1552751999  AND `shipping_status` = 1 LIMIT 1 [ RunTime:0.000443s ]
[ sql ] [ SQL ] SELECT COUNT(`order_id`) AS tp_count FROM `shop_order_info` WHERE  `sign_time` BETWEEN 1552665600 AND 1552751999  AND `shipping_status` = 2 LIMIT 1 [ RunTime:0.000337s ]
[ sql ] [ SQL ] SELECT `order_id`,`order_status`,`pay_status`,`shipping_status`,`is_pay`,`order_amount`,`dividend_amount` FROM `shop_order_info` WHERE  `add_time` BETWEEN 1552752000 AND 1552838399 [ RunTime:0.000719s ]
[ sql ] [ SQL ] SELECT COUNT(`order_id`) AS tp_count FROM `shop_order_info` WHERE  `shipping_time` BETWEEN 1552752000 AND 1552838399  AND `shipping_status` = 1 LIMIT 1 [ RunTime:0.000466s ]
[ sql ] [ SQL ] SELECT COUNT(`order_id`) AS tp_count FROM `shop_order_info` WHERE  `sign_time` BETWEEN 1552752000 AND 1552838399  AND `shipping_status` = 2 LIMIT 1 [ RunTime:0.000343s ]
[ sql ] [ SQL ] SELECT `order_id`,`order_status`,`pay_status`,`shipping_status`,`is_pay`,`order_amount`,`dividend_amount` FROM `shop_order_info` WHERE  `add_time` BETWEEN 1552838400 AND 1552924799 [ RunTime:0.000321s ]
[ sql ] [ SQL ] SELECT COUNT(`order_id`) AS tp_count FROM `shop_order_info` WHERE  `shipping_time` BETWEEN 1552838400 AND 1552924799  AND `shipping_status` = 1 LIMIT 1 [ RunTime:0.000323s ]
[ sql ] [ SQL ] SELECT COUNT(`order_id`) AS tp_count FROM `shop_order_info` WHERE  `sign_time` BETWEEN 1552838400 AND 1552924799  AND `shipping_status` = 2 LIMIT 1 [ RunTime:0.000354s ]
[ sql ] [ SQL ] SELECT `order_id`,`order_status`,`pay_status`,`shipping_status`,`is_pay`,`order_amount`,`dividend_amount` FROM `shop_order_info` WHERE  `add_time` BETWEEN 1552924800 AND 1553011199 [ RunTime:0.000335s ]
[ sql ] [ SQL ] SELECT COUNT(`order_id`) AS tp_count FROM `shop_order_info` WHERE  `shipping_time` BETWEEN 1552924800 AND 1553011199  AND `shipping_status` = 1 LIMIT 1 [ RunTime:0.000314s ]
[ sql ] [ SQL ] SELECT COUNT(`order_id`) AS tp_count FROM `shop_order_info` WHERE  `sign_time` BETWEEN 1552924800 AND 1553011199  AND `shipping_status` = 2 LIMIT 1 [ RunTime:0.000314s ]
[ sql ] [ SQL ] SELECT `order_id`,`order_status`,`pay_status`,`shipping_status`,`is_pay`,`order_amount`,`dividend_amount` FROM `shop_order_info` WHERE  `add_time` BETWEEN 1553011200 AND 1553097599 [ RunTime:0.000316s ]
[ sql ] [ SQL ] SELECT COUNT(`order_id`) AS tp_count FROM `shop_order_info` WHERE  `shipping_time` BETWEEN 1553011200 AND 1553097599  AND `shipping_status` = 1 LIMIT 1 [ RunTime:0.000306s ]
[ sql ] [ SQL ] SELECT COUNT(`order_id`) AS tp_count FROM `shop_order_info` WHERE  `sign_time` BETWEEN 1553011200 AND 1553097599  AND `shipping_status` = 2 LIMIT 1 [ RunTime:0.000299s ]
[ sql ] [ SQL ] SELECT `order_id`,`order_status`,`pay_status`,`shipping_status`,`is_pay`,`order_amount`,`dividend_amount` FROM `shop_order_info` WHERE  `add_time` BETWEEN 1553097600 AND 1553183999 [ RunTime:0.000322s ]
[ sql ] [ SQL ] SELECT COUNT(`order_id`) AS tp_count FROM `shop_order_info` WHERE  `shipping_time` BETWEEN 1553097600 AND 1553183999  AND `shipping_status` = 1 LIMIT 1 [ RunTime:0.000422s ]
[ sql ] [ SQL ] SELECT COUNT(`order_id`) AS tp_count FROM `shop_order_info` WHERE  `sign_time` BETWEEN 1553097600 AND 1553183999  AND `shipping_status` = 2 LIMIT 1 [ RunTime:0.000902s ]
[ sql ] [ SQL ] SELECT `order_id`,`order_status`,`pay_status`,`shipping_status`,`is_pay`,`order_amount`,`dividend_amount` FROM `shop_order_info` WHERE  `add_time` BETWEEN 1553184000 AND 1553270399 [ RunTime:0.000945s ]
[ sql ] [ SQL ] SELECT COUNT(`order_id`) AS tp_count FROM `shop_order_info` WHERE  `shipping_time` BETWEEN 1553184000 AND 1553270399  AND `shipping_status` = 1 LIMIT 1 [ RunTime:0.000525s ]
[ sql ] [ SQL ] SELECT COUNT(`order_id`) AS tp_count FROM `shop_order_info` WHERE  `sign_time` BETWEEN 1553184000 AND 1553270399  AND `shipping_status` = 2 LIMIT 1 [ RunTime:0.000341s ]
[ error ] [8]未定义数组下标: 1[D:\PHP\zp\my\mainObj\thinkphp\library\think\db\Builder.php:569]
[ error ] [8]未定义数组索引: all_add_num[D:\PHP\zp\my\mainObj\application\mainadmin\controller\Index.php:167]
[ error ] [8]未定义数组索引: order_pay_num[D:\PHP\zp\my\mainObj\application\mainadmin\controller\Index.php:169]
[ error ] [8]未定义数组索引: order_amount[D:\PHP\zp\my\mainObj\application\mainadmin\controller\Index.php:170]
[ error ] [8]未定义数组索引: dividend_amount[D:\PHP\zp\my\mainObj\application\mainadmin\controller\Index.php:171]
[ error ] [8]未定义数组索引: seven_order_amount_all[D:\PHP\zp\my\mainObj\application\mainadmin\controller\Index.php:130]
[ error ] [8]未定义数组索引: seven_real_amount_all[D:\PHP\zp\my\mainObj\application\mainadmin\controller\Index.php:131]
[ error ] [8]未定义数组索引: seven_dividend_amount_all[D:\PHP\zp\my\mainObj\application\mainadmin\controller\Index.php:132]
[ error ] [8]未定义数组索引: seven_shpping_num[D:\PHP\zp\my\mainObj\application\mainadmin\controller\Index.php:136]
[ error ] [8]未定义数组索引: seven_pay_num[D:\PHP\zp\my\mainObj\application\mainadmin\controller\Index.php:137]
[ error ] [8]未定义数组索引: seven_add_num[D:\PHP\zp\my\mainObj\application\mainadmin\controller\Index.php:138]
[ error ] [8]未定义数组索引: seven_sign_num[D:\PHP\zp\my\mainObj\application\mainadmin\controller\Index.php:139]
[ error ] [8]未定义数组索引: all_add_num[D:\PHP\zp\my\mainObj\application\mainadmin\controller\Index.php:167]
[ error ] [8]未定义数组索引: order_amount[D:\PHP\zp\my\mainObj\application\mainadmin\controller\Index.php:130]
[ error ] [8]未定义数组索引: order_amount[D:\PHP\zp\my\mainObj\application\mainadmin\controller\Index.php:131]
[ error ] [8]未定义数组索引: dividend_amount[D:\PHP\zp\my\mainObj\application\mainadmin\controller\Index.php:131]
[ error ] [8]未定义数组索引: dividend_amount[D:\PHP\zp\my\mainObj\application\mainadmin\controller\Index.php:132]
[ error ] [8]未定义数组索引: order_amount[D:\PHP\zp\my\mainObj\application\mainadmin\controller\Index.php:133]
[ error ] [8]未定义数组索引: order_amount[D:\PHP\zp\my\mainObj\application\mainadmin\controller\Index.php:134]
[ error ] [8]未定义数组索引: dividend_amount[D:\PHP\zp\my\mainObj\application\mainadmin\controller\Index.php:134]
[ error ] [8]未定义数组索引: dividend_amount[D:\PHP\zp\my\mainObj\application\mainadmin\controller\Index.php:135]
[ error ] [8]未定义数组索引: order_pay_num[D:\PHP\zp\my\mainObj\application\mainadmin\controller\Index.php:137]
[ error ] [8]未定义数组索引: order_pay_num[D:\PHP\zp\my\mainObj\application\mainadmin\controller\Index.php:141]
[ error ] [8]未定义数组索引: order_amount[D:\PHP\zp\my\mainObj\application\mainadmin\controller\Index.php:130]
[ error ] [8]未定义数组索引: order_amount[D:\PHP\zp\my\mainObj\application\mainadmin\controller\Index.php:131]
[ error ] [8]未定义数组索引: dividend_amount[D:\PHP\zp\my\mainObj\application\mainadmin\controller\Index.php:131]
[ error ] [8]未定义数组索引: dividend_amount[D:\PHP\zp\my\mainObj\application\mainadmin\controller\Index.php:132]
[ error ] [8]未定义数组索引: order_amount[D:\PHP\zp\my\mainObj\application\mainadmin\controller\Index.php:133]
[ error ] [8]未定义数组索引: order_amount[D:\PHP\zp\my\mainObj\application\mainadmin\controller\Index.php:134]
[ error ] [8]未定义数组索引: dividend_amount[D:\PHP\zp\my\mainObj\application\mainadmin\controller\Index.php:134]
[ error ] [8]未定义数组索引: dividend_amount[D:\PHP\zp\my\mainObj\application\mainadmin\controller\Index.php:135]
[ error ] [8]未定义数组索引: order_pay_num[D:\PHP\zp\my\mainObj\application\mainadmin\controller\Index.php:137]
[ error ] [8]未定义数组索引: all_add_num[D:\PHP\zp\my\mainObj\application\mainadmin\controller\Index.php:138]
[ error ] [8]未定义数组索引: all_add_num[D:\PHP\zp\my\mainObj\application\mainadmin\controller\Index.php:140]
[ error ] [8]未定义数组索引: order_pay_num[D:\PHP\zp\my\mainObj\application\mainadmin\controller\Index.php:141]
[ error ] [8]未定义数组索引: all_add_num[D:\PHP\zp\my\mainObj\application\mainadmin\controller\Index.php:167]
[ error ] [8]未定义数组索引: order_pay_num[D:\PHP\zp\my\mainObj\application\mainadmin\controller\Index.php:169]
[ error ] [8]未定义数组索引: order_amount[D:\PHP\zp\my\mainObj\application\mainadmin\controller\Index.php:170]
[ error ] [8]未定义数组索引: dividend_amount[D:\PHP\zp\my\mainObj\application\mainadmin\controller\Index.php:171]
[ error ] [8]未定义数组索引: all_add_num[D:\PHP\zp\my\mainObj\application\mainadmin\controller\Index.php:167]
[ error ] [8]未定义数组索引: order_pay_num[D:\PHP\zp\my\mainObj\application\mainadmin\controller\Index.php:169]
[ error ] [8]未定义数组索引: order_amount[D:\PHP\zp\my\mainObj\application\mainadmin\controller\Index.php:170]
[ error ] [8]未定义数组索引: dividend_amount[D:\PHP\zp\my\mainObj\application\mainadmin\controller\Index.php:171]
[ error ] [8]未定义数组索引: all_add_num[D:\PHP\zp\my\mainObj\application\mainadmin\controller\Index.php:167]
[ error ] [8]未定义数组索引: order_pay_num[D:\PHP\zp\my\mainObj\application\mainadmin\controller\Index.php:169]
[ error ] [8]未定义数组索引: order_amount[D:\PHP\zp\my\mainObj\application\mainadmin\controller\Index.php:170]
[ error ] [8]未定义数组索引: dividend_amount[D:\PHP\zp\my\mainObj\application\mainadmin\controller\Index.php:171]
[ error ] [8]未定义数组索引: all_add_num[D:\PHP\zp\my\mainObj\application\mainadmin\controller\Index.php:167]
[ error ] [8]未定义数组索引: order_pay_num[D:\PHP\zp\my\mainObj\application\mainadmin\controller\Index.php:124]
[ error ] [8]未定义数组索引: order_amount[D:\PHP\zp\my\mainObj\application\mainadmin\controller\Index.php:130]
[ error ] [8]未定义数组索引: order_amount[D:\PHP\zp\my\mainObj\application\mainadmin\controller\Index.php:131]
[ error ] [8]未定义数组索引: dividend_amount[D:\PHP\zp\my\mainObj\application\mainadmin\controller\Index.php:131]
[ error ] [8]未定义数组索引: dividend_amount[D:\PHP\zp\my\mainObj\application\mainadmin\controller\Index.php:132]
[ error ] [8]未定义数组索引: order_amount[D:\PHP\zp\my\mainObj\application\mainadmin\controller\Index.php:133]
[ error ] [8]未定义数组索引: order_amount[D:\PHP\zp\my\mainObj\application\mainadmin\controller\Index.php:134]
[ error ] [8]未定义数组索引: dividend_amount[D:\PHP\zp\my\mainObj\application\mainadmin\controller\Index.php:134]
[ error ] [8]未定义数组索引: dividend_amount[D:\PHP\zp\my\mainObj\application\mainadmin\controller\Index.php:135]
[ error ] [8]未定义数组索引: order_pay_num[D:\PHP\zp\my\mainObj\application\mainadmin\controller\Index.php:137]
[ error ] [8]未定义数组索引: order_pay_num[D:\PHP\zp\my\mainObj\application\mainadmin\controller\Index.php:141]
[ error ] [8]未定义数组索引: all_add_num[D:\PHP\zp\my\mainObj\application\mainadmin\controller\Index.php:167]
[ error ] [8]未定义数组索引: order_pay_num[D:\PHP\zp\my\mainObj\application\mainadmin\controller\Index.php:169]
[ error ] [8]未定义数组索引: order_amount[D:\PHP\zp\my\mainObj\application\mainadmin\controller\Index.php:170]
[ error ] [8]未定义数组索引: dividend_amount[D:\PHP\zp\my\mainObj\application\mainadmin\controller\Index.php:171]
---------------------------------------------------------------
[ 2019-03-22T19:31:11+08:00 ] 127.0.0.1 GET l.my.com/admin.php/shop/sys_admin.order/index.html
[运行时间：0.143660s] [吞吐率：6.96req/s] [内存消耗：2,989.83kb] [文件加载：91]
[ info ] [ LANG ] D:\PHP\zp\my\mainObj\thinkphp\lang\zh-cn.php
[ info ] [ LANG ] D:\PHP\zp\my\mainObj\application\lang\zh-cn.php
[ info ] [ ROUTE ] array (
)
[ info ] [ HEADER ] array (
  'upgrade-insecure-requests' => '1',
  'cookie' => 'PHPSESSID=cgne8ausbrelksf9lubpp7odm3',
  'connection' => 'close',
  'referer' => 'http://l.my.com/admin.php/mainadmin/index/index.html',
  'accept-encoding' => 'gzip, deflate',
  'accept-language' => 'zh-CN,zh;q=0.8,zh-TW;q=0.7,zh-HK;q=0.5,en-US;q=0.3,en;q=0.2',
  'accept' => 'text/html,application/xhtml+xml,application/xml;q=0.9,image/webp,*/*;q=0.8',
  'user-agent' => 'Mozilla/5.0 (Windows NT 10.0; Win64; x64; rv:65.0) Gecko/20100101 Firefox/65.0',
  'host' => 'l.my.com',
)
[ info ] [ PARAM ] array (
)
[ info ] [ DB ] INIT mysql
[ info ] [ VIEW ] D:\PHP\zp\my\mainObj\application\shop\view\sys_admin\order\index.html [ array (
  0 => 'menus',
  1 => 'top_menus',
  2 => '_module',
  3 => 'admin',
  4 => 'menus_group',
  5 => 'start_date',
  6 => 'end_date',
  7 => 'is_cancel',
  8 => 'orderLang',
  9 => 'data',
  10 => 'search',
) ]
[ sql ] [ DB ] CONNECT:[ UseTime:0.001339s ] mysql:host=127.0.0.1;dbname=main_obj_db;charset=utf8
[ sql ] [ SQL ] SHOW COLUMNS FROM `shop_order_info` [ RunTime:0.021352s ]
[ sql ] [ SQL ] SELECT COUNT(*) AS tp_count FROM `shop_order_info` WHERE  `store_id` = 0  AND `add_time` BETWEEN 1550835071 AND 1553254271 ORDER BY `order_id` DESC LIMIT 1 [ RunTime:0.000782s ]
[ sql ] [ SQL ] SELECT `order_id` FROM `shop_order_info` WHERE  `store_id` = 0  AND `add_time` BETWEEN 1550835071 AND 1553254271 ORDER BY `order_id` DESC LIMIT 0,10 [ RunTime:0.000529s ]
[ sql ] [ SQL ] SELECT * FROM `shop_order_info` WHERE  `order_id` = 36 LIMIT 1 [ RunTime:0.000664s ]
[ sql ] [ SQL ] SHOW COLUMNS FROM `shop_order_goods` [ RunTime:0.016807s ]
[ sql ] [ SQL ] SELECT * FROM `shop_order_goods` WHERE  `order_id` = 36 ORDER BY `rec_id` ASC [ RunTime:0.000982s ]
[ sql ] [ SQL ] SELECT * FROM `shop_order_info` WHERE  `order_id` = 35 LIMIT 1 [ RunTime:0.000983s ]
[ sql ] [ SQL ] SELECT * FROM `shop_order_goods` WHERE  `order_id` = 35 ORDER BY `rec_id` ASC [ RunTime:0.000580s ]
[ sql ] [ SQL ] SELECT * FROM `shop_order_info` WHERE  `order_id` = 34 LIMIT 1 [ RunTime:0.000726s ]
[ sql ] [ SQL ] SELECT * FROM `shop_order_goods` WHERE  `order_id` = 34 ORDER BY `rec_id` ASC [ RunTime:0.000620s ]
[ sql ] [ SQL ] SELECT * FROM `shop_order_info` WHERE  `order_id` = 33 LIMIT 1 [ RunTime:0.000621s ]
[ sql ] [ SQL ] SELECT * FROM `shop_order_goods` WHERE  `order_id` = 33 ORDER BY `rec_id` ASC [ RunTime:0.000547s ]
[ sql ] [ SQL ] SELECT * FROM `shop_order_info` WHERE  `order_id` = 32 LIMIT 1 [ RunTime:0.000585s ]
[ sql ] [ SQL ] SELECT * FROM `shop_order_goods` WHERE  `order_id` = 32 ORDER BY `rec_id` ASC [ RunTime:0.000497s ]
[ sql ] [ SQL ] SELECT * FROM `shop_order_info` WHERE  `order_id` = 31 LIMIT 1 [ RunTime:0.000594s ]
[ sql ] [ SQL ] SELECT * FROM `shop_order_goods` WHERE  `order_id` = 31 ORDER BY `rec_id` ASC [ RunTime:0.000480s ]
[ sql ] [ SQL ] SELECT * FROM `shop_order_info` WHERE  `order_id` = 30 LIMIT 1 [ RunTime:0.000771s ]
[ sql ] [ SQL ] SELECT * FROM `shop_order_goods` WHERE  `order_id` = 30 ORDER BY `rec_id` ASC [ RunTime:0.001691s ]
[ sql ] [ SQL ] SELECT * FROM `shop_order_info` WHERE  `order_id` = 29 LIMIT 1 [ RunTime:0.002270s ]
[ sql ] [ SQL ] SELECT * FROM `shop_order_goods` WHERE  `order_id` = 29 ORDER BY `rec_id` ASC [ RunTime:0.000703s ]
[ sql ] [ SQL ] SELECT * FROM `shop_order_info` WHERE  `order_id` = 28 LIMIT 1 [ RunTime:0.000707s ]
[ sql ] [ SQL ] SELECT * FROM `shop_order_goods` WHERE  `order_id` = 28 ORDER BY `rec_id` ASC [ RunTime:0.000559s ]
[ sql ] [ SQL ] SELECT * FROM `shop_order_info` WHERE  `order_id` = 27 LIMIT 1 [ RunTime:0.000623s ]
[ sql ] [ SQL ] SELECT * FROM `shop_order_goods` WHERE  `order_id` = 27 ORDER BY `rec_id` ASC [ RunTime:0.000546s ]
---------------------------------------------------------------
[ 2019-03-22T19:31:13+08:00 ] 127.0.0.1 GET l.my.com/admin.php/shop/sys_admin.order/info/order_id/36.html
[运行时间：0.187381s] [吞吐率：5.34req/s] [内存消耗：3,144.98kb] [文件加载：99]
[ info ] [ LANG ] D:\PHP\zp\my\mainObj\thinkphp\lang\zh-cn.php
[ info ] [ LANG ] D:\PHP\zp\my\mainObj\application\lang\zh-cn.php
[ info ] [ ROUTE ] array (
)
[ info ] [ HEADER ] array (
  'upgrade-insecure-requests' => '1',
  'cookie' => 'PHPSESSID=cgne8ausbrelksf9lubpp7odm3',
  'connection' => 'close',
  'referer' => 'http://l.my.com/admin.php/shop/sys_admin.order/index.html',
  'accept-encoding' => 'gzip, deflate',
  'accept-language' => 'zh-CN,zh;q=0.8,zh-TW;q=0.7,zh-HK;q=0.5,en-US;q=0.3,en;q=0.2',
  'accept' => 'text/html,application/xhtml+xml,application/xml;q=0.9,image/webp,*/*;q=0.8',
  'user-agent' => 'Mozilla/5.0 (Windows NT 10.0; Win64; x64; rv:65.0) Gecko/20100101 Firefox/65.0',
  'host' => 'l.my.com',
)
[ info ] [ PARAM ] array (
  'order_id' => '36',
)
[ info ] [ DB ] INIT mysql
[ info ] [ VIEW ] D:\PHP\zp\my\mainObj\application\shop\view\sys_admin\order\info.html [ array (
  0 => 'menus',
  1 => 'top_menus',
  2 => '_module',
  3 => 'admin',
  4 => 'menus_group',
  5 => 'orderLog',
  6 => 'orderLang',
  7 => 'operating',
  8 => 'orderInfo',
  9 => 'dividend_log',
) ]
[ sql ] [ DB ] CONNECT:[ UseTime:0.000956s ] mysql:host=127.0.0.1;dbname=main_obj_db;charset=utf8
[ sql ] [ SQL ] SHOW COLUMNS FROM `shop_order_log` [ RunTime:0.016157s ]
[ sql ] [ SQL ] SELECT * FROM `shop_order_log` WHERE  `order_id` = 36 ORDER BY `log_id` DESC [ RunTime:0.000613s ]
[ sql ] [ SQL ] SHOW COLUMNS FROM `distribution_dividend_log` [ RunTime:0.014701s ]
[ sql ] [ SQL ] SELECT * FROM `distribution_dividend_log` WHERE  `order_id` = 36 ORDER BY `level` ASC [ RunTime:0.000754s ]
[ sql ] [ SQL ] SHOW COLUMNS FROM `users` [ RunTime:0.015206s ]
[ sql ] [ SQL ] SELECT * FROM `users` WHERE  `user_id` = 29896 LIMIT 1 [ RunTime:0.000578s ]
[ sql ] [ SQL ] SHOW COLUMNS FROM `users_account` [ RunTime:0.016531s ]
[ sql ] [ SQL ] SELECT * FROM `users_account` WHERE  `user_id` = 29896 LIMIT 1 [ RunTime:0.000490s ]
[ sql ] [ SQL ] SHOW COLUMNS FROM `users_level` [ RunTime:0.016132s ]
[ sql ] [ SQL ] SELECT *,level_id as id,level_name as name FROM `users_level` ORDER BY `min` ASC [ RunTime:0.000570s ]
[ sql ] [ SQL ] SHOW COLUMNS FROM `distribution_dividend_role` [ RunTime:0.013428s ]
[ sql ] [ SQL ] SELECT *,role_id as id,role_name as name FROM `distribution_dividend_role` ORDER BY `level` ASC [ RunTime:0.000622s ]
[ sql ] [ SQL ] SELECT * FROM `users` WHERE  `user_id` = 29892 LIMIT 1 [ RunTime:0.001019s ]
[ sql ] [ SQL ] SELECT * FROM `users_account` WHERE  `user_id` = 29892 LIMIT 1 [ RunTime:0.000581s ]
[ sql ] [ SQL ] SELECT * FROM `users` WHERE  `user_id` = 29889 LIMIT 1 [ RunTime:0.000491s ]
[ sql ] [ SQL ] SELECT * FROM `users_account` WHERE  `user_id` = 29889 LIMIT 1 [ RunTime:0.000336s ]
[ error ] [8]未定义数组索引: total_integral[D:\PHP\zp\my\mainObj\application\member\model\UsersModel.php:327]
[ error ] [8]未定义变量: row[D:\PHP\zp\my\mainObj\runtime\temp\efa7592817ce7bce3116074d8f0f1d9d.php:413]
[ error ] [8]未定义变量: row[D:\PHP\zp\my\mainObj\runtime\temp\efa7592817ce7bce3116074d8f0f1d9d.php:483]
[ error ] [8]未定义数组索引: total_integral[D:\PHP\zp\my\mainObj\application\member\model\UsersModel.php:327]
[ error ] [8]未定义数组索引: total_integral[D:\PHP\zp\my\mainObj\application\member\model\UsersModel.php:327]
---------------------------------------------------------------
[ 2019-03-22T19:31:17+08:00 ] 127.0.0.1 POST l.my.com/admin.php/shop/sys_admin.order/cancel/id/36.html
[运行时间：1.870380s] [吞吐率：0.53req/s] [内存消耗：3,262.95kb] [文件加载：101]
[ info ] [ LANG ] D:\PHP\zp\my\mainObj\thinkphp\lang\zh-cn.php
[ info ] [ LANG ] D:\PHP\zp\my\mainObj\application\lang\zh-cn.php
[ info ] [ ROUTE ] array (
)
[ info ] [ HEADER ] array (
  'content-length' => '0',
  'cookie' => 'PHPSESSID=cgne8ausbrelksf9lubpp7odm3',
  'connection' => 'close',
  'x-requested-with' => 'XMLHttpRequest',
  'referer' => 'http://l.my.com/admin.php/shop/sys_admin.order/info/order_id/36.html',
  'accept-encoding' => 'gzip, deflate',
  'accept-language' => 'zh-CN,zh;q=0.8,zh-TW;q=0.7,zh-HK;q=0.5,en-US;q=0.3,en;q=0.2',
  'accept' => '*/*',
  'user-agent' => 'Mozilla/5.0 (Windows NT 10.0; Win64; x64; rv:65.0) Gecko/20100101 Firefox/65.0',
  'host' => 'l.my.com',
)
[ info ] [ PARAM ] array (
  'id' => '36',
)
[ info ] [ DB ] INIT mysql
[ sql ] [ DB ] CONNECT:[ UseTime:0.010652s ] mysql:host=127.0.0.1;dbname=main_obj_db;charset=utf8
[ sql ] [ SQL ] SHOW COLUMNS FROM `shop_order_info` [ RunTime:0.018749s ]
[ sql ] [ SQL ] SELECT * FROM `shop_order_info` WHERE  `order_id` = 36 LIMIT 1 [ RunTime:0.000746s ]
[ sql ] [ SQL ] SHOW COLUMNS FROM `shop_order_goods` [ RunTime:0.013357s ]
[ sql ] [ SQL ] SELECT * FROM `shop_order_goods` WHERE  `order_id` = 36  AND `is_dividend` = 1 [ RunTime:0.000508s ]
[ sql ] [ SQL ] SHOW COLUMNS FROM `distribution_dividend_log` [ RunTime:0.012605s ]
[ sql ] [ SQL ] SELECT COUNT(*) AS tp_count FROM `distribution_dividend_log` WHERE  `order_id` = 36 LIMIT 1 [ RunTime:0.000357s ]
[ sql ] [ SQL ] UPDATE `distribution_dividend_log`  SET `status` = 1 , `update_time` = 1553254276  WHERE  `order_id` = 36 [ RunTime:0.000432s ]
[ sql ] [ SQL ] SHOW COLUMNS FROM `users` [ RunTime:0.013468s ]
[ sql ] [ SQL ] SELECT `nick_name` FROM `users` WHERE  `user_id` = 29896 LIMIT 1 [ RunTime:0.000437s ]
[ sql ] [ SQL ] SELECT * FROM `distribution_dividend_log` WHERE  `order_id` = 36 [ RunTime:0.000532s ]
[ sql ] [ SQL ] SHOW COLUMNS FROM `weixin_users` [ RunTime:0.012657s ]
[ sql ] [ SQL ] SELECT `wx_openid` FROM `weixin_users` WHERE  `user_id` = 29892 LIMIT 1 [ RunTime:0.000429s ]
[ sql ] [ SQL ] SELECT `wx_openid` FROM `weixin_users` WHERE  `user_id` = 29889 LIMIT 1 [ RunTime:0.000373s ]
[ sql ] [ SQL ] SHOW COLUMNS FROM `weixin_msg_tpl` [ RunTime:0.012285s ]
[ sql ] [ SQL ] SELECT * FROM `weixin_msg_tpl` WHERE  `send_scene` = 'dividend_cancel_msg' LIMIT 1 [ RunTime:0.000450s ]
[ sql ] [ SQL ] SELECT `wx_openid` FROM `weixin_users` WHERE  `user_id` = 29889 LIMIT 1 [ RunTime:0.001239s ]
[ sql ] [ SQL ] SELECT * FROM `weixin_msg_tpl` WHERE  `send_scene` = 'dividend_cancel_msg' LIMIT 1 [ RunTime:0.001296s ]
[ sql ] [ SQL ] UPDATE `shop_order_info`  SET `order_status` = 2 , `cancel_time` = 1553254276 , `is_stock` = 0 , `update_time` = 1553254277  WHERE  `order_id` = 36 [ RunTime:0.000697s ]
[ sql ] [ SQL ] SHOW COLUMNS FROM `shop_order_log` [ RunTime:0.014884s ]
[ sql ] [ SQL ] INSERT INTO `shop_order_log` (`order_id` , `admin_id` , `order_status` , `shipping_status` , `pay_status` , `log_info` , `log_time`) VALUES (36 , 10002 , 2 , 0 , 1 , '取消订单' , 1553254277) [ RunTime:0.000493s ]
[ error ] [8]未定义数组索引: is_del[D:\PHP\zp\my\mainObj\application\shop\model\OrderModel.php:220]
[ error ] [8]未定义变量: par[D:\PHP\zp\my\mainObj\application\weixin\model\WeiXinModel.php:136]
[ error ] [8]未定义数组索引: access_token[D:\PHP\zp\my\mainObj\application\weixin\model\WeiXinModel.php:145]
[ error ] [8]未定义变量: par[D:\PHP\zp\my\mainObj\application\weixin\model\WeiXinModel.php:136]
[ error ] [8]未定义数组索引: access_token[D:\PHP\zp\my\mainObj\application\weixin\model\WeiXinModel.php:145]
[ error ] [8]未定义数组下标: 41001[D:\PHP\zp\my\mainObj\application\weixin\model\WeiXinModel.php:295]
[ error ] [8]未定义变量: par[D:\PHP\zp\my\mainObj\application\weixin\model\WeiXinModel.php:136]
[ error ] [8]未定义数组索引: access_token[D:\PHP\zp\my\mainObj\application\weixin\model\WeiXinModel.php:145]
[ error ] [8]未定义变量: par[D:\PHP\zp\my\mainObj\application\weixin\model\WeiXinModel.php:136]
[ error ] [8]未定义数组索引: access_token[D:\PHP\zp\my\mainObj\application\weixin\model\WeiXinModel.php:145]
[ error ] [8]未定义数组下标: 41001[D:\PHP\zp\my\mainObj\application\weixin\model\WeiXinModel.php:295]
[ error ] [2]Invalid argument supplied for foreach()[D:\PHP\zp\my\mainObj\application\shop\model\GoodsModel.php:410]
---------------------------------------------------------------
[ 2019-03-22T19:31:20+08:00 ] 127.0.0.1 GET l.my.com/admin.php/shop/sys_admin.order/info/order_id/36.html
[运行时间：0.290081s] [吞吐率：3.45req/s] [内存消耗：3,147.75kb] [文件加载：98]
[ info ] [ LANG ] D:\PHP\zp\my\mainObj\thinkphp\lang\zh-cn.php
[ info ] [ LANG ] D:\PHP\zp\my\mainObj\application\lang\zh-cn.php
[ info ] [ ROUTE ] array (
)
[ info ] [ HEADER ] array (
  'cache-control' => 'max-age=0',
  'upgrade-insecure-requests' => '1',
  'cookie' => 'PHPSESSID=cgne8ausbrelksf9lubpp7odm3',
  'connection' => 'close',
  'referer' => 'http://l.my.com/admin.php/shop/sys_admin.order/index.html',
  'accept-encoding' => 'gzip, deflate',
  'accept-language' => 'zh-CN,zh;q=0.8,zh-TW;q=0.7,zh-HK;q=0.5,en-US;q=0.3,en;q=0.2',
  'accept' => 'text/html,application/xhtml+xml,application/xml;q=0.9,image/webp,*/*;q=0.8',
  'user-agent' => 'Mozilla/5.0 (Windows NT 10.0; Win64; x64; rv:65.0) Gecko/20100101 Firefox/65.0',
  'host' => 'l.my.com',
)
[ info ] [ PARAM ] array (
  'order_id' => '36',
)
[ info ] [ DB ] INIT mysql
[ info ] [ VIEW ] D:\PHP\zp\my\mainObj\application\shop\view\sys_admin\order\info.html [ array (
  0 => 'menus',
  1 => 'top_menus',
  2 => '_module',
  3 => 'admin',
  4 => 'menus_group',
  5 => 'orderLog',
  6 => 'orderLang',
  7 => 'operating',
  8 => 'orderInfo',
  9 => 'dividend_log',
) ]
[ sql ] [ DB ] CONNECT:[ UseTime:0.011167s ] mysql:host=127.0.0.1;dbname=main_obj_db;charset=utf8
[ sql ] [ SQL ] SHOW COLUMNS FROM `shop_order_info` [ RunTime:0.042208s ]
[ sql ] [ SQL ] SELECT * FROM `shop_order_info` WHERE  `order_id` = 36 LIMIT 1 [ RunTime:0.001055s ]
[ sql ] [ SQL ] SHOW COLUMNS FROM `shop_order_goods` [ RunTime:0.027051s ]
[ sql ] [ SQL ] SELECT * FROM `shop_order_goods` WHERE  `order_id` = 36 ORDER BY `rec_id` ASC [ RunTime:0.000598s ]
[ sql ] [ SQL ] SHOW COLUMNS FROM `shop_order_log` [ RunTime:0.028479s ]
[ sql ] [ SQL ] SELECT * FROM `shop_order_log` WHERE  `order_id` = 36 ORDER BY `log_id` DESC [ RunTime:0.002222s ]
[ sql ] [ SQL ] SHOW COLUMNS FROM `distribution_dividend_log` [ RunTime:0.024489s ]
[ sql ] [ SQL ] SELECT * FROM `distribution_dividend_log` WHERE  `order_id` = 36 ORDER BY `level` ASC [ RunTime:0.001831s ]
[ sql ] [ SQL ] SHOW COLUMNS FROM `main_admin_user` [ RunTime:0.033617s ]
[ sql ] [ SQL ] SELECT * FROM `main_admin_user` [ RunTime:0.001021s ]
[ error ] [8]未定义数组索引: isCancel[D:\PHP\zp\my\mainObj\runtime\temp\efa7592817ce7bce3116074d8f0f1d9d.php:203]
[ error ] [8]未定义变量: row[D:\PHP\zp\my\mainObj\runtime\temp\efa7592817ce7bce3116074d8f0f1d9d.php:413]
[ error ] [8]未定义变量: row[D:\PHP\zp\my\mainObj\runtime\temp\efa7592817ce7bce3116074d8f0f1d9d.php:483]
---------------------------------------------------------------
[ 2019-03-22T19:31:25+08:00 ] 127.0.0.1 GET l.my.com/admin.php/member/sys_admin.users/info/user_id/29892.html
[运行时间：0.176294s] [吞吐率：5.67req/s] [内存消耗：3,208.09kb] [文件加载：97]
[ info ] [ LANG ] D:\PHP\zp\my\mainObj\thinkphp\lang\zh-cn.php
[ info ] [ LANG ] D:\PHP\zp\my\mainObj\application\lang\zh-cn.php
[ info ] [ ROUTE ] array (
)
[ info ] [ HEADER ] array (
  'upgrade-insecure-requests' => '1',
  'cookie' => 'PHPSESSID=cgne8ausbrelksf9lubpp7odm3',
  'connection' => 'close',
  'referer' => 'http://l.my.com/admin.php/shop/sys_admin.order/info/order_id/36.html',
  'accept-encoding' => 'gzip, deflate',
  'accept-language' => 'zh-CN,zh;q=0.8,zh-TW;q=0.7,zh-HK;q=0.5,en-US;q=0.3,en;q=0.2',
  'accept' => 'text/html,application/xhtml+xml,application/xml;q=0.9,image/webp,*/*;q=0.8',
  'user-agent' => 'Mozilla/5.0 (Windows NT 10.0; Win64; x64; rv:65.0) Gecko/20100101 Firefox/65.0',
  'host' => 'l.my.com',
)
[ info ] [ PARAM ] array (
  'user_id' => '29892',
)
[ info ] [ DB ] INIT mysql
[ info ] [ VIEW ] D:\PHP\zp\my\mainObj\application\member\view\sys_admin\users\info.html [ array (
  0 => 'menus',
  1 => 'top_menus',
  2 => '_module',
  3 => 'admin',
  4 => 'menus_group',
  5 => 'userShareStats',
  6 => 'row',
  7 => 'd_level',
  8 => 'roleList',
  9 => 'teamCount',
  10 => 'wait_money',
  11 => 'start_date',
  12 => 'end_date',
) ]
[ sql ] [ DB ] CONNECT:[ UseTime:0.010445s ] mysql:host=127.0.0.1;dbname=main_obj_db;charset=utf8
[ sql ] [ SQL ] SHOW COLUMNS FROM `weixin_users` [ RunTime:0.015445s ]
[ sql ] [ SQL ] SELECT * FROM `weixin_users` WHERE  `user_id` = 29892 LIMIT 1 [ RunTime:0.000482s ]
[ sql ] [ SQL ] SHOW COLUMNS FROM `users_bind` [ RunTime:0.014371s ]
[ sql ] [ SQL ] SELECT count('user_id') as num,level FROM `users_bind` WHERE  `pid` = 29892 GROUP BY `level` [ RunTime:0.001117s ]
[ sql ] [ SQL ] SHOW COLUMNS FROM `users_address` [ RunTime:0.013942s ]
[ sql ] [ SQL ] SELECT * FROM `users_address` WHERE  `user_id` = 29892 [ RunTime:0.000504s ]
[ sql ] [ SQL ] SELECT COUNT(*) AS tp_count FROM `users_bind` WHERE  `pid` = 29892 LIMIT 1 [ RunTime:0.000493s ]
[ sql ] [ SQL ] SHOW COLUMNS FROM `distribution_dividend_log` [ RunTime:0.014005s ]
[ sql ] [ SQL ] SELECT SUM(`dividend_amount`) AS tp_sum FROM `distribution_dividend_log` WHERE  `dividend_uid` = 29892  AND `status` IN (2,3) LIMIT 1 [ RunTime:0.000462s ]
[ sql ] [ SQL ] SELECT SUM(`dividend_bean`) AS tp_sum FROM `distribution_dividend_log` WHERE  `dividend_uid` = 29892  AND `status` IN (2,3) LIMIT 1 [ RunTime:0.000407s ]
[ error ] [8]未定义数组索引: total_integral[D:\PHP\zp\my\mainObj\runtime\temp\25e33de1cb0ae2114cf7243c6058c266.php:207]
[ error ] [8]未定义数组索引: address_id[D:\PHP\zp\my\mainObj\runtime\temp\25e33de1cb0ae2114cf7243c6058c266.php:388]
[ error ] [8]Use of undefined constant ture - assumed 'ture'[D:\PHP\zp\my\mainObj\application\common.php:30]
