---------------------------------------------------------------
[ 2019-03-25T09:26:32+08:00 ] 127.0.0.1 GET www.moduleshop.top/
[运行时间：1.645095s] [吞吐率：0.61req/s] [内存消耗：2,921.97kb] [文件加载：95]
[ info ] [ LANG ] D:\phpStudy\WWW\mainshop\thinkphp\lang\zh-cn.php
[ info ] [ LANG ] D:\phpStudy\WWW\mainshop\application\lang\zh-cn.php
[ info ] [ ROUTE ] array (
)
[ info ] [ HEADER ] array (
  'accept-language' => 'zh-CN,zh;q=0.9,en;q=0.8,und;q=0.7',
  'accept-encoding' => 'gzip, deflate',
  'accept' => 'text/html,application/xhtml+xml,application/xml;q=0.9,image/webp,image/apng,*/*;q=0.8',
  'user-agent' => 'Mozilla/5.0 (Windows NT 6.1; Win64; x64) AppleWebKit/537.36 (KHTML, like Gecko) Chrome/67.0.3396.99 Safari/537.36',
  'upgrade-insecure-requests' => '1',
  'connection' => 'close',
  'host' => 'www.moduleshop.top',
)
[ info ] [ PARAM ] array (
)
[ info ] [ DB ] INIT mysql
[ info ] [ VIEW ] ../template/default/shop\index\index.html [ array (
  0 => 'title',
  1 => 'slideList',
  2 => 'navMenuList',
  3 => 'classGoods',
  4 => 'bestGoods',
  5 => 'userInfo',
  6 => 'setting',
  7 => 'routeUri',
) ]
[ error ] [2]Declaration of app\ClientbaseController::fetch($template, $data = Array) should be compatible with think\Controller::fetch($template = '', $vars = Array, $config = Array)[D:\phpStudy\WWW\mainshop\application\ClientbaseController.php:9]
[ error ] [8]未定义变量: isUserIndex[D:\phpStudy\WWW\mainshop\runtime\temp\13186b0eabe5c7c3266584dbdafaaf6f.php:218]
[ sql ] [ DB ] CONNECT:[ UseTime:0.044003s ] mysql:host=127.0.0.1;dbname=main_obj_db;charset=utf8
[ sql ] [ SQL ] SHOW COLUMNS FROM `main_settings` [ RunTime:0.059003s ]
[ sql ] [ SQL ] SELECT * FROM `main_settings` [ RunTime:0.013001s ]
[ sql ] [ SQL ] SHOW COLUMNS FROM `shop_slide` [ RunTime:0.082005s ]
[ sql ] [ SQL ] SELECT * FROM `shop_slide` WHERE  `status` = 1 ORDER BY `sort_order` DESC [ RunTime:0.000000s ]
[ sql ] [ SQL ] SHOW COLUMNS FROM `shop_nav_menu` [ RunTime:0.060003s ]
[ sql ] [ SQL ] SELECT * FROM `shop_nav_menu` WHERE  `status` = 1 ORDER BY `sort_order` DESC [ RunTime:0.001001s ]
[ sql ] [ SQL ] SHOW COLUMNS FROM `shop_goods_category` [ RunTime:0.047003s ]
[ sql ] [ SQL ] SELECT * FROM `shop_goods_category` ORDER BY `pid` ASC,`sort_order` ASC [ RunTime:0.026001s ]
[ sql ] [ SQL ] SELECT * FROM `shop_goods_category` WHERE  `is_index` = 1  AND `status` = 1 [ RunTime:0.001001s ]
[ sql ] [ SQL ] SHOW COLUMNS FROM `shop_goods` [ RunTime:0.084004s ]
[ sql ] [ SQL ] SELECT `goods_id` FROM `shop_goods` WHERE  `cid` IN (2,3,4,8)  AND `isputaway` = 1  AND `is_delete` = 0  AND `store_id` = 0 ORDER BY `is_hot` DESC,`goods_id` DESC LIMIT 3 [ RunTime:0.001000s ]
[ sql ] [ SQL ] SELECT `goods_id` FROM `shop_goods` WHERE  `cid` IN (5,7,6)  AND `isputaway` = 1  AND `is_delete` = 0  AND `store_id` = 0 ORDER BY `is_hot` DESC,`goods_id` DESC LIMIT 3 [ RunTime:0.001000s ]
[ sql ] [ SQL ] SELECT * FROM `shop_goods` WHERE  `goods_id` = 102 LIMIT 1 [ RunTime:0.000000s ]
[ sql ] [ SQL ] UPDATE `shop_goods`  SET `update_time` = 1553477191  WHERE  `goods_id` = 102 [ RunTime:0.174010s ]
[ sql ] [ SQL ] SELECT * FROM `shop_goods` WHERE  `goods_id` = 101 LIMIT 1 [ RunTime:0.002000s ]
[ sql ] [ SQL ] UPDATE `shop_goods`  SET `update_time` = 1553477191  WHERE  `goods_id` = 101 [ RunTime:0.071004s ]
[ sql ] [ SQL ] SELECT `goods_id` FROM `shop_goods` WHERE  `isputaway` = 1  AND `is_delete` = 0  AND `store_id` = 0 ORDER BY `is_best` DESC,`goods_id` DESC LIMIT 10 [ RunTime:0.000000s ]
[ sql ] [ SQL ] SELECT * FROM `shop_goods` WHERE  `goods_id` = 102 LIMIT 1 [ RunTime:0.001000s ]
[ sql ] [ SQL ] UPDATE `shop_goods`  SET `update_time` = 1553477191  WHERE  `goods_id` = 102 [ RunTime:0.075004s ]
[ sql ] [ SQL ] SELECT * FROM `shop_goods` WHERE  `goods_id` = 101 LIMIT 1 [ RunTime:0.002000s ]
[ sql ] [ SQL ] UPDATE `shop_goods`  SET `update_time` = 1553477191  WHERE  `goods_id` = 101 [ RunTime:0.113006s ]
---------------------------------------------------------------
[ 2019-03-25T09:26:32+08:00 ] 127.0.0.1 GET www.moduleshop.top/upload/image/20190213/5c6379dd2f32a.png
[运行时间：0.135007s] [吞吐率：7.41req/s] [内存消耗：994.03kb] [文件加载：53]
[ info ] [ LANG ] D:\phpStudy\WWW\mainshop\thinkphp\lang\zh-cn.php
[ info ] [ LANG ] D:\phpStudy\WWW\mainshop\application\lang\zh-cn.php
---------------------------------------------------------------
[ 2019-03-25T09:26:32+08:00 ] 127.0.0.1 GET www.moduleshop.top/upload/image/20190213/5c637b1520988.png
[运行时间：0.037002s] [吞吐率：27.03req/s] [内存消耗：994.03kb] [文件加载：53]
[ info ] [ LANG ] D:\phpStudy\WWW\mainshop\thinkphp\lang\zh-cn.php
[ info ] [ LANG ] D:\phpStudy\WWW\mainshop\application\lang\zh-cn.php
---------------------------------------------------------------
[ 2019-03-25T09:26:33+08:00 ] 127.0.0.1 GET www.moduleshop.top/upload/image/20190213/5c6379f2d3f75.png
[运行时间：0.019001s] [吞吐率：52.63req/s] [内存消耗：994.03kb] [文件加载：53]
[ info ] [ LANG ] D:\phpStudy\WWW\mainshop\thinkphp\lang\zh-cn.php
[ info ] [ LANG ] D:\phpStudy\WWW\mainshop\application\lang\zh-cn.php
---------------------------------------------------------------
[ 2019-03-25T09:26:33+08:00 ] 127.0.0.1 GET www.moduleshop.top/upload/image/20190213/5c637a182e062.png
[运行时间：0.023002s] [吞吐率：43.47req/s] [内存消耗：994.03kb] [文件加载：53]
[ info ] [ LANG ] D:\phpStudy\WWW\mainshop\thinkphp\lang\zh-cn.php
[ info ] [ LANG ] D:\phpStudy\WWW\mainshop\application\lang\zh-cn.php
---------------------------------------------------------------
[ 2019-03-25T09:26:36+08:00 ] 127.0.0.1 GET www.moduleshop.top/admin.php/mainAdmin/passport/login
[运行时间：0.187010s] [吞吐率：5.35req/s] [内存消耗：1,456.80kb] [文件加载：67]
[ info ] [ LANG ] D:\phpStudy\WWW\mainshop\thinkphp\lang\zh-cn.php
[ info ] [ LANG ] D:\phpStudy\WWW\mainshop\application\lang\zh-cn.php
[ info ] [ ROUTE ] array (
)
[ info ] [ HEADER ] array (
  'cookie' => 'PHPSESSID=cdpf6ircg68m1217sbf90fkfj5',
  'accept-language' => 'zh-CN,zh;q=0.9,en;q=0.8,und;q=0.7',
  'accept-encoding' => 'gzip, deflate',
  'accept' => 'text/html,application/xhtml+xml,application/xml;q=0.9,image/webp,image/apng,*/*;q=0.8',
  'user-agent' => 'Mozilla/5.0 (Windows NT 6.1; Win64; x64) AppleWebKit/537.36 (KHTML, like Gecko) Chrome/67.0.3396.99 Safari/537.36',
  'upgrade-insecure-requests' => '1',
  'connection' => 'close',
  'host' => 'www.moduleshop.top',
)
[ info ] [ PARAM ] array (
)
[ info ] [ VIEW ] D:\phpStudy\WWW\mainshop\application\mainadmin\view\passport\login.html [ array (
) ]
---------------------------------------------------------------
[ 2019-03-25T09:26:44+08:00 ] 127.0.0.1 POST www.moduleshop.top/admin.php/mainAdmin/passport/login
[运行时间：0.487014s] [吞吐率：2.05req/s] [内存消耗：2,567.67kb] [文件加载：88]
[ info ] [ LANG ] D:\phpStudy\WWW\mainshop\thinkphp\lang\zh-cn.php
[ info ] [ LANG ] D:\phpStudy\WWW\mainshop\application\lang\zh-cn.php
[ info ] [ ROUTE ] array (
)
[ info ] [ HEADER ] array (
  'cookie' => 'PHPSESSID=cdpf6ircg68m1217sbf90fkfj5',
  'accept-language' => 'zh-CN,zh;q=0.9,en;q=0.8,und;q=0.7',
  'accept-encoding' => 'gzip, deflate',
  'referer' => 'http://www.moduleshop.top/admin.php/mainAdmin/passport/login',
  'content-type' => 'application/x-www-form-urlencoded; charset=UTF-8',
  'user-agent' => 'Mozilla/5.0 (Windows NT 6.1; Win64; x64) AppleWebKit/537.36 (KHTML, like Gecko) Chrome/67.0.3396.99 Safari/537.36',
  'x-requested-with' => 'XMLHttpRequest',
  'origin' => 'http://www.moduleshop.top',
  'accept' => 'application/json, text/javascript, */*; q=0.01',
  'content-length' => '50',
  'connection' => 'close',
  'host' => 'www.moduleshop.top',
)
[ info ] [ PARAM ] array (
  'User' => 
  array (
    'user_name' => 'test',
    'password' => 'abc123',
  ),
)
[ info ] [ DB ] INIT mysql
[ sql ] [ DB ] CONNECT:[ UseTime:0.012000s ] mysql:host=127.0.0.1;dbname=main_obj_db;charset=utf8
[ sql ] [ SQL ] SHOW COLUMNS FROM `main_admin_user` [ RunTime:0.162005s ]
[ sql ] [ SQL ] SELECT * FROM `main_admin_user` WHERE  `user_name` = 'test'  AND `password` = '42bc491a8917d524b86f3c4dae21308a' LIMIT 1 [ RunTime:0.000000s ]
[ sql ] [ SQL ] UPDATE `main_admin_user`  SET `login_time` = 1553477203 , `login_ip` = '127.0.0.1' , `last_login_time` = 1553248607 , `last_login_ip` = '127.0.0.1'  WHERE  `user_id` = 10002 [ RunTime:0.000000s ]
[ sql ] [ SQL ] SHOW COLUMNS FROM `main_log_login` [ RunTime:0.030000s ]
[ sql ] [ SQL ] INSERT INTO `main_log_login` (`log_ip` , `log_time` , `user_id`) VALUES ('127.0.0.1' , 1553477203 , 10002) [ RunTime:0.010000s ]
[ sql ] [ SQL ] SHOW COLUMNS FROM `main_admin_role` [ RunTime:0.030000s ]
[ sql ] [ SQL ] SELECT * FROM `main_admin_role` WHERE  `role_id` = 1 LIMIT 1 [ RunTime:0.000000s ]
---------------------------------------------------------------
[ 2019-03-25T09:26:46+08:00 ] 127.0.0.1 GET www.moduleshop.top/admin.php/mainadmin/index/index.html
[运行时间：0.625035s] [吞吐率：1.60req/s] [内存消耗：3,051.85kb] [文件加载：98]
[ info ] [ LANG ] D:\phpStudy\WWW\mainshop\thinkphp\lang\zh-cn.php
[ info ] [ LANG ] D:\phpStudy\WWW\mainshop\application\lang\zh-cn.php
[ info ] [ ROUTE ] array (
)
[ info ] [ HEADER ] array (
  'cookie' => 'PHPSESSID=cdpf6ircg68m1217sbf90fkfj5',
  'accept-language' => 'zh-CN,zh;q=0.9,en;q=0.8,und;q=0.7',
  'accept-encoding' => 'gzip, deflate',
  'referer' => 'http://www.moduleshop.top/admin.php/mainAdmin/passport/login',
  'accept' => 'text/html,application/xhtml+xml,application/xml;q=0.9,image/webp,image/apng,*/*;q=0.8',
  'user-agent' => 'Mozilla/5.0 (Windows NT 6.1; Win64; x64) AppleWebKit/537.36 (KHTML, like Gecko) Chrome/67.0.3396.99 Safari/537.36',
  'upgrade-insecure-requests' => '1',
  'connection' => 'close',
  'host' => 'www.moduleshop.top',
)
[ info ] [ PARAM ] array (
)
[ info ] [ DB ] INIT mysql
[ info ] [ VIEW ] D:\phpStudy\WWW\mainshop\application\mainadmin\view\index\index.html [ array (
  0 => 'menus',
  1 => 'top_menus',
  2 => '_module',
  3 => 'admin',
  4 => 'menus_group',
  5 => 'start_day',
  6 => 'end_day',
  7 => 'today',
  8 => 'yesterday',
  9 => 'account',
  10 => 'rchargeLogNum',
  11 => 'withdrawLogNum',
  12 => 'userStats',
  13 => 'stats',
  14 => 'riqi',
) ]
[ sql ] [ DB ] CONNECT:[ UseTime:0.010001s ] mysql:host=127.0.0.1;dbname=main_obj_db;charset=utf8
[ sql ] [ SQL ] SHOW COLUMNS FROM `main_menu_list` [ RunTime:0.015001s ]
[ sql ] [ SQL ] SELECT * FROM `main_menu_list` WHERE  `parent` = '0'  AND `status` = 1 ORDER BY `sort_order` ASC [ RunTime:0.013001s ]
[ sql ] [ SQL ] SELECT * FROM `main_menu_list` WHERE  `parent` = 'mainadmin'  AND `group` = 'mainadmin'  AND `status` = 1 ORDER BY `sort_order` ASC [ RunTime:0.001000s ]
[ sql ] [ SQL ] SELECT * FROM `main_menu_list` WHERE  `parent` = 'adminUser'  AND `group` = 'mainadmin'  AND `status` = 1 ORDER BY `sort_order` ASC [ RunTime:0.001000s ]
[ sql ] [ SQL ] SELECT * FROM `main_menu_list` WHERE  `parent` = 'setting'  AND `group` = 'mainadmin'  AND `status` = 1 ORDER BY `sort_order` ASC [ RunTime:0.001000s ]
[ sql ] [ SQL ] SELECT * FROM `main_menu_list` WHERE  `parent` = 'smsManage'  AND `group` = 'mainadmin'  AND `status` = 1 ORDER BY `sort_order` ASC [ RunTime:0.000000s ]
[ sql ] [ SQL ] SELECT * FROM `main_menu_list` WHERE  `parent` = 'payment'  AND `group` = 'mainadmin'  AND `status` = 1 ORDER BY `sort_order` ASC [ RunTime:0.000000s ]
[ sql ] [ SQL ] SELECT * FROM `main_menu_list` WHERE  `parent` = 'sysLog'  AND `group` = 'mainadmin'  AND `status` = 1 ORDER BY `sort_order` ASC [ RunTime:0.001000s ]
[ sql ] [ SQL ] SELECT * FROM `main_menu_list` WHERE  `parent` = 'article'  AND `group` = 'mainadmin'  AND `status` = 1 ORDER BY `sort_order` ASC [ RunTime:0.001000s ]
[ sql ] [ SQL ] SELECT * FROM `main_menu_list` WHERE  `parent` = 'backupDb'  AND `group` = 'mainadmin'  AND `status` = 1 ORDER BY `sort_order` ASC [ RunTime:0.001000s ]
[ sql ] [ SQL ] SELECT * FROM `main_menu_list` WHERE  `parent` = 'weixin'  AND `group` = 'weixin'  AND `status` = 1 ORDER BY `sort_order` ASC [ RunTime:0.001000s ]
[ sql ] [ SQL ] SELECT * FROM `main_menu_list` WHERE  `parent` = 'weixinMaterial'  AND `group` = 'weixin'  AND `status` = 1 ORDER BY `sort_order` ASC [ RunTime:0.000000s ]
[ sql ] [ SQL ] SELECT * FROM `main_menu_list` WHERE  `parent` = 'shop'  AND `group` = 'shop'  AND `status` = 1 ORDER BY `sort_order` ASC [ RunTime:0.000000s ]
[ sql ] [ SQL ] SELECT * FROM `main_menu_list` WHERE  `parent` = 'shopOrder'  AND `group` = 'shop'  AND `status` = 1 ORDER BY `sort_order` ASC [ RunTime:0.000000s ]
[ sql ] [ SQL ] SELECT * FROM `main_menu_list` WHERE  `parent` = 'shopGoods'  AND `group` = 'shop'  AND `status` = 1 ORDER BY `sort_order` ASC [ RunTime:0.000000s ]
[ sql ] [ SQL ] SELECT * FROM `main_menu_list` WHERE  `parent` = 'shopPromotion'  AND `group` = 'shop'  AND `status` = 1 ORDER BY `sort_order` ASC [ RunTime:0.000000s ]
[ sql ] [ SQL ] SELECT * FROM `main_menu_list` WHERE  `parent` = 'groupBuy'  AND `group` = 'shop'  AND `status` = 1 ORDER BY `sort_order` ASC [ RunTime:0.000000s ]
[ sql ] [ SQL ] SELECT * FROM `main_menu_list` WHERE  `parent` = 'spike'  AND `group` = 'shop'  AND `status` = 1 ORDER BY `sort_order` ASC [ RunTime:0.000000s ]
[ sql ] [ SQL ] SELECT * FROM `main_menu_list` WHERE  `parent` = 'integral'  AND `group` = 'shop'  AND `status` = 1 ORDER BY `sort_order` ASC [ RunTime:0.001000s ]
[ sql ] [ SQL ] SELECT * FROM `main_menu_list` WHERE  `parent` = 'defIndex'  AND `group` = 'shop'  AND `status` = 1 ORDER BY `sort_order` ASC [ RunTime:0.001000s ]
[ sql ] [ SQL ] SELECT * FROM `main_menu_list` WHERE  `parent` = 'shopComment'  AND `group` = 'shop'  AND `status` = 1 ORDER BY `sort_order` ASC [ RunTime:0.001000s ]
[ sql ] [ SQL ] SELECT * FROM `main_menu_list` WHERE  `parent` = 'distribution'  AND `group` = 'distribution'  AND `status` = 1 ORDER BY `sort_order` ASC [ RunTime:0.001000s ]
[ sql ] [ SQL ] SELECT * FROM `main_menu_list` WHERE  `parent` = 'member'  AND `group` = 'member'  AND `status` = 1 ORDER BY `sort_order` ASC [ RunTime:0.001000s ]
[ sql ] [ SQL ] SELECT * FROM `main_menu_list` WHERE  `parent` = 'memberLog'  AND `group` = 'member'  AND `status` = 1 ORDER BY `sort_order` ASC [ RunTime:0.001000s ]
[ sql ] [ SQL ] SHOW COLUMNS FROM `shop_order_info` [ RunTime:0.116007s ]
[ sql ] [ SQL ] SELECT `order_id` FROM `shop_order_info` WHERE  `shipping_status` = 1  AND `shipping_time` < 1552872406 [ RunTime:0.000000s ]
[ sql ] [ SQL ] SHOW COLUMNS FROM `distribution_eval_arrival_log` [ RunTime:0.029002s ]
[ sql ] [ SQL ] SELECT `log_time` FROM `distribution_eval_arrival_log` ORDER BY `log_id` DESC LIMIT 1 [ RunTime:0.000000s ]
[ sql ] [ SQL ] SHOW COLUMNS FROM `users_account` [ RunTime:0.066004s ]
[ sql ] [ SQL ] SELECT SUM(`balance_money`) AS tp_sum FROM `users_account` LIMIT 1 [ RunTime:0.001000s ]
[ sql ] [ SQL ] SELECT SUM(`bean_value`) AS tp_sum FROM `users_account` LIMIT 1 [ RunTime:0.000000s ]
[ sql ] [ SQL ] SHOW COLUMNS FROM `users_recharge_log` [ RunTime:0.041002s ]
[ sql ] [ SQL ] SELECT COUNT(`order_id`) AS tp_count FROM `users_recharge_log` WHERE  `status` = 0 LIMIT 1 [ RunTime:0.001000s ]
[ sql ] [ SQL ] SHOW COLUMNS FROM `users_withdraw_log` [ RunTime:0.041003s ]
[ sql ] [ SQL ] SELECT COUNT(`log_id`) AS tp_count FROM `users_withdraw_log` WHERE  `status` = 0 LIMIT 1 [ RunTime:0.001000s ]
[ sql ] [ SQL ] SELECT SUM(`balance_money`) AS tp_sum FROM `users_account` LIMIT 1 [ RunTime:0.001000s ]
[ sql ] [ SQL ] SELECT SUM(`bean_value`) AS tp_sum FROM `users_account` LIMIT 1 [ RunTime:0.000000s ]
[ sql ] [ SQL ] SHOW COLUMNS FROM `users` [ RunTime:0.052003s ]
[ sql ] [ SQL ] SELECT COUNT(`user_id`) AS tp_count FROM `users` LIMIT 1 [ RunTime:0.001000s ]
[ sql ] [ SQL ] SELECT COUNT(`user_id`) AS tp_count FROM `users` WHERE  `role_id` = 0 LIMIT 1 [ RunTime:0.001000s ]
[ sql ] [ SQL ] SELECT COUNT(`user_id`) AS tp_count FROM `users` WHERE  `reg_time` > 1553443200 LIMIT 1 [ RunTime:0.000000s ]
[ sql ] [ SQL ] SELECT COUNT(`user_id`) AS tp_count FROM `users` WHERE  `reg_time` BETWEEN 1553356799 AND 0 LIMIT 1 [ RunTime:0.001000s ]
[ sql ] [ SQL ] SELECT COUNT(`order_id`) AS tp_count FROM `shop_order_info` WHERE  `order_status` = 1  AND `shipping_status` = 0 LIMIT 1 [ RunTime:0.000000s ]
[ sql ] [ SQL ] SELECT `order_id`,`order_status`,`pay_status`,`shipping_status`,`is_pay`,`order_amount`,`dividend_amount` FROM `shop_order_info` WHERE  `add_time` BETWEEN 1552838400 AND 1552924799 [ RunTime:0.000000s ]
[ sql ] [ SQL ] SELECT COUNT(`order_id`) AS tp_count FROM `shop_order_info` WHERE  `shipping_time` BETWEEN 1552838400 AND 1552924799  AND `shipping_status` = 1 LIMIT 1 [ RunTime:0.001001s ]
[ sql ] [ SQL ] SELECT COUNT(`order_id`) AS tp_count FROM `shop_order_info` WHERE  `sign_time` BETWEEN 1552838400 AND 1552924799  AND `shipping_status` = 2 LIMIT 1 [ RunTime:0.000000s ]
[ sql ] [ SQL ] SELECT `order_id`,`order_status`,`pay_status`,`shipping_status`,`is_pay`,`order_amount`,`dividend_amount` FROM `shop_order_info` WHERE  `add_time` BETWEEN 1552924800 AND 1553011199 [ RunTime:0.001000s ]
[ sql ] [ SQL ] SELECT COUNT(`order_id`) AS tp_count FROM `shop_order_info` WHERE  `shipping_time` BETWEEN 1552924800 AND 1553011199  AND `shipping_status` = 1 LIMIT 1 [ RunTime:0.001000s ]
[ sql ] [ SQL ] SELECT COUNT(`order_id`) AS tp_count FROM `shop_order_info` WHERE  `sign_time` BETWEEN 1552924800 AND 1553011199  AND `shipping_status` = 2 LIMIT 1 [ RunTime:0.001000s ]
[ sql ] [ SQL ] SELECT `order_id`,`order_status`,`pay_status`,`shipping_status`,`is_pay`,`order_amount`,`dividend_amount` FROM `shop_order_info` WHERE  `add_time` BETWEEN 1553011200 AND 1553097599 [ RunTime:0.001000s ]
[ sql ] [ SQL ] SELECT COUNT(`order_id`) AS tp_count FROM `shop_order_info` WHERE  `shipping_time` BETWEEN 1553011200 AND 1553097599  AND `shipping_status` = 1 LIMIT 1 [ RunTime:0.000000s ]
[ sql ] [ SQL ] SELECT COUNT(`order_id`) AS tp_count FROM `shop_order_info` WHERE  `sign_time` BETWEEN 1553011200 AND 1553097599  AND `shipping_status` = 2 LIMIT 1 [ RunTime:0.001000s ]
[ sql ] [ SQL ] SELECT `order_id`,`order_status`,`pay_status`,`shipping_status`,`is_pay`,`order_amount`,`dividend_amount` FROM `shop_order_info` WHERE  `add_time` BETWEEN 1553097600 AND 1553183999 [ RunTime:0.001000s ]
[ sql ] [ SQL ] SELECT COUNT(`order_id`) AS tp_count FROM `shop_order_info` WHERE  `shipping_time` BETWEEN 1553097600 AND 1553183999  AND `shipping_status` = 1 LIMIT 1 [ RunTime:0.000000s ]
[ sql ] [ SQL ] SELECT COUNT(`order_id`) AS tp_count FROM `shop_order_info` WHERE  `sign_time` BETWEEN 1553097600 AND 1553183999  AND `shipping_status` = 2 LIMIT 1 [ RunTime:0.000000s ]
[ sql ] [ SQL ] SELECT `order_id`,`order_status`,`pay_status`,`shipping_status`,`is_pay`,`order_amount`,`dividend_amount` FROM `shop_order_info` WHERE  `add_time` BETWEEN 1553184000 AND 1553270399 [ RunTime:0.000000s ]
[ sql ] [ SQL ] SELECT COUNT(`order_id`) AS tp_count FROM `shop_order_info` WHERE  `shipping_time` BETWEEN 1553184000 AND 1553270399  AND `shipping_status` = 1 LIMIT 1 [ RunTime:0.001000s ]
[ sql ] [ SQL ] SELECT COUNT(`order_id`) AS tp_count FROM `shop_order_info` WHERE  `sign_time` BETWEEN 1553184000 AND 1553270399  AND `shipping_status` = 2 LIMIT 1 [ RunTime:0.000000s ]
[ sql ] [ SQL ] SELECT `order_id`,`order_status`,`pay_status`,`shipping_status`,`is_pay`,`order_amount`,`dividend_amount` FROM `shop_order_info` WHERE  `add_time` BETWEEN 1553270400 AND 1553356799 [ RunTime:0.000000s ]
[ sql ] [ SQL ] SELECT COUNT(`order_id`) AS tp_count FROM `shop_order_info` WHERE  `shipping_time` BETWEEN 1553270400 AND 1553356799  AND `shipping_status` = 1 LIMIT 1 [ RunTime:0.000000s ]
[ sql ] [ SQL ] SELECT COUNT(`order_id`) AS tp_count FROM `shop_order_info` WHERE  `sign_time` BETWEEN 1553270400 AND 1553356799  AND `shipping_status` = 2 LIMIT 1 [ RunTime:0.001000s ]
[ sql ] [ SQL ] SELECT `order_id`,`order_status`,`pay_status`,`shipping_status`,`is_pay`,`order_amount`,`dividend_amount` FROM `shop_order_info` WHERE  `add_time` BETWEEN 1553356800 AND 1553443199 [ RunTime:0.001000s ]
[ sql ] [ SQL ] SELECT COUNT(`order_id`) AS tp_count FROM `shop_order_info` WHERE  `shipping_time` BETWEEN 1553356800 AND 1553443199  AND `shipping_status` = 1 LIMIT 1 [ RunTime:0.000000s ]
[ sql ] [ SQL ] SELECT COUNT(`order_id`) AS tp_count FROM `shop_order_info` WHERE  `sign_time` BETWEEN 1553356800 AND 1553443199  AND `shipping_status` = 2 LIMIT 1 [ RunTime:0.000000s ]
[ sql ] [ SQL ] SELECT `order_id`,`order_status`,`pay_status`,`shipping_status`,`is_pay`,`order_amount`,`dividend_amount` FROM `shop_order_info` WHERE  `add_time` BETWEEN 1553443200 AND 1553529599 [ RunTime:0.001000s ]
[ sql ] [ SQL ] SELECT COUNT(`order_id`) AS tp_count FROM `shop_order_info` WHERE  `shipping_time` BETWEEN 1553443200 AND 1553529599  AND `shipping_status` = 1 LIMIT 1 [ RunTime:0.000000s ]
[ sql ] [ SQL ] SELECT COUNT(`order_id`) AS tp_count FROM `shop_order_info` WHERE  `sign_time` BETWEEN 1553443200 AND 1553529599  AND `shipping_status` = 2 LIMIT 1 [ RunTime:0.000000s ]
[ error ] [8]未定义数组下标: 1[D:\phpStudy\WWW\mainshop\thinkphp\library\think\db\Builder.php:569]
[ error ] [8]未定义数组索引: all_add_num[D:\phpStudy\WWW\mainshop\application\mainadmin\controller\Index.php:167]
[ error ] [8]未定义数组索引: order_pay_num[D:\phpStudy\WWW\mainshop\application\mainadmin\controller\Index.php:169]
[ error ] [8]未定义数组索引: order_amount[D:\phpStudy\WWW\mainshop\application\mainadmin\controller\Index.php:170]
[ error ] [8]未定义数组索引: dividend_amount[D:\phpStudy\WWW\mainshop\application\mainadmin\controller\Index.php:171]
[ error ] [8]未定义数组索引: seven_order_amount_all[D:\phpStudy\WWW\mainshop\application\mainadmin\controller\Index.php:130]
[ error ] [8]未定义数组索引: seven_real_amount_all[D:\phpStudy\WWW\mainshop\application\mainadmin\controller\Index.php:131]
[ error ] [8]未定义数组索引: seven_dividend_amount_all[D:\phpStudy\WWW\mainshop\application\mainadmin\controller\Index.php:132]
[ error ] [8]未定义数组索引: seven_shpping_num[D:\phpStudy\WWW\mainshop\application\mainadmin\controller\Index.php:136]
[ error ] [8]未定义数组索引: seven_pay_num[D:\phpStudy\WWW\mainshop\application\mainadmin\controller\Index.php:137]
[ error ] [8]未定义数组索引: seven_add_num[D:\phpStudy\WWW\mainshop\application\mainadmin\controller\Index.php:138]
[ error ] [8]未定义数组索引: seven_sign_num[D:\phpStudy\WWW\mainshop\application\mainadmin\controller\Index.php:139]
[ error ] [8]未定义数组索引: all_add_num[D:\phpStudy\WWW\mainshop\application\mainadmin\controller\Index.php:167]
[ error ] [8]未定义数组索引: order_pay_num[D:\phpStudy\WWW\mainshop\application\mainadmin\controller\Index.php:169]
[ error ] [8]未定义数组索引: order_amount[D:\phpStudy\WWW\mainshop\application\mainadmin\controller\Index.php:170]
[ error ] [8]未定义数组索引: dividend_amount[D:\phpStudy\WWW\mainshop\application\mainadmin\controller\Index.php:171]
[ error ] [8]未定义数组索引: order_amount[D:\phpStudy\WWW\mainshop\application\mainadmin\controller\Index.php:130]
[ error ] [8]未定义数组索引: order_amount[D:\phpStudy\WWW\mainshop\application\mainadmin\controller\Index.php:131]
[ error ] [8]未定义数组索引: dividend_amount[D:\phpStudy\WWW\mainshop\application\mainadmin\controller\Index.php:131]
[ error ] [8]未定义数组索引: dividend_amount[D:\phpStudy\WWW\mainshop\application\mainadmin\controller\Index.php:132]
[ error ] [8]未定义数组索引: order_amount[D:\phpStudy\WWW\mainshop\application\mainadmin\controller\Index.php:133]
[ error ] [8]未定义数组索引: order_amount[D:\phpStudy\WWW\mainshop\application\mainadmin\controller\Index.php:134]
[ error ] [8]未定义数组索引: dividend_amount[D:\phpStudy\WWW\mainshop\application\mainadmin\controller\Index.php:134]
[ error ] [8]未定义数组索引: dividend_amount[D:\phpStudy\WWW\mainshop\application\mainadmin\controller\Index.php:135]
[ error ] [8]未定义数组索引: order_pay_num[D:\phpStudy\WWW\mainshop\application\mainadmin\controller\Index.php:137]
[ error ] [8]未定义数组索引: all_add_num[D:\phpStudy\WWW\mainshop\application\mainadmin\controller\Index.php:138]
[ error ] [8]未定义数组索引: all_add_num[D:\phpStudy\WWW\mainshop\application\mainadmin\controller\Index.php:140]
[ error ] [8]未定义数组索引: order_pay_num[D:\phpStudy\WWW\mainshop\application\mainadmin\controller\Index.php:141]
[ error ] [8]未定义数组索引: order_amount[D:\phpStudy\WWW\mainshop\application\mainadmin\controller\Index.php:130]
[ error ] [8]未定义数组索引: order_amount[D:\phpStudy\WWW\mainshop\application\mainadmin\controller\Index.php:131]
[ error ] [8]未定义数组索引: dividend_amount[D:\phpStudy\WWW\mainshop\application\mainadmin\controller\Index.php:131]
[ error ] [8]未定义数组索引: dividend_amount[D:\phpStudy\WWW\mainshop\application\mainadmin\controller\Index.php:132]
[ error ] [8]未定义数组索引: order_amount[D:\phpStudy\WWW\mainshop\application\mainadmin\controller\Index.php:133]
[ error ] [8]未定义数组索引: order_amount[D:\phpStudy\WWW\mainshop\application\mainadmin\controller\Index.php:134]
[ error ] [8]未定义数组索引: dividend_amount[D:\phpStudy\WWW\mainshop\application\mainadmin\controller\Index.php:134]
[ error ] [8]未定义数组索引: dividend_amount[D:\phpStudy\WWW\mainshop\application\mainadmin\controller\Index.php:135]
[ error ] [8]未定义数组索引: order_pay_num[D:\phpStudy\WWW\mainshop\application\mainadmin\controller\Index.php:137]
[ error ] [8]未定义数组索引: all_add_num[D:\phpStudy\WWW\mainshop\application\mainadmin\controller\Index.php:138]
[ error ] [8]未定义数组索引: all_add_num[D:\phpStudy\WWW\mainshop\application\mainadmin\controller\Index.php:140]
[ error ] [8]未定义数组索引: order_pay_num[D:\phpStudy\WWW\mainshop\application\mainadmin\controller\Index.php:141]
[ error ] [8]未定义数组索引: order_amount[D:\phpStudy\WWW\mainshop\application\mainadmin\controller\Index.php:130]
[ error ] [8]未定义数组索引: order_amount[D:\phpStudy\WWW\mainshop\application\mainadmin\controller\Index.php:131]
[ error ] [8]未定义数组索引: dividend_amount[D:\phpStudy\WWW\mainshop\application\mainadmin\controller\Index.php:131]
[ error ] [8]未定义数组索引: dividend_amount[D:\phpStudy\WWW\mainshop\application\mainadmin\controller\Index.php:132]
[ error ] [8]未定义数组索引: order_amount[D:\phpStudy\WWW\mainshop\application\mainadmin\controller\Index.php:133]
[ error ] [8]未定义数组索引: order_amount[D:\phpStudy\WWW\mainshop\application\mainadmin\controller\Index.php:134]
[ error ] [8]未定义数组索引: dividend_amount[D:\phpStudy\WWW\mainshop\application\mainadmin\controller\Index.php:134]
[ error ] [8]未定义数组索引: dividend_amount[D:\phpStudy\WWW\mainshop\application\mainadmin\controller\Index.php:135]
[ error ] [8]未定义数组索引: order_pay_num[D:\phpStudy\WWW\mainshop\application\mainadmin\controller\Index.php:137]
[ error ] [8]未定义数组索引: all_add_num[D:\phpStudy\WWW\mainshop\application\mainadmin\controller\Index.php:138]
[ error ] [8]未定义数组索引: all_add_num[D:\phpStudy\WWW\mainshop\application\mainadmin\controller\Index.php:140]
[ error ] [8]未定义数组索引: order_pay_num[D:\phpStudy\WWW\mainshop\application\mainadmin\controller\Index.php:141]
[ error ] [8]未定义数组索引: order_amount[D:\phpStudy\WWW\mainshop\application\mainadmin\controller\Index.php:130]
[ error ] [8]未定义数组索引: order_amount[D:\phpStudy\WWW\mainshop\application\mainadmin\controller\Index.php:131]
[ error ] [8]未定义数组索引: dividend_amount[D:\phpStudy\WWW\mainshop\application\mainadmin\controller\Index.php:131]
[ error ] [8]未定义数组索引: dividend_amount[D:\phpStudy\WWW\mainshop\application\mainadmin\controller\Index.php:132]
[ error ] [8]未定义数组索引: order_amount[D:\phpStudy\WWW\mainshop\application\mainadmin\controller\Index.php:133]
[ error ] [8]未定义数组索引: order_amount[D:\phpStudy\WWW\mainshop\application\mainadmin\controller\Index.php:134]
[ error ] [8]未定义数组索引: dividend_amount[D:\phpStudy\WWW\mainshop\application\mainadmin\controller\Index.php:134]
[ error ] [8]未定义数组索引: dividend_amount[D:\phpStudy\WWW\mainshop\application\mainadmin\controller\Index.php:135]
[ error ] [8]未定义数组索引: order_pay_num[D:\phpStudy\WWW\mainshop\application\mainadmin\controller\Index.php:137]
[ error ] [8]未定义数组索引: all_add_num[D:\phpStudy\WWW\mainshop\application\mainadmin\controller\Index.php:138]
[ error ] [8]未定义数组索引: all_add_num[D:\phpStudy\WWW\mainshop\application\mainadmin\controller\Index.php:140]
[ error ] [8]未定义数组索引: order_pay_num[D:\phpStudy\WWW\mainshop\application\mainadmin\controller\Index.php:141]
[ error ] [8]未定义数组索引: all_add_num[D:\phpStudy\WWW\mainshop\application\mainadmin\controller\Index.php:123]
[ error ] [8]未定义数组索引: order_pay_num[D:\phpStudy\WWW\mainshop\application\mainadmin\controller\Index.php:124]
[ error ] [8]未定义数组索引: order_amount[D:\phpStudy\WWW\mainshop\application\mainadmin\controller\Index.php:130]
[ error ] [8]未定义数组索引: order_amount[D:\phpStudy\WWW\mainshop\application\mainadmin\controller\Index.php:131]
[ error ] [8]未定义数组索引: dividend_amount[D:\phpStudy\WWW\mainshop\application\mainadmin\controller\Index.php:131]
[ error ] [8]未定义数组索引: dividend_amount[D:\phpStudy\WWW\mainshop\application\mainadmin\controller\Index.php:132]
[ error ] [8]未定义数组索引: order_amount[D:\phpStudy\WWW\mainshop\application\mainadmin\controller\Index.php:133]
[ error ] [8]未定义数组索引: order_amount[D:\phpStudy\WWW\mainshop\application\mainadmin\controller\Index.php:134]
[ error ] [8]未定义数组索引: dividend_amount[D:\phpStudy\WWW\mainshop\application\mainadmin\controller\Index.php:134]
[ error ] [8]未定义数组索引: dividend_amount[D:\phpStudy\WWW\mainshop\application\mainadmin\controller\Index.php:135]
[ error ] [8]未定义数组索引: order_pay_num[D:\phpStudy\WWW\mainshop\application\mainadmin\controller\Index.php:137]
[ error ] [8]未定义数组索引: all_add_num[D:\phpStudy\WWW\mainshop\application\mainadmin\controller\Index.php:138]
[ error ] [8]未定义数组索引: all_add_num[D:\phpStudy\WWW\mainshop\application\mainadmin\controller\Index.php:140]
[ error ] [8]未定义数组索引: order_pay_num[D:\phpStudy\WWW\mainshop\application\mainadmin\controller\Index.php:141]
[ error ] [8]未定义数组索引: all_add_num[D:\phpStudy\WWW\mainshop\application\mainadmin\controller\Index.php:118]
[ error ] [8]未定义数组索引: order_pay_num[D:\phpStudy\WWW\mainshop\application\mainadmin\controller\Index.php:119]
---------------------------------------------------------------
[ 2019-03-25T09:26:49+08:00 ] 127.0.0.1 GET www.moduleshop.top/admin.php/shop/sys_admin.order/index.html
[运行时间：0.309018s] [吞吐率：3.24req/s] [内存消耗：2,991.42kb] [文件加载：91]
[ info ] [ LANG ] D:\phpStudy\WWW\mainshop\thinkphp\lang\zh-cn.php
[ info ] [ LANG ] D:\phpStudy\WWW\mainshop\application\lang\zh-cn.php
[ info ] [ ROUTE ] array (
)
[ info ] [ HEADER ] array (
  'cookie' => 'PHPSESSID=cdpf6ircg68m1217sbf90fkfj5',
  'accept-language' => 'zh-CN,zh;q=0.9,en;q=0.8,und;q=0.7',
  'accept-encoding' => 'gzip, deflate',
  'referer' => 'http://www.moduleshop.top/admin.php/mainadmin/index/index.html',
  'accept' => 'text/html,application/xhtml+xml,application/xml;q=0.9,image/webp,image/apng,*/*;q=0.8',
  'user-agent' => 'Mozilla/5.0 (Windows NT 6.1; Win64; x64) AppleWebKit/537.36 (KHTML, like Gecko) Chrome/67.0.3396.99 Safari/537.36',
  'upgrade-insecure-requests' => '1',
  'connection' => 'close',
  'host' => 'www.moduleshop.top',
)
[ info ] [ PARAM ] array (
)
[ info ] [ DB ] INIT mysql
[ info ] [ VIEW ] D:\phpStudy\WWW\mainshop\application\shop\view\sys_admin\order\index.html [ array (
  0 => 'menus',
  1 => 'top_menus',
  2 => '_module',
  3 => 'admin',
  4 => 'menus_group',
  5 => 'start_date',
  6 => 'end_date',
  7 => 'is_cancel',
  8 => 'orderLang',
  9 => 'data',
  10 => 'search',
) ]
[ sql ] [ DB ] CONNECT:[ UseTime:0.011001s ] mysql:host=127.0.0.1;dbname=main_obj_db;charset=utf8
[ sql ] [ SQL ] SHOW COLUMNS FROM `shop_order_info` [ RunTime:0.010001s ]
[ sql ] [ SQL ] SELECT COUNT(*) AS tp_count FROM `shop_order_info` WHERE  `store_id` = 0  AND `add_time` BETWEEN 1551058009 AND 1553477209 ORDER BY `order_id` DESC LIMIT 1 [ RunTime:0.001000s ]
[ sql ] [ SQL ] SELECT `order_id` FROM `shop_order_info` WHERE  `store_id` = 0  AND `add_time` BETWEEN 1551058009 AND 1553477209 ORDER BY `order_id` DESC LIMIT 0,10 [ RunTime:0.000000s ]
[ sql ] [ SQL ] SELECT * FROM `shop_order_info` WHERE  `order_id` = 24 LIMIT 1 [ RunTime:0.000000s ]
[ sql ] [ SQL ] SHOW COLUMNS FROM `shop_order_goods` [ RunTime:0.062003s ]
[ sql ] [ SQL ] SELECT * FROM `shop_order_goods` WHERE  `order_id` = 24 ORDER BY `rec_id` ASC [ RunTime:0.001000s ]
[ sql ] [ SQL ] SELECT * FROM `shop_order_info` WHERE  `order_id` = 23 LIMIT 1 [ RunTime:0.002000s ]
[ sql ] [ SQL ] SELECT * FROM `shop_order_goods` WHERE  `order_id` = 23 ORDER BY `rec_id` ASC [ RunTime:0.001000s ]
[ sql ] [ SQL ] SELECT * FROM `shop_order_info` WHERE  `order_id` = 22 LIMIT 1 [ RunTime:0.001000s ]
[ sql ] [ SQL ] SELECT * FROM `shop_order_goods` WHERE  `order_id` = 22 ORDER BY `rec_id` ASC [ RunTime:0.001000s ]
[ sql ] [ SQL ] SELECT * FROM `shop_order_info` WHERE  `order_id` = 21 LIMIT 1 [ RunTime:0.002000s ]
[ sql ] [ SQL ] SELECT * FROM `shop_order_goods` WHERE  `order_id` = 21 ORDER BY `rec_id` ASC [ RunTime:0.001000s ]
[ sql ] [ SQL ] SELECT * FROM `shop_order_info` WHERE  `order_id` = 20 LIMIT 1 [ RunTime:0.001000s ]
[ sql ] [ SQL ] SELECT * FROM `shop_order_goods` WHERE  `order_id` = 20 ORDER BY `rec_id` ASC [ RunTime:0.001000s ]
[ sql ] [ SQL ] SELECT * FROM `shop_order_info` WHERE  `order_id` = 19 LIMIT 1 [ RunTime:0.001001s ]
[ sql ] [ SQL ] SELECT * FROM `shop_order_goods` WHERE  `order_id` = 19 ORDER BY `rec_id` ASC [ RunTime:0.001000s ]
[ sql ] [ SQL ] SELECT * FROM `shop_order_info` WHERE  `order_id` = 18 LIMIT 1 [ RunTime:0.001000s ]
[ sql ] [ SQL ] SELECT * FROM `shop_order_goods` WHERE  `order_id` = 18 ORDER BY `rec_id` ASC [ RunTime:0.001000s ]
[ sql ] [ SQL ] SELECT * FROM `shop_order_info` WHERE  `order_id` = 17 LIMIT 1 [ RunTime:0.001000s ]
[ sql ] [ SQL ] SELECT * FROM `shop_order_goods` WHERE  `order_id` = 17 ORDER BY `rec_id` ASC [ RunTime:0.001000s ]
[ sql ] [ SQL ] SELECT * FROM `shop_order_info` WHERE  `order_id` = 16 LIMIT 1 [ RunTime:0.001000s ]
[ sql ] [ SQL ] SELECT * FROM `shop_order_goods` WHERE  `order_id` = 16 ORDER BY `rec_id` ASC [ RunTime:0.001000s ]
[ sql ] [ SQL ] SELECT * FROM `shop_order_info` WHERE  `order_id` = 15 LIMIT 1 [ RunTime:0.001000s ]
[ sql ] [ SQL ] SELECT * FROM `shop_order_goods` WHERE  `order_id` = 15 ORDER BY `rec_id` ASC [ RunTime:0.001000s ]
---------------------------------------------------------------
[ 2019-03-25T09:26:49+08:00 ] 127.0.0.1 GET www.moduleshop.top/upload/gimg/20190305/5c7df3af3ae24_thumb.png
[运行时间：0.025002s] [吞吐率：40.00req/s] [内存消耗：994.03kb] [文件加载：53]
[ info ] [ LANG ] D:\phpStudy\WWW\mainshop\thinkphp\lang\zh-cn.php
[ info ] [ LANG ] D:\phpStudy\WWW\mainshop\application\lang\zh-cn.php
---------------------------------------------------------------
[ 2019-03-25T09:26:50+08:00 ] 127.0.0.1 GET www.moduleshop.top/upload/gimg/20190316/5c8cb513953f1_thumb.jpg
[运行时间：0.023002s] [吞吐率：43.47req/s] [内存消耗：994.03kb] [文件加载：53]
[ info ] [ LANG ] D:\phpStudy\WWW\mainshop\thinkphp\lang\zh-cn.php
[ info ] [ LANG ] D:\phpStudy\WWW\mainshop\application\lang\zh-cn.php
---------------------------------------------------------------
[ 2019-03-25T09:27:18+08:00 ] 127.0.0.1 GET www.moduleshop.top/admin.php/shop/sys_admin.shipping/index.html
[运行时间：0.175010s] [吞吐率：5.71req/s] [内存消耗：2,684.41kb] [文件加载：87]
[ info ] [ LANG ] D:\phpStudy\WWW\mainshop\thinkphp\lang\zh-cn.php
[ info ] [ LANG ] D:\phpStudy\WWW\mainshop\application\lang\zh-cn.php
[ info ] [ ROUTE ] array (
)
[ info ] [ HEADER ] array (
  'cookie' => 'PHPSESSID=cdpf6ircg68m1217sbf90fkfj5',
  'accept-language' => 'zh-CN,zh;q=0.9,en;q=0.8,und;q=0.7',
  'accept-encoding' => 'gzip, deflate',
  'referer' => 'http://www.moduleshop.top/admin.php/shop/sys_admin.order/index.html',
  'accept' => 'text/html,application/xhtml+xml,application/xml;q=0.9,image/webp,image/apng,*/*;q=0.8',
  'user-agent' => 'Mozilla/5.0 (Windows NT 6.1; Win64; x64) AppleWebKit/537.36 (KHTML, like Gecko) Chrome/67.0.3396.99 Safari/537.36',
  'upgrade-insecure-requests' => '1',
  'connection' => 'close',
  'host' => 'www.moduleshop.top',
)
[ info ] [ PARAM ] array (
)
[ info ] [ DB ] INIT mysql
[ info ] [ VIEW ] D:\phpStudy\WWW\mainshop\application\shop\view\sys_admin\shipping\index.html [ array (
  0 => 'menus',
  1 => 'top_menus',
  2 => '_module',
  3 => 'admin',
  4 => 'menus_group',
  5 => 'list',
) ]
[ sql ] [ DB ] CONNECT:[ UseTime:0.001000s ] mysql:host=127.0.0.1;dbname=main_obj_db;charset=utf8
[ sql ] [ SQL ] SHOW COLUMNS FROM `shop_shipping` [ RunTime:0.053003s ]
[ sql ] [ SQL ] SELECT * FROM `shop_shipping` ORDER BY `is_sys` DESC,`sort_order` DESC [ RunTime:0.012001s ]
---------------------------------------------------------------
[ 2019-03-25T09:27:24+08:00 ] 127.0.0.1 GET www.moduleshop.top/admin.php/shop/sys_admin.shipping/index.html
[运行时间：0.075004s] [吞吐率：13.33req/s] [内存消耗：2,684.41kb] [文件加载：87]
[ info ] [ LANG ] D:\phpStudy\WWW\mainshop\thinkphp\lang\zh-cn.php
[ info ] [ LANG ] D:\phpStudy\WWW\mainshop\application\lang\zh-cn.php
[ info ] [ ROUTE ] array (
)
[ info ] [ HEADER ] array (
  'cookie' => 'PHPSESSID=cdpf6ircg68m1217sbf90fkfj5',
  'accept-language' => 'zh-CN,zh;q=0.9,en;q=0.8,und;q=0.7',
  'accept-encoding' => 'gzip, deflate',
  'referer' => 'http://www.moduleshop.top/admin.php/shop/sys_admin.shipping/index.html',
  'accept' => 'text/html,application/xhtml+xml,application/xml;q=0.9,image/webp,image/apng,*/*;q=0.8',
  'user-agent' => 'Mozilla/5.0 (Windows NT 6.1; Win64; x64) AppleWebKit/537.36 (KHTML, like Gecko) Chrome/67.0.3396.99 Safari/537.36',
  'upgrade-insecure-requests' => '1',
  'connection' => 'close',
  'host' => 'www.moduleshop.top',
)
[ info ] [ PARAM ] array (
)
[ info ] [ DB ] INIT mysql
[ info ] [ VIEW ] D:\phpStudy\WWW\mainshop\application\shop\view\sys_admin\shipping\index.html [ array (
  0 => 'menus',
  1 => 'top_menus',
  2 => '_module',
  3 => 'admin',
  4 => 'menus_group',
  5 => 'list',
) ]
[ sql ] [ DB ] CONNECT:[ UseTime:0.011000s ] mysql:host=127.0.0.1;dbname=main_obj_db;charset=utf8
[ sql ] [ SQL ] SHOW COLUMNS FROM `shop_shipping` [ RunTime:0.008001s ]
[ sql ] [ SQL ] SELECT * FROM `shop_shipping` ORDER BY `is_sys` DESC,`sort_order` DESC [ RunTime:0.000000s ]
---------------------------------------------------------------
[ 2019-03-25T09:27:37+08:00 ] 127.0.0.1 GET www.moduleshop.top/admin.php/shop/sys_admin.shipping/info/shipping_id/1.html?ishtml=1&_=1553477257694
[运行时间：0.097006s] [吞吐率：10.31req/s] [内存消耗：2,533.78kb] [文件加载：84]
[ info ] [ LANG ] D:\phpStudy\WWW\mainshop\thinkphp\lang\zh-cn.php
[ info ] [ LANG ] D:\phpStudy\WWW\mainshop\application\lang\zh-cn.php
[ info ] [ ROUTE ] array (
)
[ info ] [ HEADER ] array (
  'cookie' => 'PHPSESSID=cdpf6ircg68m1217sbf90fkfj5',
  'accept-language' => 'zh-CN,zh;q=0.9,en;q=0.8,und;q=0.7',
  'accept-encoding' => 'gzip, deflate',
  'referer' => 'http://www.moduleshop.top/admin.php/shop/sys_admin.shipping/index.html',
  'user-agent' => 'Mozilla/5.0 (Windows NT 6.1; Win64; x64) AppleWebKit/537.36 (KHTML, like Gecko) Chrome/67.0.3396.99 Safari/537.36',
  'x-requested-with' => 'XMLHttpRequest',
  'accept' => 'text/html, */*; q=0.01',
  'connection' => 'close',
  'host' => 'www.moduleshop.top',
)
[ info ] [ PARAM ] array (
  'ishtml' => '1',
  '_' => '1553477257694',
  'shipping_id' => '1',
)
[ info ] [ DB ] INIT mysql
[ sql ] [ DB ] CONNECT:[ UseTime:0.001000s ] mysql:host=127.0.0.1;dbname=main_obj_db;charset=utf8
[ sql ] [ SQL ] SHOW COLUMNS FROM `shop_shipping` [ RunTime:0.016001s ]
[ sql ] [ SQL ] SELECT * FROM `shop_shipping` WHERE  `shipping_id` = 1 LIMIT 1 [ RunTime:0.001000s ]
---------------------------------------------------------------
[ 2019-03-25T09:27:42+08:00 ] 127.0.0.1 GET www.moduleshop.top/admin.php/shop/sys_admin.shipping/index.html
[运行时间：0.074004s] [吞吐率：13.51req/s] [内存消耗：2,684.72kb] [文件加载：87]
[ info ] [ LANG ] D:\phpStudy\WWW\mainshop\thinkphp\lang\zh-cn.php
[ info ] [ LANG ] D:\phpStudy\WWW\mainshop\application\lang\zh-cn.php
[ info ] [ ROUTE ] array (
)
[ info ] [ HEADER ] array (
  'cookie' => 'PHPSESSID=cdpf6ircg68m1217sbf90fkfj5',
  'accept-language' => 'zh-CN,zh;q=0.9,en;q=0.8,und;q=0.7',
  'accept-encoding' => 'gzip, deflate',
  'referer' => 'http://www.moduleshop.top/admin.php/shop/sys_admin.shipping/index.html',
  'accept' => 'text/html,application/xhtml+xml,application/xml;q=0.9,image/webp,image/apng,*/*;q=0.8',
  'user-agent' => 'Mozilla/5.0 (Windows NT 6.1; Win64; x64) AppleWebKit/537.36 (KHTML, like Gecko) Chrome/67.0.3396.99 Safari/537.36',
  'upgrade-insecure-requests' => '1',
  'cache-control' => 'max-age=0',
  'connection' => 'close',
  'host' => 'www.moduleshop.top',
)
[ info ] [ PARAM ] array (
)
[ info ] [ DB ] INIT mysql
[ info ] [ VIEW ] D:\phpStudy\WWW\mainshop\application\shop\view\sys_admin\shipping\index.html [ array (
  0 => 'menus',
  1 => 'top_menus',
  2 => '_module',
  3 => 'admin',
  4 => 'menus_group',
  5 => 'list',
) ]
[ sql ] [ DB ] CONNECT:[ UseTime:0.001000s ] mysql:host=127.0.0.1;dbname=main_obj_db;charset=utf8
[ sql ] [ SQL ] SHOW COLUMNS FROM `shop_shipping` [ RunTime:0.010001s ]
[ sql ] [ SQL ] SELECT * FROM `shop_shipping` ORDER BY `is_sys` DESC,`sort_order` DESC [ RunTime:0.000000s ]
---------------------------------------------------------------
[ 2019-03-25T09:27:44+08:00 ] 127.0.0.1 GET www.moduleshop.top/admin.php/shop/sys_admin.shipping/info/shipping_id/4.html?ishtml=1&_=1553477263904
[运行时间：0.118007s] [吞吐率：8.47req/s] [内存消耗：2,709.20kb] [文件加载：87]
[ info ] [ LANG ] D:\phpStudy\WWW\mainshop\thinkphp\lang\zh-cn.php
[ info ] [ LANG ] D:\phpStudy\WWW\mainshop\application\lang\zh-cn.php
[ info ] [ ROUTE ] array (
)
[ info ] [ HEADER ] array (
  'cookie' => 'PHPSESSID=cdpf6ircg68m1217sbf90fkfj5',
  'accept-language' => 'zh-CN,zh;q=0.9,en;q=0.8,und;q=0.7',
  'accept-encoding' => 'gzip, deflate',
  'referer' => 'http://www.moduleshop.top/admin.php/shop/sys_admin.shipping/index.html',
  'user-agent' => 'Mozilla/5.0 (Windows NT 6.1; Win64; x64) AppleWebKit/537.36 (KHTML, like Gecko) Chrome/67.0.3396.99 Safari/537.36',
  'x-requested-with' => 'XMLHttpRequest',
  'accept' => 'text/html, */*; q=0.01',
  'connection' => 'close',
  'host' => 'www.moduleshop.top',
)
[ info ] [ PARAM ] array (
  'ishtml' => '1',
  '_' => '1553477263904',
  'shipping_id' => '4',
)
[ info ] [ DB ] INIT mysql
[ info ] [ VIEW ] D:\phpStudy\WWW\mainshop\application\shop\view\sys_admin\shipping\info.html [ array (
  0 => 'menus',
  1 => 'top_menus',
  2 => '_module',
  3 => 'admin',
  4 => 'menus_group',
  5 => 'row',
) ]
[ sql ] [ DB ] CONNECT:[ UseTime:0.001000s ] mysql:host=127.0.0.1;dbname=main_obj_db;charset=utf8
[ sql ] [ SQL ] SHOW COLUMNS FROM `shop_shipping` [ RunTime:0.016001s ]
[ sql ] [ SQL ] SELECT * FROM `shop_shipping` WHERE  `shipping_id` = 4 LIMIT 1 [ RunTime:0.000000s ]
---------------------------------------------------------------
[ 2019-03-25T09:27:46+08:00 ] 127.0.0.1 GET www.moduleshop.top/admin.php/shop/sys_admin.shipping/index.html
[运行时间：0.129007s] [吞吐率：7.75req/s] [内存消耗：2,715.70kb] [文件加载：88]
[ info ] [ LANG ] D:\phpStudy\WWW\mainshop\thinkphp\lang\zh-cn.php
[ info ] [ LANG ] D:\phpStudy\WWW\mainshop\application\lang\zh-cn.php
[ info ] [ ROUTE ] array (
)
[ info ] [ HEADER ] array (
  'cookie' => 'PHPSESSID=cdpf6ircg68m1217sbf90fkfj5',
  'accept-language' => 'zh-CN,zh;q=0.9,en;q=0.8,und;q=0.7',
  'accept-encoding' => 'gzip, deflate',
  'referer' => 'http://www.moduleshop.top/admin.php/shop/sys_admin.shipping/index.html',
  'accept' => 'text/html,application/xhtml+xml,application/xml;q=0.9,image/webp,image/apng,*/*;q=0.8',
  'user-agent' => 'Mozilla/5.0 (Windows NT 6.1; Win64; x64) AppleWebKit/537.36 (KHTML, like Gecko) Chrome/67.0.3396.99 Safari/537.36',
  'upgrade-insecure-requests' => '1',
  'cache-control' => 'max-age=0',
  'connection' => 'close',
  'host' => 'www.moduleshop.top',
)
[ info ] [ PARAM ] array (
)
[ info ] [ DB ] INIT mysql
[ info ] [ VIEW ] D:\phpStudy\WWW\mainshop\application\shop\view\sys_admin\shipping\index.html [ array (
  0 => 'menus',
  1 => 'top_menus',
  2 => '_module',
  3 => 'admin',
  4 => 'menus_group',
  5 => 'list',
) ]
[ sql ] [ DB ] CONNECT:[ UseTime:0.011000s ] mysql:host=127.0.0.1;dbname=main_obj_db;charset=utf8
[ sql ] [ SQL ] SHOW COLUMNS FROM `main_menu_list` [ RunTime:0.012001s ]
[ sql ] [ SQL ] SELECT * FROM `main_menu_list` WHERE  `parent` = '0'  AND `status` = 1 ORDER BY `sort_order` ASC [ RunTime:0.001000s ]
[ sql ] [ SQL ] SELECT * FROM `main_menu_list` WHERE  `parent` = 'mainadmin'  AND `group` = 'mainadmin'  AND `status` = 1 ORDER BY `sort_order` ASC [ RunTime:0.002000s ]
[ sql ] [ SQL ] SELECT * FROM `main_menu_list` WHERE  `parent` = 'adminUser'  AND `group` = 'mainadmin'  AND `status` = 1 ORDER BY `sort_order` ASC [ RunTime:0.001000s ]
[ sql ] [ SQL ] SELECT * FROM `main_menu_list` WHERE  `parent` = 'setting'  AND `group` = 'mainadmin'  AND `status` = 1 ORDER BY `sort_order` ASC [ RunTime:0.001000s ]
[ sql ] [ SQL ] SELECT * FROM `main_menu_list` WHERE  `parent` = 'smsManage'  AND `group` = 'mainadmin'  AND `status` = 1 ORDER BY `sort_order` ASC [ RunTime:0.001000s ]
[ sql ] [ SQL ] SELECT * FROM `main_menu_list` WHERE  `parent` = 'payment'  AND `group` = 'mainadmin'  AND `status` = 1 ORDER BY `sort_order` ASC [ RunTime:0.001000s ]
[ sql ] [ SQL ] SELECT * FROM `main_menu_list` WHERE  `parent` = 'sysLog'  AND `group` = 'mainadmin'  AND `status` = 1 ORDER BY `sort_order` ASC [ RunTime:0.001001s ]
[ sql ] [ SQL ] SELECT * FROM `main_menu_list` WHERE  `parent` = 'article'  AND `group` = 'mainadmin'  AND `status` = 1 ORDER BY `sort_order` ASC [ RunTime:0.001000s ]
[ sql ] [ SQL ] SELECT * FROM `main_menu_list` WHERE  `parent` = 'backupDb'  AND `group` = 'mainadmin'  AND `status` = 1 ORDER BY `sort_order` ASC [ RunTime:0.000000s ]
[ sql ] [ SQL ] SELECT * FROM `main_menu_list` WHERE  `parent` = 'weixin'  AND `group` = 'weixin'  AND `status` = 1 ORDER BY `sort_order` ASC [ RunTime:0.000000s ]
[ sql ] [ SQL ] SELECT * FROM `main_menu_list` WHERE  `parent` = 'weixinMaterial'  AND `group` = 'weixin'  AND `status` = 1 ORDER BY `sort_order` ASC [ RunTime:0.001000s ]
[ sql ] [ SQL ] SELECT * FROM `main_menu_list` WHERE  `parent` = 'shop'  AND `group` = 'shop'  AND `status` = 1 ORDER BY `sort_order` ASC [ RunTime:0.001000s ]
[ sql ] [ SQL ] SELECT * FROM `main_menu_list` WHERE  `parent` = 'shopOrder'  AND `group` = 'shop'  AND `status` = 1 ORDER BY `sort_order` ASC [ RunTime:0.000000s ]
[ sql ] [ SQL ] SELECT * FROM `main_menu_list` WHERE  `parent` = 'shopGoods'  AND `group` = 'shop'  AND `status` = 1 ORDER BY `sort_order` ASC [ RunTime:0.001000s ]
[ sql ] [ SQL ] SELECT * FROM `main_menu_list` WHERE  `parent` = 'shopPromotion'  AND `group` = 'shop'  AND `status` = 1 ORDER BY `sort_order` ASC [ RunTime:0.001000s ]
[ sql ] [ SQL ] SELECT * FROM `main_menu_list` WHERE  `parent` = 'groupBuy'  AND `group` = 'shop'  AND `status` = 1 ORDER BY `sort_order` ASC [ RunTime:0.001000s ]
[ sql ] [ SQL ] SELECT * FROM `main_menu_list` WHERE  `parent` = 'spike'  AND `group` = 'shop'  AND `status` = 1 ORDER BY `sort_order` ASC [ RunTime:0.001000s ]
[ sql ] [ SQL ] SELECT * FROM `main_menu_list` WHERE  `parent` = 'integral'  AND `group` = 'shop'  AND `status` = 1 ORDER BY `sort_order` ASC [ RunTime:0.001000s ]
[ sql ] [ SQL ] SELECT * FROM `main_menu_list` WHERE  `parent` = 'defIndex'  AND `group` = 'shop'  AND `status` = 1 ORDER BY `sort_order` ASC [ RunTime:0.001000s ]
[ sql ] [ SQL ] SELECT * FROM `main_menu_list` WHERE  `parent` = 'shopComment'  AND `group` = 'shop'  AND `status` = 1 ORDER BY `sort_order` ASC [ RunTime:0.001000s ]
[ sql ] [ SQL ] SELECT * FROM `main_menu_list` WHERE  `parent` = 'distribution'  AND `group` = 'distribution'  AND `status` = 1 ORDER BY `sort_order` ASC [ RunTime:0.001001s ]
[ sql ] [ SQL ] SELECT * FROM `main_menu_list` WHERE  `parent` = 'member'  AND `group` = 'member'  AND `status` = 1 ORDER BY `sort_order` ASC [ RunTime:0.001000s ]
[ sql ] [ SQL ] SELECT * FROM `main_menu_list` WHERE  `parent` = 'memberLog'  AND `group` = 'member'  AND `status` = 1 ORDER BY `sort_order` ASC [ RunTime:0.000000s ]
[ sql ] [ SQL ] SHOW COLUMNS FROM `shop_shipping` [ RunTime:0.012001s ]
[ sql ] [ SQL ] SELECT * FROM `shop_shipping` ORDER BY `is_sys` DESC,`sort_order` DESC [ RunTime:0.001000s ]
---------------------------------------------------------------
[ 2019-03-25T09:27:49+08:00 ] 127.0.0.1 GET www.moduleshop.top/admin.php/shop/sys_admin.shipping/info/shipping_id/8.html?ishtml=1&_=1553477268916
[运行时间：0.120007s] [吞吐率：8.33req/s] [内存消耗：2,581.28kb] [文件加载：85]
[ info ] [ LANG ] D:\phpStudy\WWW\mainshop\thinkphp\lang\zh-cn.php
[ info ] [ LANG ] D:\phpStudy\WWW\mainshop\application\lang\zh-cn.php
[ info ] [ ROUTE ] array (
)
[ info ] [ HEADER ] array (
  'cookie' => 'PHPSESSID=cdpf6ircg68m1217sbf90fkfj5',
  'accept-language' => 'zh-CN,zh;q=0.9,en;q=0.8,und;q=0.7',
  'accept-encoding' => 'gzip, deflate',
  'referer' => 'http://www.moduleshop.top/admin.php/shop/sys_admin.shipping/index.html',
  'user-agent' => 'Mozilla/5.0 (Windows NT 6.1; Win64; x64) AppleWebKit/537.36 (KHTML, like Gecko) Chrome/67.0.3396.99 Safari/537.36',
  'x-requested-with' => 'XMLHttpRequest',
  'accept' => 'text/html, */*; q=0.01',
  'connection' => 'close',
  'host' => 'www.moduleshop.top',
)
[ info ] [ PARAM ] array (
  'ishtml' => '1',
  '_' => '1553477268916',
  'shipping_id' => '8',
)
[ info ] [ DB ] INIT mysql
[ info ] [ VIEW ] D:\phpStudy\WWW\mainshop\application\shop\view\sys_admin\shipping\info.html [ array (
  0 => 'menus',
  1 => 'top_menus',
  2 => '_module',
  3 => 'admin',
  4 => 'menus_group',
  5 => 'row',
) ]
[ sql ] [ DB ] CONNECT:[ UseTime:0.001000s ] mysql:host=127.0.0.1;dbname=main_obj_db;charset=utf8
[ sql ] [ SQL ] SHOW COLUMNS FROM `shop_shipping` [ RunTime:0.025001s ]
[ sql ] [ SQL ] SELECT * FROM `shop_shipping` WHERE  `shipping_id` = 8 LIMIT 1 [ RunTime:0.004000s ]
---------------------------------------------------------------
[ 2019-03-25T09:28:59+08:00 ] 127.0.0.1 GET www.moduleshop.top/admin.php/shop/sys_admin.shipping/info/shipping_id/3.html?ishtml=1&_=1553477339337
[运行时间：0.198011s] [吞吐率：5.05req/s] [内存消耗：2,644.66kb] [文件加载：88]
[ info ] [ LANG ] D:\phpStudy\WWW\mainshop\thinkphp\lang\zh-cn.php
[ info ] [ LANG ] D:\phpStudy\WWW\mainshop\application\lang\zh-cn.php
[ info ] [ ROUTE ] array (
)
[ info ] [ HEADER ] array (
  'cookie' => 'PHPSESSID=cdpf6ircg68m1217sbf90fkfj5',
  'accept-language' => 'zh-CN,zh;q=0.9,en;q=0.8,und;q=0.7',
  'accept-encoding' => 'gzip, deflate',
  'referer' => 'http://www.moduleshop.top/admin.php/shop/sys_admin.shipping/index.html',
  'user-agent' => 'Mozilla/5.0 (Windows NT 6.1; Win64; x64) AppleWebKit/537.36 (KHTML, like Gecko) Chrome/67.0.3396.99 Safari/537.36',
  'x-requested-with' => 'XMLHttpRequest',
  'accept' => 'text/html, */*; q=0.01',
  'connection' => 'close',
  'host' => 'www.moduleshop.top',
)
[ info ] [ PARAM ] array (
  'ishtml' => '1',
  '_' => '1553477339337',
  'shipping_id' => '3',
)
[ info ] [ DB ] INIT mysql
[ info ] [ VIEW ] D:\phpStudy\WWW\mainshop\application\shop\view\sys_admin\shipping\info.html [ array (
  0 => 'menus',
  1 => 'top_menus',
  2 => '_module',
  3 => 'admin',
  4 => 'menus_group',
  5 => 'row',
) ]
[ sql ] [ DB ] CONNECT:[ UseTime:0.015001s ] mysql:host=127.0.0.1;dbname=main_obj_db;charset=utf8
[ sql ] [ SQL ] SHOW COLUMNS FROM `main_menu_list` [ RunTime:0.017001s ]
[ sql ] [ SQL ] SELECT * FROM `main_menu_list` WHERE  `parent` = '0'  AND `status` = 1 ORDER BY `sort_order` ASC [ RunTime:0.003001s ]
[ sql ] [ SQL ] SELECT * FROM `main_menu_list` WHERE  `parent` = 'mainadmin'  AND `group` = 'mainadmin'  AND `status` = 1 ORDER BY `sort_order` ASC [ RunTime:0.001000s ]
[ sql ] [ SQL ] SELECT * FROM `main_menu_list` WHERE  `parent` = 'adminUser'  AND `group` = 'mainadmin'  AND `status` = 1 ORDER BY `sort_order` ASC [ RunTime:0.001000s ]
[ sql ] [ SQL ] SELECT * FROM `main_menu_list` WHERE  `parent` = 'setting'  AND `group` = 'mainadmin'  AND `status` = 1 ORDER BY `sort_order` ASC [ RunTime:0.001000s ]
[ sql ] [ SQL ] SELECT * FROM `main_menu_list` WHERE  `parent` = 'smsManage'  AND `group` = 'mainadmin'  AND `status` = 1 ORDER BY `sort_order` ASC [ RunTime:0.000000s ]
[ sql ] [ SQL ] SELECT * FROM `main_menu_list` WHERE  `parent` = 'payment'  AND `group` = 'mainadmin'  AND `status` = 1 ORDER BY `sort_order` ASC [ RunTime:0.003000s ]
[ sql ] [ SQL ] SELECT * FROM `main_menu_list` WHERE  `parent` = 'sysLog'  AND `group` = 'mainadmin'  AND `status` = 1 ORDER BY `sort_order` ASC [ RunTime:0.001000s ]
[ sql ] [ SQL ] SELECT * FROM `main_menu_list` WHERE  `parent` = 'article'  AND `group` = 'mainadmin'  AND `status` = 1 ORDER BY `sort_order` ASC [ RunTime:0.002000s ]
[ sql ] [ SQL ] SELECT * FROM `main_menu_list` WHERE  `parent` = 'backupDb'  AND `group` = 'mainadmin'  AND `status` = 1 ORDER BY `sort_order` ASC [ RunTime:0.001000s ]
[ sql ] [ SQL ] SELECT * FROM `main_menu_list` WHERE  `parent` = 'weixin'  AND `group` = 'weixin'  AND `status` = 1 ORDER BY `sort_order` ASC [ RunTime:0.001000s ]
[ sql ] [ SQL ] SELECT * FROM `main_menu_list` WHERE  `parent` = 'weixinMaterial'  AND `group` = 'weixin'  AND `status` = 1 ORDER BY `sort_order` ASC [ RunTime:0.001000s ]
[ sql ] [ SQL ] SELECT * FROM `main_menu_list` WHERE  `parent` = 'shop'  AND `group` = 'shop'  AND `status` = 1 ORDER BY `sort_order` ASC [ RunTime:0.000000s ]
[ sql ] [ SQL ] SELECT * FROM `main_menu_list` WHERE  `parent` = 'shopOrder'  AND `group` = 'shop'  AND `status` = 1 ORDER BY `sort_order` ASC [ RunTime:0.001000s ]
[ sql ] [ SQL ] SELECT * FROM `main_menu_list` WHERE  `parent` = 'shopGoods'  AND `group` = 'shop'  AND `status` = 1 ORDER BY `sort_order` ASC [ RunTime:0.001000s ]
[ sql ] [ SQL ] SELECT * FROM `main_menu_list` WHERE  `parent` = 'shopPromotion'  AND `group` = 'shop'  AND `status` = 1 ORDER BY `sort_order` ASC [ RunTime:0.001000s ]
[ sql ] [ SQL ] SELECT * FROM `main_menu_list` WHERE  `parent` = 'groupBuy'  AND `group` = 'shop'  AND `status` = 1 ORDER BY `sort_order` ASC [ RunTime:0.001000s ]
[ sql ] [ SQL ] SELECT * FROM `main_menu_list` WHERE  `parent` = 'spike'  AND `group` = 'shop'  AND `status` = 1 ORDER BY `sort_order` ASC [ RunTime:0.001000s ]
[ sql ] [ SQL ] SELECT * FROM `main_menu_list` WHERE  `parent` = 'integral'  AND `group` = 'shop'  AND `status` = 1 ORDER BY `sort_order` ASC [ RunTime:0.001000s ]
[ sql ] [ SQL ] SELECT * FROM `main_menu_list` WHERE  `parent` = 'defIndex'  AND `group` = 'shop'  AND `status` = 1 ORDER BY `sort_order` ASC [ RunTime:0.001000s ]
[ sql ] [ SQL ] SELECT * FROM `main_menu_list` WHERE  `parent` = 'shopComment'  AND `group` = 'shop'  AND `status` = 1 ORDER BY `sort_order` ASC [ RunTime:0.001000s ]
[ sql ] [ SQL ] SELECT * FROM `main_menu_list` WHERE  `parent` = 'distribution'  AND `group` = 'distribution'  AND `status` = 1 ORDER BY `sort_order` ASC [ RunTime:0.001000s ]
[ sql ] [ SQL ] SELECT * FROM `main_menu_list` WHERE  `parent` = 'member'  AND `group` = 'member'  AND `status` = 1 ORDER BY `sort_order` ASC [ RunTime:0.002001s ]
[ sql ] [ SQL ] SELECT * FROM `main_menu_list` WHERE  `parent` = 'memberLog'  AND `group` = 'member'  AND `status` = 1 ORDER BY `sort_order` ASC [ RunTime:0.001000s ]
[ sql ] [ SQL ] SHOW COLUMNS FROM `shop_shipping` [ RunTime:0.013001s ]
[ sql ] [ SQL ] SELECT * FROM `shop_shipping` WHERE  `shipping_id` = 3 LIMIT 1 [ RunTime:0.003000s ]
---------------------------------------------------------------
[ 2019-03-25T09:30:57+08:00 ] 127.0.0.1 GET www.moduleshop.top/admin.php/shop/sys_admin.shipping/index.html
[运行时间：0.116006s] [吞吐率：8.62req/s] [内存消耗：2,715.70kb] [文件加载：88]
[ info ] [ LANG ] D:\phpStudy\WWW\mainshop\thinkphp\lang\zh-cn.php
[ info ] [ LANG ] D:\phpStudy\WWW\mainshop\application\lang\zh-cn.php
[ info ] [ ROUTE ] array (
)
[ info ] [ HEADER ] array (
  'cookie' => 'PHPSESSID=cdpf6ircg68m1217sbf90fkfj5',
  'accept-language' => 'zh-CN,zh;q=0.9,en;q=0.8,und;q=0.7',
  'accept-encoding' => 'gzip, deflate',
  'referer' => 'http://www.moduleshop.top/admin.php/shop/sys_admin.shipping/index.html',
  'accept' => 'text/html,application/xhtml+xml,application/xml;q=0.9,image/webp,image/apng,*/*;q=0.8',
  'user-agent' => 'Mozilla/5.0 (Windows NT 6.1; Win64; x64) AppleWebKit/537.36 (KHTML, like Gecko) Chrome/67.0.3396.99 Safari/537.36',
  'upgrade-insecure-requests' => '1',
  'cache-control' => 'max-age=0',
  'connection' => 'close',
  'host' => 'www.moduleshop.top',
)
[ info ] [ PARAM ] array (
)
[ info ] [ DB ] INIT mysql
[ info ] [ VIEW ] D:\phpStudy\WWW\mainshop\application\shop\view\sys_admin\shipping\index.html [ array (
  0 => 'menus',
  1 => 'top_menus',
  2 => '_module',
  3 => 'admin',
  4 => 'menus_group',
  5 => 'list',
) ]
[ sql ] [ DB ] CONNECT:[ UseTime:0.010000s ] mysql:host=127.0.0.1;dbname=main_obj_db;charset=utf8
[ sql ] [ SQL ] SHOW COLUMNS FROM `main_menu_list` [ RunTime:0.010001s ]
[ sql ] [ SQL ] SELECT * FROM `main_menu_list` WHERE  `parent` = '0'  AND `status` = 1 ORDER BY `sort_order` ASC [ RunTime:0.001000s ]
[ sql ] [ SQL ] SELECT * FROM `main_menu_list` WHERE  `parent` = 'mainadmin'  AND `group` = 'mainadmin'  AND `status` = 1 ORDER BY `sort_order` ASC [ RunTime:0.000000s ]
[ sql ] [ SQL ] SELECT * FROM `main_menu_list` WHERE  `parent` = 'adminUser'  AND `group` = 'mainadmin'  AND `status` = 1 ORDER BY `sort_order` ASC [ RunTime:0.000000s ]
[ sql ] [ SQL ] SELECT * FROM `main_menu_list` WHERE  `parent` = 'setting'  AND `group` = 'mainadmin'  AND `status` = 1 ORDER BY `sort_order` ASC [ RunTime:0.001000s ]
[ sql ] [ SQL ] SELECT * FROM `main_menu_list` WHERE  `parent` = 'smsManage'  AND `group` = 'mainadmin'  AND `status` = 1 ORDER BY `sort_order` ASC [ RunTime:0.001000s ]
[ sql ] [ SQL ] SELECT * FROM `main_menu_list` WHERE  `parent` = 'payment'  AND `group` = 'mainadmin'  AND `status` = 1 ORDER BY `sort_order` ASC [ RunTime:0.000000s ]
[ sql ] [ SQL ] SELECT * FROM `main_menu_list` WHERE  `parent` = 'sysLog'  AND `group` = 'mainadmin'  AND `status` = 1 ORDER BY `sort_order` ASC [ RunTime:0.001000s ]
[ sql ] [ SQL ] SELECT * FROM `main_menu_list` WHERE  `parent` = 'article'  AND `group` = 'mainadmin'  AND `status` = 1 ORDER BY `sort_order` ASC [ RunTime:0.000000s ]
[ sql ] [ SQL ] SELECT * FROM `main_menu_list` WHERE  `parent` = 'backupDb'  AND `group` = 'mainadmin'  AND `status` = 1 ORDER BY `sort_order` ASC [ RunTime:0.001000s ]
[ sql ] [ SQL ] SELECT * FROM `main_menu_list` WHERE  `parent` = 'weixin'  AND `group` = 'weixin'  AND `status` = 1 ORDER BY `sort_order` ASC [ RunTime:0.002000s ]
[ sql ] [ SQL ] SELECT * FROM `main_menu_list` WHERE  `parent` = 'weixinMaterial'  AND `group` = 'weixin'  AND `status` = 1 ORDER BY `sort_order` ASC [ RunTime:0.000000s ]
[ sql ] [ SQL ] SELECT * FROM `main_menu_list` WHERE  `parent` = 'shop'  AND `group` = 'shop'  AND `status` = 1 ORDER BY `sort_order` ASC [ RunTime:0.000000s ]
[ sql ] [ SQL ] SELECT * FROM `main_menu_list` WHERE  `parent` = 'shopOrder'  AND `group` = 'shop'  AND `status` = 1 ORDER BY `sort_order` ASC [ RunTime:0.000000s ]
[ sql ] [ SQL ] SELECT * FROM `main_menu_list` WHERE  `parent` = 'shopGoods'  AND `group` = 'shop'  AND `status` = 1 ORDER BY `sort_order` ASC [ RunTime:0.001000s ]
[ sql ] [ SQL ] SELECT * FROM `main_menu_list` WHERE  `parent` = 'shopPromotion'  AND `group` = 'shop'  AND `status` = 1 ORDER BY `sort_order` ASC [ RunTime:0.001000s ]
[ sql ] [ SQL ] SELECT * FROM `main_menu_list` WHERE  `parent` = 'groupBuy'  AND `group` = 'shop'  AND `status` = 1 ORDER BY `sort_order` ASC [ RunTime:0.000000s ]
[ sql ] [ SQL ] SELECT * FROM `main_menu_list` WHERE  `parent` = 'spike'  AND `group` = 'shop'  AND `status` = 1 ORDER BY `sort_order` ASC [ RunTime:0.000000s ]
[ sql ] [ SQL ] SELECT * FROM `main_menu_list` WHERE  `parent` = 'integral'  AND `group` = 'shop'  AND `status` = 1 ORDER BY `sort_order` ASC [ RunTime:0.001000s ]
[ sql ] [ SQL ] SELECT * FROM `main_menu_list` WHERE  `parent` = 'defIndex'  AND `group` = 'shop'  AND `status` = 1 ORDER BY `sort_order` ASC [ RunTime:0.000000s ]
[ sql ] [ SQL ] SELECT * FROM `main_menu_list` WHERE  `parent` = 'shopComment'  AND `group` = 'shop'  AND `status` = 1 ORDER BY `sort_order` ASC [ RunTime:0.001000s ]
[ sql ] [ SQL ] SELECT * FROM `main_menu_list` WHERE  `parent` = 'distribution'  AND `group` = 'distribution'  AND `status` = 1 ORDER BY `sort_order` ASC [ RunTime:0.000000s ]
[ sql ] [ SQL ] SELECT * FROM `main_menu_list` WHERE  `parent` = 'member'  AND `group` = 'member'  AND `status` = 1 ORDER BY `sort_order` ASC [ RunTime:0.001000s ]
[ sql ] [ SQL ] SELECT * FROM `main_menu_list` WHERE  `parent` = 'memberLog'  AND `group` = 'member'  AND `status` = 1 ORDER BY `sort_order` ASC [ RunTime:0.001000s ]
[ sql ] [ SQL ] SHOW COLUMNS FROM `shop_shipping` [ RunTime:0.009001s ]
[ sql ] [ SQL ] SELECT * FROM `shop_shipping` ORDER BY `is_sys` DESC,`sort_order` DESC [ RunTime:0.000000s ]
---------------------------------------------------------------
[ 2019-03-25T09:30:59+08:00 ] 127.0.0.1 GET www.moduleshop.top/admin.php/shop/sys_admin.shipping/info/shipping_id/6.html?ishtml=1&_=1553477459497
[运行时间：0.104006s] [吞吐率：9.61req/s] [内存消耗：2,743.99kb] [文件加载：90]
[ info ] [ LANG ] D:\phpStudy\WWW\mainshop\thinkphp\lang\zh-cn.php
[ info ] [ LANG ] D:\phpStudy\WWW\mainshop\application\lang\zh-cn.php
[ info ] [ ROUTE ] array (
)
[ info ] [ HEADER ] array (
  'cookie' => 'PHPSESSID=cdpf6ircg68m1217sbf90fkfj5',
  'accept-language' => 'zh-CN,zh;q=0.9,en;q=0.8,und;q=0.7',
  'accept-encoding' => 'gzip, deflate',
  'referer' => 'http://www.moduleshop.top/admin.php/shop/sys_admin.shipping/index.html',
  'user-agent' => 'Mozilla/5.0 (Windows NT 6.1; Win64; x64) AppleWebKit/537.36 (KHTML, like Gecko) Chrome/67.0.3396.99 Safari/537.36',
  'x-requested-with' => 'XMLHttpRequest',
  'accept' => 'text/html, */*; q=0.01',
  'connection' => 'close',
  'host' => 'www.moduleshop.top',
)
[ info ] [ PARAM ] array (
  'ishtml' => '1',
  '_' => '1553477459497',
  'shipping_id' => '6',
)
[ info ] [ DB ] INIT mysql
[ info ] [ VIEW ] D:\phpStudy\WWW\mainshop\application\shop\view\sys_admin\shipping\info.html [ array (
  0 => 'menus',
  1 => 'top_menus',
  2 => '_module',
  3 => 'admin',
  4 => 'menus_group',
  5 => 'row',
) ]
[ sql ] [ DB ] CONNECT:[ UseTime:0.000000s ] mysql:host=127.0.0.1;dbname=main_obj_db;charset=utf8
[ sql ] [ SQL ] SHOW COLUMNS FROM `shop_shipping` [ RunTime:0.014000s ]
[ sql ] [ SQL ] SELECT * FROM `shop_shipping` WHERE  `shipping_id` = 6 LIMIT 1 [ RunTime:0.001000s ]
[ error ] [8]未定义数组索引: customer_name[D:\phpStudy\WWW\mainshop\runtime\temp\49e053a42211b7a8885886e0e10e42de.php:25]
[ error ] [8]未定义数组索引: customer_pwd[D:\phpStudy\WWW\mainshop\runtime\temp\49e053a42211b7a8885886e0e10e42de.php:31]
---------------------------------------------------------------
[ 2019-03-25T09:31:09+08:00 ] 127.0.0.1 GET www.moduleshop.top/admin.php/shop/sys_admin.shipping/index.html
[运行时间：0.090006s] [吞吐率：11.11req/s] [内存消耗：2,684.72kb] [文件加载：87]
[ info ] [ LANG ] D:\phpStudy\WWW\mainshop\thinkphp\lang\zh-cn.php
[ info ] [ LANG ] D:\phpStudy\WWW\mainshop\application\lang\zh-cn.php
[ info ] [ ROUTE ] array (
)
[ info ] [ HEADER ] array (
  'cookie' => 'PHPSESSID=cdpf6ircg68m1217sbf90fkfj5',
  'accept-language' => 'zh-CN,zh;q=0.9,en;q=0.8,und;q=0.7',
  'accept-encoding' => 'gzip, deflate',
  'referer' => 'http://www.moduleshop.top/admin.php/shop/sys_admin.shipping/index.html',
  'accept' => 'text/html,application/xhtml+xml,application/xml;q=0.9,image/webp,image/apng,*/*;q=0.8',
  'user-agent' => 'Mozilla/5.0 (Windows NT 6.1; Win64; x64) AppleWebKit/537.36 (KHTML, like Gecko) Chrome/67.0.3396.99 Safari/537.36',
  'upgrade-insecure-requests' => '1',
  'cache-control' => 'max-age=0',
  'connection' => 'close',
  'host' => 'www.moduleshop.top',
)
[ info ] [ PARAM ] array (
)
[ info ] [ DB ] INIT mysql
[ info ] [ VIEW ] D:\phpStudy\WWW\mainshop\application\shop\view\sys_admin\shipping\index.html [ array (
  0 => 'menus',
  1 => 'top_menus',
  2 => '_module',
  3 => 'admin',
  4 => 'menus_group',
  5 => 'list',
) ]
[ sql ] [ DB ] CONNECT:[ UseTime:0.001000s ] mysql:host=127.0.0.1;dbname=main_obj_db;charset=utf8
[ sql ] [ SQL ] SHOW COLUMNS FROM `shop_shipping` [ RunTime:0.011001s ]
[ sql ] [ SQL ] SELECT * FROM `shop_shipping` ORDER BY `is_sys` DESC,`sort_order` DESC [ RunTime:0.001000s ]
---------------------------------------------------------------
[ 2019-03-25T09:31:10+08:00 ] 127.0.0.1 GET www.moduleshop.top/admin.php/shop/sys_admin.shipping/info/shipping_id/8.html?ishtml=1&_=1553477470481
[运行时间：0.082004s] [吞吐率：12.19req/s] [内存消耗：2,744.00kb] [文件加载：90]
[ info ] [ LANG ] D:\phpStudy\WWW\mainshop\thinkphp\lang\zh-cn.php
[ info ] [ LANG ] D:\phpStudy\WWW\mainshop\application\lang\zh-cn.php
[ info ] [ ROUTE ] array (
)
[ info ] [ HEADER ] array (
  'cookie' => 'PHPSESSID=cdpf6ircg68m1217sbf90fkfj5',
  'accept-language' => 'zh-CN,zh;q=0.9,en;q=0.8,und;q=0.7',
  'accept-encoding' => 'gzip, deflate',
  'referer' => 'http://www.moduleshop.top/admin.php/shop/sys_admin.shipping/index.html',
  'user-agent' => 'Mozilla/5.0 (Windows NT 6.1; Win64; x64) AppleWebKit/537.36 (KHTML, like Gecko) Chrome/67.0.3396.99 Safari/537.36',
  'x-requested-with' => 'XMLHttpRequest',
  'accept' => 'text/html, */*; q=0.01',
  'connection' => 'close',
  'host' => 'www.moduleshop.top',
)
[ info ] [ PARAM ] array (
  'ishtml' => '1',
  '_' => '1553477470481',
  'shipping_id' => '8',
)
[ info ] [ DB ] INIT mysql
[ info ] [ VIEW ] D:\phpStudy\WWW\mainshop\application\shop\view\sys_admin\shipping\info.html [ array (
  0 => 'menus',
  1 => 'top_menus',
  2 => '_module',
  3 => 'admin',
  4 => 'menus_group',
  5 => 'row',
) ]
[ sql ] [ DB ] CONNECT:[ UseTime:0.001000s ] mysql:host=127.0.0.1;dbname=main_obj_db;charset=utf8
[ sql ] [ SQL ] SHOW COLUMNS FROM `shop_shipping` [ RunTime:0.011001s ]
[ sql ] [ SQL ] SELECT * FROM `shop_shipping` WHERE  `shipping_id` = 8 LIMIT 1 [ RunTime:0.001000s ]
[ error ] [8]未定义数组索引: customer_name[D:\phpStudy\WWW\mainshop\runtime\temp\49e053a42211b7a8885886e0e10e42de.php:25]
[ error ] [8]未定义数组索引: customer_pwd[D:\phpStudy\WWW\mainshop\runtime\temp\49e053a42211b7a8885886e0e10e42de.php:31]
---------------------------------------------------------------
[ 2019-03-25T09:31:26+08:00 ] 127.0.0.1 GET www.moduleshop.top/admin.php/shop/sys_admin.shipping/index.html
[运行时间：0.078005s] [吞吐率：12.82req/s] [内存消耗：2,684.72kb] [文件加载：87]
[ info ] [ LANG ] D:\phpStudy\WWW\mainshop\thinkphp\lang\zh-cn.php
[ info ] [ LANG ] D:\phpStudy\WWW\mainshop\application\lang\zh-cn.php
[ info ] [ ROUTE ] array (
)
[ info ] [ HEADER ] array (
  'cookie' => 'PHPSESSID=cdpf6ircg68m1217sbf90fkfj5',
  'accept-language' => 'zh-CN,zh;q=0.9,en;q=0.8,und;q=0.7',
  'accept-encoding' => 'gzip, deflate',
  'referer' => 'http://www.moduleshop.top/admin.php/shop/sys_admin.shipping/index.html',
  'accept' => 'text/html,application/xhtml+xml,application/xml;q=0.9,image/webp,image/apng,*/*;q=0.8',
  'user-agent' => 'Mozilla/5.0 (Windows NT 6.1; Win64; x64) AppleWebKit/537.36 (KHTML, like Gecko) Chrome/67.0.3396.99 Safari/537.36',
  'upgrade-insecure-requests' => '1',
  'cache-control' => 'max-age=0',
  'connection' => 'close',
  'host' => 'www.moduleshop.top',
)
[ info ] [ PARAM ] array (
)
[ info ] [ DB ] INIT mysql
[ info ] [ VIEW ] D:\phpStudy\WWW\mainshop\application\shop\view\sys_admin\shipping\index.html [ array (
  0 => 'menus',
  1 => 'top_menus',
  2 => '_module',
  3 => 'admin',
  4 => 'menus_group',
  5 => 'list',
) ]
[ sql ] [ DB ] CONNECT:[ UseTime:0.010001s ] mysql:host=127.0.0.1;dbname=main_obj_db;charset=utf8
[ sql ] [ SQL ] SHOW COLUMNS FROM `shop_shipping` [ RunTime:0.009000s ]
[ sql ] [ SQL ] SELECT * FROM `shop_shipping` ORDER BY `is_sys` DESC,`sort_order` DESC [ RunTime:0.001000s ]
---------------------------------------------------------------
[ 2019-03-25T09:31:28+08:00 ] 127.0.0.1 GET www.moduleshop.top/admin.php/shop/sys_admin.shipping/info/shipping_id/5.html?ishtml=1&_=1553477487967
[运行时间：0.126007s] [吞吐率：7.94req/s] [内存消耗：2,615.48kb] [文件加载：88]
[ info ] [ LANG ] D:\phpStudy\WWW\mainshop\thinkphp\lang\zh-cn.php
[ info ] [ LANG ] D:\phpStudy\WWW\mainshop\application\lang\zh-cn.php
[ info ] [ ROUTE ] array (
)
[ info ] [ HEADER ] array (
  'cookie' => 'PHPSESSID=cdpf6ircg68m1217sbf90fkfj5',
  'accept-language' => 'zh-CN,zh;q=0.9,en;q=0.8,und;q=0.7',
  'accept-encoding' => 'gzip, deflate',
  'referer' => 'http://www.moduleshop.top/admin.php/shop/sys_admin.shipping/index.html',
  'user-agent' => 'Mozilla/5.0 (Windows NT 6.1; Win64; x64) AppleWebKit/537.36 (KHTML, like Gecko) Chrome/67.0.3396.99 Safari/537.36',
  'x-requested-with' => 'XMLHttpRequest',
  'accept' => 'text/html, */*; q=0.01',
  'connection' => 'close',
  'host' => 'www.moduleshop.top',
)
[ info ] [ PARAM ] array (
  'ishtml' => '1',
  '_' => '1553477487967',
  'shipping_id' => '5',
)
[ info ] [ DB ] INIT mysql
[ info ] [ VIEW ] D:\phpStudy\WWW\mainshop\application\shop\view\sys_admin\shipping\info.html [ array (
  0 => 'menus',
  1 => 'top_menus',
  2 => '_module',
  3 => 'admin',
  4 => 'menus_group',
  5 => 'row',
) ]
[ sql ] [ DB ] CONNECT:[ UseTime:0.001001s ] mysql:host=127.0.0.1;dbname=main_obj_db;charset=utf8
[ sql ] [ SQL ] SHOW COLUMNS FROM `shop_shipping` [ RunTime:0.015000s ]
[ sql ] [ SQL ] SELECT * FROM `shop_shipping` WHERE  `shipping_id` = 5 LIMIT 1 [ RunTime:0.001000s ]
[ error ] [8]未定义数组索引: customer_name[D:\phpStudy\WWW\mainshop\runtime\temp\49e053a42211b7a8885886e0e10e42de.php:25]
[ error ] [8]未定义数组索引: customer_pwd[D:\phpStudy\WWW\mainshop\runtime\temp\49e053a42211b7a8885886e0e10e42de.php:31]
---------------------------------------------------------------
[ 2019-03-25T09:31:41+08:00 ] 127.0.0.1 GET www.moduleshop.top/admin.php/shop/sys_admin.shipping/index.html
[运行时间：0.091005s] [吞吐率：10.99req/s] [内存消耗：2,684.72kb] [文件加载：87]
[ info ] [ LANG ] D:\phpStudy\WWW\mainshop\thinkphp\lang\zh-cn.php
[ info ] [ LANG ] D:\phpStudy\WWW\mainshop\application\lang\zh-cn.php
[ info ] [ ROUTE ] array (
)
[ info ] [ HEADER ] array (
  'cookie' => 'PHPSESSID=cdpf6ircg68m1217sbf90fkfj5',
  'accept-language' => 'zh-CN,zh;q=0.9,en;q=0.8,und;q=0.7',
  'accept-encoding' => 'gzip, deflate',
  'referer' => 'http://www.moduleshop.top/admin.php/shop/sys_admin.shipping/index.html',
  'accept' => 'text/html,application/xhtml+xml,application/xml;q=0.9,image/webp,image/apng,*/*;q=0.8',
  'user-agent' => 'Mozilla/5.0 (Windows NT 6.1; Win64; x64) AppleWebKit/537.36 (KHTML, like Gecko) Chrome/67.0.3396.99 Safari/537.36',
  'upgrade-insecure-requests' => '1',
  'cache-control' => 'max-age=0',
  'connection' => 'close',
  'host' => 'www.moduleshop.top',
)
[ info ] [ PARAM ] array (
)
[ info ] [ DB ] INIT mysql
[ info ] [ VIEW ] D:\phpStudy\WWW\mainshop\application\shop\view\sys_admin\shipping\index.html [ array (
  0 => 'menus',
  1 => 'top_menus',
  2 => '_module',
  3 => 'admin',
  4 => 'menus_group',
  5 => 'list',
) ]
[ sql ] [ DB ] CONNECT:[ UseTime:0.001000s ] mysql:host=127.0.0.1;dbname=main_obj_db;charset=utf8
[ sql ] [ SQL ] SHOW COLUMNS FROM `shop_shipping` [ RunTime:0.021001s ]
[ sql ] [ SQL ] SELECT * FROM `shop_shipping` ORDER BY `is_sys` DESC,`sort_order` DESC [ RunTime:0.002000s ]
---------------------------------------------------------------
[ 2019-03-25T09:31:41+08:00 ] 127.0.0.1 GET www.moduleshop.top/admin.php/shop/sys_admin.shipping/index.html
[运行时间：0.072004s] [吞吐率：13.89req/s] [内存消耗：2,684.72kb] [文件加载：87]
[ info ] [ LANG ] D:\phpStudy\WWW\mainshop\thinkphp\lang\zh-cn.php
[ info ] [ LANG ] D:\phpStudy\WWW\mainshop\application\lang\zh-cn.php
[ info ] [ ROUTE ] array (
)
[ info ] [ HEADER ] array (
  'cookie' => 'PHPSESSID=cdpf6ircg68m1217sbf90fkfj5',
  'accept-language' => 'zh-CN,zh;q=0.9,en;q=0.8,und;q=0.7',
  'accept-encoding' => 'gzip, deflate',
  'referer' => 'http://www.moduleshop.top/admin.php/shop/sys_admin.shipping/index.html',
  'accept' => 'text/html,application/xhtml+xml,application/xml;q=0.9,image/webp,image/apng,*/*;q=0.8',
  'user-agent' => 'Mozilla/5.0 (Windows NT 6.1; Win64; x64) AppleWebKit/537.36 (KHTML, like Gecko) Chrome/67.0.3396.99 Safari/537.36',
  'upgrade-insecure-requests' => '1',
  'cache-control' => 'max-age=0',
  'connection' => 'close',
  'host' => 'www.moduleshop.top',
)
[ info ] [ PARAM ] array (
)
[ info ] [ DB ] INIT mysql
[ info ] [ VIEW ] D:\phpStudy\WWW\mainshop\application\shop\view\sys_admin\shipping\index.html [ array (
  0 => 'menus',
  1 => 'top_menus',
  2 => '_module',
  3 => 'admin',
  4 => 'menus_group',
  5 => 'list',
) ]
[ sql ] [ DB ] CONNECT:[ UseTime:0.010001s ] mysql:host=127.0.0.1;dbname=main_obj_db;charset=utf8
[ sql ] [ SQL ] SHOW COLUMNS FROM `shop_shipping` [ RunTime:0.008000s ]
[ sql ] [ SQL ] SELECT * FROM `shop_shipping` ORDER BY `is_sys` DESC,`sort_order` DESC [ RunTime:0.000000s ]
---------------------------------------------------------------
[ 2019-03-25T09:31:42+08:00 ] 127.0.0.1 GET www.moduleshop.top/admin.php/shop/sys_admin.shipping/info/shipping_id/8.html?ishtml=1&_=1553477502399
[运行时间：0.097006s] [吞吐率：10.31req/s] [内存消耗：2,743.81kb] [文件加载：90]
[ info ] [ LANG ] D:\phpStudy\WWW\mainshop\thinkphp\lang\zh-cn.php
[ info ] [ LANG ] D:\phpStudy\WWW\mainshop\application\lang\zh-cn.php
[ info ] [ ROUTE ] array (
)
[ info ] [ HEADER ] array (
  'cookie' => 'PHPSESSID=cdpf6ircg68m1217sbf90fkfj5',
  'accept-language' => 'zh-CN,zh;q=0.9,en;q=0.8,und;q=0.7',
  'accept-encoding' => 'gzip, deflate',
  'referer' => 'http://www.moduleshop.top/admin.php/shop/sys_admin.shipping/index.html',
  'user-agent' => 'Mozilla/5.0 (Windows NT 6.1; Win64; x64) AppleWebKit/537.36 (KHTML, like Gecko) Chrome/67.0.3396.99 Safari/537.36',
  'x-requested-with' => 'XMLHttpRequest',
  'accept' => 'text/html, */*; q=0.01',
  'connection' => 'close',
  'host' => 'www.moduleshop.top',
)
[ info ] [ PARAM ] array (
  'ishtml' => '1',
  '_' => '1553477502399',
  'shipping_id' => '8',
)
[ info ] [ DB ] INIT mysql
[ info ] [ VIEW ] D:\phpStudy\WWW\mainshop\application\shop\view\sys_admin\shipping\info.html [ array (
  0 => 'menus',
  1 => 'top_menus',
  2 => '_module',
  3 => 'admin',
  4 => 'menus_group',
  5 => 'row',
) ]
[ sql ] [ DB ] CONNECT:[ UseTime:0.011000s ] mysql:host=127.0.0.1;dbname=main_obj_db;charset=utf8
[ sql ] [ SQL ] SHOW COLUMNS FROM `shop_shipping` [ RunTime:0.014001s ]
[ sql ] [ SQL ] SELECT * FROM `shop_shipping` WHERE  `shipping_id` = 8 LIMIT 1 [ RunTime:0.001000s ]
[ error ] [8]未定义数组索引: customer_name[D:\phpStudy\WWW\mainshop\runtime\temp\49e053a42211b7a8885886e0e10e42de.php:24]
[ error ] [8]未定义数组索引: customer_pwd[D:\phpStudy\WWW\mainshop\runtime\temp\49e053a42211b7a8885886e0e10e42de.php:28]
---------------------------------------------------------------
[ 2019-03-25T09:31:55+08:00 ] 127.0.0.1 GET www.moduleshop.top/admin.php/shop/sys_admin.shipping/index.html
[运行时间：0.085004s] [吞吐率：11.76req/s] [内存消耗：2,684.72kb] [文件加载：87]
[ info ] [ LANG ] D:\phpStudy\WWW\mainshop\thinkphp\lang\zh-cn.php
[ info ] [ LANG ] D:\phpStudy\WWW\mainshop\application\lang\zh-cn.php
[ info ] [ ROUTE ] array (
)
[ info ] [ HEADER ] array (
  'cookie' => 'PHPSESSID=cdpf6ircg68m1217sbf90fkfj5',
  'accept-language' => 'zh-CN,zh;q=0.9,en;q=0.8,und;q=0.7',
  'accept-encoding' => 'gzip, deflate',
  'referer' => 'http://www.moduleshop.top/admin.php/shop/sys_admin.shipping/index.html',
  'accept' => 'text/html,application/xhtml+xml,application/xml;q=0.9,image/webp,image/apng,*/*;q=0.8',
  'user-agent' => 'Mozilla/5.0 (Windows NT 6.1; Win64; x64) AppleWebKit/537.36 (KHTML, like Gecko) Chrome/67.0.3396.99 Safari/537.36',
  'upgrade-insecure-requests' => '1',
  'cache-control' => 'max-age=0',
  'connection' => 'close',
  'host' => 'www.moduleshop.top',
)
[ info ] [ PARAM ] array (
)
[ info ] [ DB ] INIT mysql
[ info ] [ VIEW ] D:\phpStudy\WWW\mainshop\application\shop\view\sys_admin\shipping\index.html [ array (
  0 => 'menus',
  1 => 'top_menus',
  2 => '_module',
  3 => 'admin',
  4 => 'menus_group',
  5 => 'list',
) ]
[ sql ] [ DB ] CONNECT:[ UseTime:0.001000s ] mysql:host=127.0.0.1;dbname=main_obj_db;charset=utf8
[ sql ] [ SQL ] SHOW COLUMNS FROM `shop_shipping` [ RunTime:0.012001s ]
[ sql ] [ SQL ] SELECT * FROM `shop_shipping` ORDER BY `is_sys` DESC,`sort_order` DESC [ RunTime:0.001000s ]
---------------------------------------------------------------
[ 2019-03-25T09:31:56+08:00 ] 127.0.0.1 GET www.moduleshop.top/admin.php/shop/sys_admin.shipping/index.html
[运行时间：0.093005s] [吞吐率：10.75req/s] [内存消耗：2,684.72kb] [文件加载：87]
[ info ] [ LANG ] D:\phpStudy\WWW\mainshop\thinkphp\lang\zh-cn.php
[ info ] [ LANG ] D:\phpStudy\WWW\mainshop\application\lang\zh-cn.php
[ info ] [ ROUTE ] array (
)
[ info ] [ HEADER ] array (
  'cookie' => 'PHPSESSID=cdpf6ircg68m1217sbf90fkfj5',
  'accept-language' => 'zh-CN,zh;q=0.9,en;q=0.8,und;q=0.7',
  'accept-encoding' => 'gzip, deflate',
  'referer' => 'http://www.moduleshop.top/admin.php/shop/sys_admin.shipping/index.html',
  'accept' => 'text/html,application/xhtml+xml,application/xml;q=0.9,image/webp,image/apng,*/*;q=0.8',
  'user-agent' => 'Mozilla/5.0 (Windows NT 6.1; Win64; x64) AppleWebKit/537.36 (KHTML, like Gecko) Chrome/67.0.3396.99 Safari/537.36',
  'upgrade-insecure-requests' => '1',
  'cache-control' => 'max-age=0',
  'connection' => 'close',
  'host' => 'www.moduleshop.top',
)
[ info ] [ PARAM ] array (
)
[ info ] [ DB ] INIT mysql
[ info ] [ VIEW ] D:\phpStudy\WWW\mainshop\application\shop\view\sys_admin\shipping\index.html [ array (
  0 => 'menus',
  1 => 'top_menus',
  2 => '_module',
  3 => 'admin',
  4 => 'menus_group',
  5 => 'list',
) ]
[ sql ] [ DB ] CONNECT:[ UseTime:0.011001s ] mysql:host=127.0.0.1;dbname=main_obj_db;charset=utf8
[ sql ] [ SQL ] SHOW COLUMNS FROM `shop_shipping` [ RunTime:0.012000s ]
[ sql ] [ SQL ] SELECT * FROM `shop_shipping` ORDER BY `is_sys` DESC,`sort_order` DESC [ RunTime:0.001000s ]
---------------------------------------------------------------
[ 2019-03-25T09:31:57+08:00 ] 127.0.0.1 GET www.moduleshop.top/admin.php/shop/sys_admin.shipping/info/shipping_id/8.html?ishtml=1&_=1553477517711
[运行时间：0.198011s] [吞吐率：5.05req/s] [内存消耗：2,807.19kb] [文件加载：93]
[ info ] [ LANG ] D:\phpStudy\WWW\mainshop\thinkphp\lang\zh-cn.php
[ info ] [ LANG ] D:\phpStudy\WWW\mainshop\application\lang\zh-cn.php
[ info ] [ ROUTE ] array (
)
[ info ] [ HEADER ] array (
  'cookie' => 'PHPSESSID=cdpf6ircg68m1217sbf90fkfj5',
  'accept-language' => 'zh-CN,zh;q=0.9,en;q=0.8,und;q=0.7',
  'accept-encoding' => 'gzip, deflate',
  'referer' => 'http://www.moduleshop.top/admin.php/shop/sys_admin.shipping/index.html',
  'user-agent' => 'Mozilla/5.0 (Windows NT 6.1; Win64; x64) AppleWebKit/537.36 (KHTML, like Gecko) Chrome/67.0.3396.99 Safari/537.36',
  'x-requested-with' => 'XMLHttpRequest',
  'accept' => 'text/html, */*; q=0.01',
  'connection' => 'close',
  'host' => 'www.moduleshop.top',
)
[ info ] [ PARAM ] array (
  'ishtml' => '1',
  '_' => '1553477517711',
  'shipping_id' => '8',
)
[ info ] [ DB ] INIT mysql
[ info ] [ VIEW ] D:\phpStudy\WWW\mainshop\application\shop\view\sys_admin\shipping\info.html [ array (
  0 => 'menus',
  1 => 'top_menus',
  2 => '_module',
  3 => 'admin',
  4 => 'menus_group',
  5 => 'row',
) ]
[ sql ] [ DB ] CONNECT:[ UseTime:0.003000s ] mysql:host=127.0.0.1;dbname=main_obj_db;charset=utf8
[ sql ] [ SQL ] SHOW COLUMNS FROM `main_menu_list` [ RunTime:0.020002s ]
[ sql ] [ SQL ] SELECT * FROM `main_menu_list` WHERE  `parent` = '0'  AND `status` = 1 ORDER BY `sort_order` ASC [ RunTime:0.001000s ]
[ sql ] [ SQL ] SELECT * FROM `main_menu_list` WHERE  `parent` = 'mainadmin'  AND `group` = 'mainadmin'  AND `status` = 1 ORDER BY `sort_order` ASC [ RunTime:0.004000s ]
[ sql ] [ SQL ] SELECT * FROM `main_menu_list` WHERE  `parent` = 'adminUser'  AND `group` = 'mainadmin'  AND `status` = 1 ORDER BY `sort_order` ASC [ RunTime:0.003000s ]
[ sql ] [ SQL ] SELECT * FROM `main_menu_list` WHERE  `parent` = 'setting'  AND `group` = 'mainadmin'  AND `status` = 1 ORDER BY `sort_order` ASC [ RunTime:0.001000s ]
[ sql ] [ SQL ] SELECT * FROM `main_menu_list` WHERE  `parent` = 'smsManage'  AND `group` = 'mainadmin'  AND `status` = 1 ORDER BY `sort_order` ASC [ RunTime:0.001000s ]
[ sql ] [ SQL ] SELECT * FROM `main_menu_list` WHERE  `parent` = 'payment'  AND `group` = 'mainadmin'  AND `status` = 1 ORDER BY `sort_order` ASC [ RunTime:0.001000s ]
[ sql ] [ SQL ] SELECT * FROM `main_menu_list` WHERE  `parent` = 'sysLog'  AND `group` = 'mainadmin'  AND `status` = 1 ORDER BY `sort_order` ASC [ RunTime:0.001000s ]
[ sql ] [ SQL ] SELECT * FROM `main_menu_list` WHERE  `parent` = 'article'  AND `group` = 'mainadmin'  AND `status` = 1 ORDER BY `sort_order` ASC [ RunTime:0.002000s ]
[ sql ] [ SQL ] SELECT * FROM `main_menu_list` WHERE  `parent` = 'backupDb'  AND `group` = 'mainadmin'  AND `status` = 1 ORDER BY `sort_order` ASC [ RunTime:0.003000s ]
[ sql ] [ SQL ] SELECT * FROM `main_menu_list` WHERE  `parent` = 'weixin'  AND `group` = 'weixin'  AND `status` = 1 ORDER BY `sort_order` ASC [ RunTime:0.004000s ]
[ sql ] [ SQL ] SELECT * FROM `main_menu_list` WHERE  `parent` = 'weixinMaterial'  AND `group` = 'weixin'  AND `status` = 1 ORDER BY `sort_order` ASC [ RunTime:0.001000s ]
[ sql ] [ SQL ] SELECT * FROM `main_menu_list` WHERE  `parent` = 'shop'  AND `group` = 'shop'  AND `status` = 1 ORDER BY `sort_order` ASC [ RunTime:0.001001s ]
[ sql ] [ SQL ] SELECT * FROM `main_menu_list` WHERE  `parent` = 'shopOrder'  AND `group` = 'shop'  AND `status` = 1 ORDER BY `sort_order` ASC [ RunTime:0.003000s ]
[ sql ] [ SQL ] SELECT * FROM `main_menu_list` WHERE  `parent` = 'shopGoods'  AND `group` = 'shop'  AND `status` = 1 ORDER BY `sort_order` ASC [ RunTime:0.003000s ]
[ sql ] [ SQL ] SELECT * FROM `main_menu_list` WHERE  `parent` = 'shopPromotion'  AND `group` = 'shop'  AND `status` = 1 ORDER BY `sort_order` ASC [ RunTime:0.001000s ]
[ sql ] [ SQL ] SELECT * FROM `main_menu_list` WHERE  `parent` = 'groupBuy'  AND `group` = 'shop'  AND `status` = 1 ORDER BY `sort_order` ASC [ RunTime:0.003000s ]
[ sql ] [ SQL ] SELECT * FROM `main_menu_list` WHERE  `parent` = 'spike'  AND `group` = 'shop'  AND `status` = 1 ORDER BY `sort_order` ASC [ RunTime:0.001000s ]
[ sql ] [ SQL ] SELECT * FROM `main_menu_list` WHERE  `parent` = 'integral'  AND `group` = 'shop'  AND `status` = 1 ORDER BY `sort_order` ASC [ RunTime:0.000000s ]
[ sql ] [ SQL ] SELECT * FROM `main_menu_list` WHERE  `parent` = 'defIndex'  AND `group` = 'shop'  AND `status` = 1 ORDER BY `sort_order` ASC [ RunTime:0.000000s ]
[ sql ] [ SQL ] SELECT * FROM `main_menu_list` WHERE  `parent` = 'shopComment'  AND `group` = 'shop'  AND `status` = 1 ORDER BY `sort_order` ASC [ RunTime:0.001001s ]
[ sql ] [ SQL ] SELECT * FROM `main_menu_list` WHERE  `parent` = 'distribution'  AND `group` = 'distribution'  AND `status` = 1 ORDER BY `sort_order` ASC [ RunTime:0.001000s ]
[ sql ] [ SQL ] SELECT * FROM `main_menu_list` WHERE  `parent` = 'member'  AND `group` = 'member'  AND `status` = 1 ORDER BY `sort_order` ASC [ RunTime:0.004000s ]
[ sql ] [ SQL ] SELECT * FROM `main_menu_list` WHERE  `parent` = 'memberLog'  AND `group` = 'member'  AND `status` = 1 ORDER BY `sort_order` ASC [ RunTime:0.003000s ]
[ sql ] [ SQL ] SHOW COLUMNS FROM `shop_shipping` [ RunTime:0.015001s ]
[ sql ] [ SQL ] SELECT * FROM `shop_shipping` WHERE  `shipping_id` = 8 LIMIT 1 [ RunTime:0.000000s ]
[ error ] [8]未定义数组索引: customer_name[D:\phpStudy\WWW\mainshop\runtime\temp\49e053a42211b7a8885886e0e10e42de.php:24]
[ error ] [8]未定义数组索引: customer_pwd[D:\phpStudy\WWW\mainshop\runtime\temp\49e053a42211b7a8885886e0e10e42de.php:28]
---------------------------------------------------------------
[ 2019-03-25T09:32:19+08:00 ] 127.0.0.1 GET www.moduleshop.top/admin.php/shop/sys_admin.shipping/index.html
[运行时间：0.086005s] [吞吐率：11.63req/s] [内存消耗：2,684.72kb] [文件加载：87]
[ info ] [ LANG ] D:\phpStudy\WWW\mainshop\thinkphp\lang\zh-cn.php
[ info ] [ LANG ] D:\phpStudy\WWW\mainshop\application\lang\zh-cn.php
[ info ] [ ROUTE ] array (
)
[ info ] [ HEADER ] array (
  'cookie' => 'PHPSESSID=cdpf6ircg68m1217sbf90fkfj5',
  'accept-language' => 'zh-CN,zh;q=0.9,en;q=0.8,und;q=0.7',
  'accept-encoding' => 'gzip, deflate',
  'referer' => 'http://www.moduleshop.top/admin.php/shop/sys_admin.shipping/index.html',
  'accept' => 'text/html,application/xhtml+xml,application/xml;q=0.9,image/webp,image/apng,*/*;q=0.8',
  'user-agent' => 'Mozilla/5.0 (Windows NT 6.1; Win64; x64) AppleWebKit/537.36 (KHTML, like Gecko) Chrome/67.0.3396.99 Safari/537.36',
  'upgrade-insecure-requests' => '1',
  'cache-control' => 'max-age=0',
  'connection' => 'close',
  'host' => 'www.moduleshop.top',
)
[ info ] [ PARAM ] array (
)
[ info ] [ DB ] INIT mysql
[ info ] [ VIEW ] D:\phpStudy\WWW\mainshop\application\shop\view\sys_admin\shipping\index.html [ array (
  0 => 'menus',
  1 => 'top_menus',
  2 => '_module',
  3 => 'admin',
  4 => 'menus_group',
  5 => 'list',
) ]
[ sql ] [ DB ] CONNECT:[ UseTime:0.011001s ] mysql:host=127.0.0.1;dbname=main_obj_db;charset=utf8
[ sql ] [ SQL ] SHOW COLUMNS FROM `shop_shipping` [ RunTime:0.010001s ]
[ sql ] [ SQL ] SELECT * FROM `shop_shipping` ORDER BY `is_sys` DESC,`sort_order` DESC [ RunTime:0.001000s ]
---------------------------------------------------------------
[ 2019-03-25T09:32:20+08:00 ] 127.0.0.1 GET www.moduleshop.top/admin.php/shop/sys_admin.shipping/info/shipping_id/7.html?ishtml=1&_=1553477540558
[运行时间：0.100006s] [吞吐率：10.00req/s] [内存消耗：2,743.74kb] [文件加载：90]
[ info ] [ LANG ] D:\phpStudy\WWW\mainshop\thinkphp\lang\zh-cn.php
[ info ] [ LANG ] D:\phpStudy\WWW\mainshop\application\lang\zh-cn.php
[ info ] [ ROUTE ] array (
)
[ info ] [ HEADER ] array (
  'cookie' => 'PHPSESSID=cdpf6ircg68m1217sbf90fkfj5',
  'accept-language' => 'zh-CN,zh;q=0.9,en;q=0.8,und;q=0.7',
  'accept-encoding' => 'gzip, deflate',
  'referer' => 'http://www.moduleshop.top/admin.php/shop/sys_admin.shipping/index.html',
  'user-agent' => 'Mozilla/5.0 (Windows NT 6.1; Win64; x64) AppleWebKit/537.36 (KHTML, like Gecko) Chrome/67.0.3396.99 Safari/537.36',
  'x-requested-with' => 'XMLHttpRequest',
  'accept' => 'text/html, */*; q=0.01',
  'connection' => 'close',
  'host' => 'www.moduleshop.top',
)
[ info ] [ PARAM ] array (
  'ishtml' => '1',
  '_' => '1553477540558',
  'shipping_id' => '7',
)
[ info ] [ DB ] INIT mysql
[ info ] [ VIEW ] D:\phpStudy\WWW\mainshop\application\shop\view\sys_admin\shipping\info.html [ array (
  0 => 'menus',
  1 => 'top_menus',
  2 => '_module',
  3 => 'admin',
  4 => 'menus_group',
  5 => 'row',
) ]
[ sql ] [ DB ] CONNECT:[ UseTime:0.011001s ] mysql:host=127.0.0.1;dbname=main_obj_db;charset=utf8
[ sql ] [ SQL ] SHOW COLUMNS FROM `shop_shipping` [ RunTime:0.011000s ]
[ sql ] [ SQL ] SELECT * FROM `shop_shipping` WHERE  `shipping_id` = 7 LIMIT 1 [ RunTime:0.002000s ]
[ error ] [8]未定义数组索引: customer_name[D:\phpStudy\WWW\mainshop\runtime\temp\49e053a42211b7a8885886e0e10e42de.php:24]
[ error ] [8]未定义数组索引: customer_pwd[D:\phpStudy\WWW\mainshop\runtime\temp\49e053a42211b7a8885886e0e10e42de.php:28]
---------------------------------------------------------------
[ 2019-03-25T09:32:21+08:00 ] 127.0.0.1 GET www.moduleshop.top/admin.php/shop/sys_admin.shipping/index.html
[运行时间：0.063003s] [吞吐率：15.87req/s] [内存消耗：2,684.72kb] [文件加载：87]
[ info ] [ LANG ] D:\phpStudy\WWW\mainshop\thinkphp\lang\zh-cn.php
[ info ] [ LANG ] D:\phpStudy\WWW\mainshop\application\lang\zh-cn.php
[ info ] [ ROUTE ] array (
)
[ info ] [ HEADER ] array (
  'cookie' => 'PHPSESSID=cdpf6ircg68m1217sbf90fkfj5',
  'accept-language' => 'zh-CN,zh;q=0.9,en;q=0.8,und;q=0.7',
  'accept-encoding' => 'gzip, deflate',
  'referer' => 'http://www.moduleshop.top/admin.php/shop/sys_admin.shipping/index.html',
  'accept' => 'text/html,application/xhtml+xml,application/xml;q=0.9,image/webp,image/apng,*/*;q=0.8',
  'user-agent' => 'Mozilla/5.0 (Windows NT 6.1; Win64; x64) AppleWebKit/537.36 (KHTML, like Gecko) Chrome/67.0.3396.99 Safari/537.36',
  'upgrade-insecure-requests' => '1',
  'cache-control' => 'max-age=0',
  'connection' => 'close',
  'host' => 'www.moduleshop.top',
)
[ info ] [ PARAM ] array (
)
[ info ] [ DB ] INIT mysql
[ info ] [ VIEW ] D:\phpStudy\WWW\mainshop\application\shop\view\sys_admin\shipping\index.html [ array (
  0 => 'menus',
  1 => 'top_menus',
  2 => '_module',
  3 => 'admin',
  4 => 'menus_group',
  5 => 'list',
) ]
[ sql ] [ DB ] CONNECT:[ UseTime:0.001000s ] mysql:host=127.0.0.1;dbname=main_obj_db;charset=utf8
[ sql ] [ SQL ] SHOW COLUMNS FROM `shop_shipping` [ RunTime:0.008001s ]
[ sql ] [ SQL ] SELECT * FROM `shop_shipping` ORDER BY `is_sys` DESC,`sort_order` DESC [ RunTime:0.000000s ]
